#
# There is insufficient memory for the Java Runtime Environment to continue.
# Native memory allocation (malloc) failed to allocate 1656176 bytes for Chunk::new
# Possible reasons:
#   The system is out of physical RAM or swap space
#   The process is running with CompressedOops enabled, and the Java Heap may be blocking the growth of the native heap
# Possible solutions:
#   Reduce memory load on the system
#   Increase physical memory or swap space
#   Check if swap backing store is full
#   Decrease Java heap size (-Xmx/-Xms)
#   Decrease number of Java threads
#   Decrease Java thread stack sizes (-Xss)
#   Set larger code cache with -XX:ReservedCodeCacheSize=
#   JVM is running with Unscaled Compressed Oops mode in which the Java heap is
#     placed in the first 4GB address space. The Java Heap base address is the
#     maximum limit for the native heap growth. Please use -XX:HeapBaseMinAddress
#     to set the Java Heap base and to place the Java Heap above 4GB virtual address.
# This output file may be truncated or incomplete.
#
#  Out of Memory Error (arena.cpp:168), pid=139120, tid=135684
#
# JRE version: Java(TM) SE Runtime Environment (21.0.5+9) (build 21.0.5+9-LTS-239)
# Java VM: Java HotSpot(TM) 64-Bit Server VM (21.0.5+9-LTS-239, mixed mode, sharing, tiered, compressed oops, compressed class ptrs, g1 gc, windows-amd64)
# No core dump will be written. Minidumps are not enabled by default on client versions of Windows
#

---------------  S U M M A R Y ------------

Command Line: --module-path=C:\Users\edy14\.m2\repository\org\openjfx\javafx-base\23.0.2\javafx-base-23.0.2-win.jar;C:\Users\edy14\.m2\repository\org\openjfx\javafx-base\23.0.2\javafx-base-23.0.2.jar;C:\Users\edy14\.m2\repository\org\openjfx\javafx-controls\23.0.2\javafx-controls-23.0.2-win.jar;C:\Users\edy14\.m2\repository\org\openjfx\javafx-controls\23.0.2\javafx-controls-23.0.2.jar;C:\Users\edy14\.m2\repository\org\openjfx\javafx-fxml\23.0.2\javafx-fxml-23.0.2-win.jar;C:\Users\edy14\.m2\repository\org\openjfx\javafx-fxml\23.0.2\javafx-fxml-23.0.2.jar;C:\Users\edy14\.m2\repository\org\openjfx\javafx-graphics\23.0.2\javafx-graphics-23.0.2-win.jar;C:\Users\edy14\.m2\repository\org\openjfx\javafx-graphics\23.0.2\javafx-graphics-23.0.2.jar --add-modules=javafx.base,javafx.controls,javafx.fxml,javafx.graphics org.kevinramirez.system.Main

Host: AMD Ryzen 5 7520U with Radeon Graphics         , 8 cores, 5G,  Windows 11 , 64 bit Build 26100 (10.0.26100.4484)
Time: Thu Jul 17 04:53:54 2025 Hora estándar, América Central elapsed time: 10.248052 seconds (0d 0h 0m 10s)

---------------  T H R E A D  ---------------

Current thread (0x000001cc99580860):  JavaThread "C2 CompilerThread0" daemon [_thread_in_native, id=135684, stack(0x00000044e6e00000,0x00000044e6f00000) (1024K)]


Current CompileTask:
C2:  10248 1963       4       java.util.Locale::forLanguageTag (74 bytes)

Stack: [0x00000044e6e00000,0x00000044e6f00000]
Native frames: (J=compiled Java code, j=interpreted, Vv=VM code, C=native code)
V  [jvm.dll+0x6ca289]
V  [jvm.dll+0x854a51]
V  [jvm.dll+0x856f7e]
V  [jvm.dll+0x857653]
V  [jvm.dll+0x27dd26]
V  [jvm.dll+0xc4c2d]
V  [jvm.dll+0xc5163]
V  [jvm.dll+0x3b4d3c]
V  [jvm.dll+0x3814b5]
V  [jvm.dll+0x38092a]
V  [jvm.dll+0x246910]
V  [jvm.dll+0x245eef]
V  [jvm.dll+0x1c6d0e]
V  [jvm.dll+0x2554d9]
V  [jvm.dll+0x253a6a]
V  [jvm.dll+0x3ee136]
V  [jvm.dll+0x7fee9b]
V  [jvm.dll+0x6c896d]
C  [ucrtbase.dll+0x37b0]
C  [KERNEL32.DLL+0x2e8d7]
C  [ntdll.dll+0x3c34c]


---------------  P R O C E S S  ---------------

Threads class SMR info:
_java_thread_list=0x000001cce8a2ab10, length=17, elements={
0x000001ccfb64f580, 0x000001cc99561b20, 0x000001cc99562770, 0x000001cc99567ad0,
0x000001cc9956bd30, 0x000001cc9956e940, 0x000001cc995716c0, 0x000001cc99580860,
0x000001cc99581160, 0x000001cc997d1ed0, 0x000001cc998f89e0, 0x000001cc99ab2770,
0x000001ccdf3c9d90, 0x000001ccdf3caed0, 0x000001cce84a5030, 0x000001cce84c66c0,
0x000001cce8a36f60
}

Java Threads: ( => current thread )
  0x000001ccfb64f580 JavaThread "main"                              [_thread_blocked, id=124880, stack(0x00000044e6000000,0x00000044e6100000) (1024K)]
  0x000001cc99561b20 JavaThread "Reference Handler"          daemon [_thread_blocked, id=138036, stack(0x00000044e6800000,0x00000044e6900000) (1024K)]
  0x000001cc99562770 JavaThread "Finalizer"                  daemon [_thread_blocked, id=139048, stack(0x00000044e6900000,0x00000044e6a00000) (1024K)]
  0x000001cc99567ad0 JavaThread "Signal Dispatcher"          daemon [_thread_blocked, id=139228, stack(0x00000044e6a00000,0x00000044e6b00000) (1024K)]
  0x000001cc9956bd30 JavaThread "Attach Listener"            daemon [_thread_blocked, id=129252, stack(0x00000044e6b00000,0x00000044e6c00000) (1024K)]
  0x000001cc9956e940 JavaThread "Service Thread"             daemon [_thread_blocked, id=133044, stack(0x00000044e6c00000,0x00000044e6d00000) (1024K)]
  0x000001cc995716c0 JavaThread "Monitor Deflation Thread"   daemon [_thread_blocked, id=119576, stack(0x00000044e6d00000,0x00000044e6e00000) (1024K)]
=>0x000001cc99580860 JavaThread "C2 CompilerThread0"         daemon [_thread_in_native, id=135684, stack(0x00000044e6e00000,0x00000044e6f00000) (1024K)]
  0x000001cc99581160 JavaThread "C1 CompilerThread0"         daemon [_thread_blocked, id=134152, stack(0x00000044e6f00000,0x00000044e7000000) (1024K)]
  0x000001cc997d1ed0 JavaThread "Common-Cleaner"             daemon [_thread_blocked, id=110392, stack(0x00000044e7000000,0x00000044e7100000) (1024K)]
  0x000001cc998f89e0 JavaThread "Notification Thread"        daemon [_thread_blocked, id=136936, stack(0x00000044e7100000,0x00000044e7200000) (1024K)]
  0x000001cc99ab2770 JavaThread "QuantumRenderer-0"          daemon [_thread_blocked, id=137168, stack(0x00000044e7200000,0x00000044e7300000) (1024K)]
  0x000001ccdf3c9d90 JavaThread "InvokeLaterDispatcher"      daemon [_thread_blocked, id=137024, stack(0x00000044e7300000,0x00000044e7400000) (1024K)]
  0x000001ccdf3caed0 JavaThread "JavaFX Application Thread"         [_thread_in_Java, id=137228, stack(0x00000044e7400000,0x00000044e7500000) (1024K)]
  0x000001cce84a5030 JavaThread "JavaFX-Launcher"                   [_thread_blocked, id=134196, stack(0x00000044e7e00000,0x00000044e7f00000) (1024K)]
  0x000001cce84c66c0 JavaThread "Thread-2"                   daemon [_thread_in_native, id=136240, stack(0x00000044e7d00000,0x00000044e7e00000) (1024K)]
  0x000001cce8a36f60 JavaThread "Abandoned connection cleanup thread" daemon [_thread_blocked, id=121832, stack(0x00000044e8500000,0x00000044e8600000) (1024K)]
Total: 17

Other Threads:
  0x000001cc99546a10 VMThread "VM Thread"                           [id=98528, stack(0x00000044e6700000,0x00000044e6800000) (1024K)]
  0x000001cc99538050 WatcherThread "VM Periodic Task Thread"        [id=44192, stack(0x00000044e6600000,0x00000044e6700000) (1024K)]
  0x000001ccfb68aae0 WorkerThread "GC Thread#0"                     [id=137508, stack(0x00000044e6100000,0x00000044e6200000) (1024K)]
  0x000001ccdf4d23f0 WorkerThread "GC Thread#1"                     [id=123588, stack(0x00000044e7f00000,0x00000044e8000000) (1024K)]
  0x000001ccdf4d1cb0 WorkerThread "GC Thread#2"                     [id=116452, stack(0x00000044e8000000,0x00000044e8100000) (1024K)]
  0x000001ccdf4cffb0 WorkerThread "GC Thread#3"                     [id=125112, stack(0x00000044e8100000,0x00000044e8200000) (1024K)]
  0x000001ccdf4d1570 WorkerThread "GC Thread#4"                     [id=96500, stack(0x00000044e8200000,0x00000044e8300000) (1024K)]
  0x000001ccdf4d2b30 WorkerThread "GC Thread#5"                     [id=135524, stack(0x00000044e8300000,0x00000044e8400000) (1024K)]
  0x000001ccdf4d0e30 WorkerThread "GC Thread#6"                     [id=133676, stack(0x00000044e8600000,0x00000044e8700000) (1024K)]
  0x000001ccdf4d2050 WorkerThread "GC Thread#7"                     [id=112384, stack(0x00000044e8700000,0x00000044e8800000) (1024K)]
  0x000001ccfb698100 ConcurrentGCThread "G1 Main Marker"            [id=114116, stack(0x00000044e6200000,0x00000044e6300000) (1024K)]
  0x000001ccfb6993a0 WorkerThread "G1 Conc#0"                       [id=132120, stack(0x00000044e6300000,0x00000044e6400000) (1024K)]
  0x000001ccfb70e730 ConcurrentGCThread "G1 Refine#0"               [id=137440, stack(0x00000044e6400000,0x00000044e6500000) (1024K)]
  0x000001cc9940aa90 ConcurrentGCThread "G1 Service"                [id=129308, stack(0x00000044e6500000,0x00000044e6600000) (1024K)]
Total: 14

Threads with active compile tasks:
C2 CompilerThread0    10374 1963       4       java.util.Locale::forLanguageTag (74 bytes)
C1 CompilerThread0    10374 2077       3       java.lang.invoke.MethodHandle::bindTo (19 bytes)
Total: 2

VM state: not at safepoint (normal execution)

VM Mutex/Monitor currently owned by a thread: None

Heap address: 0x00000000a4200000, size: 1470 MB, Compressed Oops mode: 32-bit

CDS archive(s) mapped at: [0x000001cc9a000000-0x000001cc9ac90000-0x000001cc9ac90000), size 13172736, SharedBaseAddress: 0x000001cc9a000000, ArchiveRelocationMode: 1.
Compressed class space mapped at: 0x000001cc9b000000-0x000001ccdb000000, reserved size: 1073741824
Narrow klass base: 0x000001cc9a000000, Narrow klass shift: 0, Narrow klass range: 0x100000000

GC Precious Log:
 CardTable entry size: 512
 Card Set container configuration: InlinePtr #cards 5 size 8 Array Of Cards #cards 12 size 40 Howl #buckets 4 coarsen threshold 1843 Howl Bitmap #cards 512 size 80 coarsen threshold 460 Card regions per heap region 1 cards per card region 2048
 CPUs: 8 total, 8 available
 Memory: 5877M
 Large Page Support: Disabled
 NUMA Support: Disabled
 Compressed Oops: Enabled (32-bit)
 Heap Region Size: 1M
 Heap Min Capacity: 8M
 Heap Initial Capacity: 92M
 Heap Max Capacity: 1470M
 Pre-touch: Disabled
 Parallel Workers: 8
 Concurrent Workers: 2
 Concurrent Refinement Workers: 8
 Periodic GC: Disabled

Heap:
 garbage-first heap   total 94208K, used 14368K [0x00000000a4200000, 0x0000000100000000)
  region size 1024K, 13 young (13312K), 5 survivors (5120K)
 Metaspace       used 13756K, committed 14144K, reserved 1114112K
  class space    used 1686K, committed 1856K, reserved 1048576K

Heap Regions: E=young(eden), S=young(survivor), O=old, HS=humongous(starts), HC=humongous(continues), CS=collection set, F=free, TAMS=top-at-mark-start, PB=parsable bottom
|   0|0x00000000a4200000, 0x00000000a4300000, 0x00000000a4300000|100%| O|  |TAMS 0x00000000a4200000| PB 0x00000000a4200000| Untracked 
|   1|0x00000000a4300000, 0x00000000a4400000, 0x00000000a4400000|100%| O|  |TAMS 0x00000000a4300000| PB 0x00000000a4300000| Untracked 
|   2|0x00000000a4400000, 0x00000000a4408100, 0x00000000a4500000|  3%| O|  |TAMS 0x00000000a4400000| PB 0x00000000a4400000| Untracked 
|   3|0x00000000a4500000, 0x00000000a4500000, 0x00000000a4600000|  0%| F|  |TAMS 0x00000000a4500000| PB 0x00000000a4500000| Untracked 
|   4|0x00000000a4600000, 0x00000000a4600000, 0x00000000a4700000|  0%| F|  |TAMS 0x00000000a4600000| PB 0x00000000a4600000| Untracked 
|   5|0x00000000a4700000, 0x00000000a4700000, 0x00000000a4800000|  0%| F|  |TAMS 0x00000000a4700000| PB 0x00000000a4700000| Untracked 
|   6|0x00000000a4800000, 0x00000000a4800000, 0x00000000a4900000|  0%| F|  |TAMS 0x00000000a4800000| PB 0x00000000a4800000| Untracked 
|   7|0x00000000a4900000, 0x00000000a4900000, 0x00000000a4a00000|  0%| F|  |TAMS 0x00000000a4900000| PB 0x00000000a4900000| Untracked 
|   8|0x00000000a4a00000, 0x00000000a4a00000, 0x00000000a4b00000|  0%| F|  |TAMS 0x00000000a4a00000| PB 0x00000000a4a00000| Untracked 
|   9|0x00000000a4b00000, 0x00000000a4b00000, 0x00000000a4c00000|  0%| F|  |TAMS 0x00000000a4b00000| PB 0x00000000a4b00000| Untracked 
|  10|0x00000000a4c00000, 0x00000000a4c00000, 0x00000000a4d00000|  0%| F|  |TAMS 0x00000000a4c00000| PB 0x00000000a4c00000| Untracked 
|  11|0x00000000a4d00000, 0x00000000a4d00000, 0x00000000a4e00000|  0%| F|  |TAMS 0x00000000a4d00000| PB 0x00000000a4d00000| Untracked 
|  12|0x00000000a4e00000, 0x00000000a4e00000, 0x00000000a4f00000|  0%| F|  |TAMS 0x00000000a4e00000| PB 0x00000000a4e00000| Untracked 
|  13|0x00000000a4f00000, 0x00000000a4f00000, 0x00000000a5000000|  0%| F|  |TAMS 0x00000000a4f00000| PB 0x00000000a4f00000| Untracked 
|  14|0x00000000a5000000, 0x00000000a5000000, 0x00000000a5100000|  0%| F|  |TAMS 0x00000000a5000000| PB 0x00000000a5000000| Untracked 
|  15|0x00000000a5100000, 0x00000000a5100000, 0x00000000a5200000|  0%| F|  |TAMS 0x00000000a5100000| PB 0x00000000a5100000| Untracked 
|  16|0x00000000a5200000, 0x00000000a5200000, 0x00000000a5300000|  0%| F|  |TAMS 0x00000000a5200000| PB 0x00000000a5200000| Untracked 
|  17|0x00000000a5300000, 0x00000000a5300000, 0x00000000a5400000|  0%| F|  |TAMS 0x00000000a5300000| PB 0x00000000a5300000| Untracked 
|  18|0x00000000a5400000, 0x00000000a5400000, 0x00000000a5500000|  0%| F|  |TAMS 0x00000000a5400000| PB 0x00000000a5400000| Untracked 
|  19|0x00000000a5500000, 0x00000000a5500000, 0x00000000a5600000|  0%| F|  |TAMS 0x00000000a5500000| PB 0x00000000a5500000| Untracked 
|  20|0x00000000a5600000, 0x00000000a5600000, 0x00000000a5700000|  0%| F|  |TAMS 0x00000000a5600000| PB 0x00000000a5600000| Untracked 
|  21|0x00000000a5700000, 0x00000000a5700000, 0x00000000a5800000|  0%| F|  |TAMS 0x00000000a5700000| PB 0x00000000a5700000| Untracked 
|  22|0x00000000a5800000, 0x00000000a5800000, 0x00000000a5900000|  0%| F|  |TAMS 0x00000000a5800000| PB 0x00000000a5800000| Untracked 
|  23|0x00000000a5900000, 0x00000000a5900000, 0x00000000a5a00000|  0%| F|  |TAMS 0x00000000a5900000| PB 0x00000000a5900000| Untracked 
|  24|0x00000000a5a00000, 0x00000000a5a00000, 0x00000000a5b00000|  0%| F|  |TAMS 0x00000000a5a00000| PB 0x00000000a5a00000| Untracked 
|  25|0x00000000a5b00000, 0x00000000a5b00000, 0x00000000a5c00000|  0%| F|  |TAMS 0x00000000a5b00000| PB 0x00000000a5b00000| Untracked 
|  26|0x00000000a5c00000, 0x00000000a5c00000, 0x00000000a5d00000|  0%| F|  |TAMS 0x00000000a5c00000| PB 0x00000000a5c00000| Untracked 
|  27|0x00000000a5d00000, 0x00000000a5d00000, 0x00000000a5e00000|  0%| F|  |TAMS 0x00000000a5d00000| PB 0x00000000a5d00000| Untracked 
|  28|0x00000000a5e00000, 0x00000000a5e00000, 0x00000000a5f00000|  0%| F|  |TAMS 0x00000000a5e00000| PB 0x00000000a5e00000| Untracked 
|  29|0x00000000a5f00000, 0x00000000a5f00000, 0x00000000a6000000|  0%| F|  |TAMS 0x00000000a5f00000| PB 0x00000000a5f00000| Untracked 
|  30|0x00000000a6000000, 0x00000000a6000000, 0x00000000a6100000|  0%| F|  |TAMS 0x00000000a6000000| PB 0x00000000a6000000| Untracked 
|  31|0x00000000a6100000, 0x00000000a6100000, 0x00000000a6200000|  0%| F|  |TAMS 0x00000000a6100000| PB 0x00000000a6100000| Untracked 
|  32|0x00000000a6200000, 0x00000000a6200000, 0x00000000a6300000|  0%| F|  |TAMS 0x00000000a6200000| PB 0x00000000a6200000| Untracked 
|  33|0x00000000a6300000, 0x00000000a6300000, 0x00000000a6400000|  0%| F|  |TAMS 0x00000000a6300000| PB 0x00000000a6300000| Untracked 
|  34|0x00000000a6400000, 0x00000000a6400000, 0x00000000a6500000|  0%| F|  |TAMS 0x00000000a6400000| PB 0x00000000a6400000| Untracked 
|  35|0x00000000a6500000, 0x00000000a6500000, 0x00000000a6600000|  0%| F|  |TAMS 0x00000000a6500000| PB 0x00000000a6500000| Untracked 
|  36|0x00000000a6600000, 0x00000000a6600000, 0x00000000a6700000|  0%| F|  |TAMS 0x00000000a6600000| PB 0x00000000a6600000| Untracked 
|  37|0x00000000a6700000, 0x00000000a6700000, 0x00000000a6800000|  0%| F|  |TAMS 0x00000000a6700000| PB 0x00000000a6700000| Untracked 
|  38|0x00000000a6800000, 0x00000000a6800000, 0x00000000a6900000|  0%| F|  |TAMS 0x00000000a6800000| PB 0x00000000a6800000| Untracked 
|  39|0x00000000a6900000, 0x00000000a6900000, 0x00000000a6a00000|  0%| F|  |TAMS 0x00000000a6900000| PB 0x00000000a6900000| Untracked 
|  40|0x00000000a6a00000, 0x00000000a6a00000, 0x00000000a6b00000|  0%| F|  |TAMS 0x00000000a6a00000| PB 0x00000000a6a00000| Untracked 
|  41|0x00000000a6b00000, 0x00000000a6b00000, 0x00000000a6c00000|  0%| F|  |TAMS 0x00000000a6b00000| PB 0x00000000a6b00000| Untracked 
|  42|0x00000000a6c00000, 0x00000000a6c00000, 0x00000000a6d00000|  0%| F|  |TAMS 0x00000000a6c00000| PB 0x00000000a6c00000| Untracked 
|  43|0x00000000a6d00000, 0x00000000a6d00000, 0x00000000a6e00000|  0%| F|  |TAMS 0x00000000a6d00000| PB 0x00000000a6d00000| Untracked 
|  44|0x00000000a6e00000, 0x00000000a6e00000, 0x00000000a6f00000|  0%| F|  |TAMS 0x00000000a6e00000| PB 0x00000000a6e00000| Untracked 
|  45|0x00000000a6f00000, 0x00000000a6f00000, 0x00000000a7000000|  0%| F|  |TAMS 0x00000000a6f00000| PB 0x00000000a6f00000| Untracked 
|  46|0x00000000a7000000, 0x00000000a7000000, 0x00000000a7100000|  0%| F|  |TAMS 0x00000000a7000000| PB 0x00000000a7000000| Untracked 
|  47|0x00000000a7100000, 0x00000000a7100000, 0x00000000a7200000|  0%| F|  |TAMS 0x00000000a7100000| PB 0x00000000a7100000| Untracked 
|  48|0x00000000a7200000, 0x00000000a7200000, 0x00000000a7300000|  0%| F|  |TAMS 0x00000000a7200000| PB 0x00000000a7200000| Untracked 
|  49|0x00000000a7300000, 0x00000000a7300000, 0x00000000a7400000|  0%| F|  |TAMS 0x00000000a7300000| PB 0x00000000a7300000| Untracked 
|  50|0x00000000a7400000, 0x00000000a7500000, 0x00000000a7500000|100%| S|CS|TAMS 0x00000000a7400000| PB 0x00000000a7400000| Complete 
|  51|0x00000000a7500000, 0x00000000a7600000, 0x00000000a7600000|100%| S|CS|TAMS 0x00000000a7500000| PB 0x00000000a7500000| Complete 
|  52|0x00000000a7600000, 0x00000000a7700000, 0x00000000a7700000|100%| S|CS|TAMS 0x00000000a7600000| PB 0x00000000a7600000| Complete 
|  53|0x00000000a7700000, 0x00000000a7800000, 0x00000000a7800000|100%| S|CS|TAMS 0x00000000a7700000| PB 0x00000000a7700000| Complete 
|  54|0x00000000a7800000, 0x00000000a7900000, 0x00000000a7900000|100%| S|CS|TAMS 0x00000000a7800000| PB 0x00000000a7800000| Complete 
|  55|0x00000000a7900000, 0x00000000a7900000, 0x00000000a7a00000|  0%| F|  |TAMS 0x00000000a7900000| PB 0x00000000a7900000| Untracked 
|  56|0x00000000a7a00000, 0x00000000a7a00000, 0x00000000a7b00000|  0%| F|  |TAMS 0x00000000a7a00000| PB 0x00000000a7a00000| Untracked 
|  57|0x00000000a7b00000, 0x00000000a7b00000, 0x00000000a7c00000|  0%| F|  |TAMS 0x00000000a7b00000| PB 0x00000000a7b00000| Untracked 
|  58|0x00000000a7c00000, 0x00000000a7c00000, 0x00000000a7d00000|  0%| F|  |TAMS 0x00000000a7c00000| PB 0x00000000a7c00000| Untracked 
|  59|0x00000000a7d00000, 0x00000000a7d00000, 0x00000000a7e00000|  0%| F|  |TAMS 0x00000000a7d00000| PB 0x00000000a7d00000| Untracked 
|  60|0x00000000a7e00000, 0x00000000a7e00000, 0x00000000a7f00000|  0%| F|  |TAMS 0x00000000a7e00000| PB 0x00000000a7e00000| Untracked 
|  61|0x00000000a7f00000, 0x00000000a7f00000, 0x00000000a8000000|  0%| F|  |TAMS 0x00000000a7f00000| PB 0x00000000a7f00000| Untracked 
|  62|0x00000000a8000000, 0x00000000a8000000, 0x00000000a8100000|  0%| F|  |TAMS 0x00000000a8000000| PB 0x00000000a8000000| Untracked 
|  63|0x00000000a8100000, 0x00000000a8100000, 0x00000000a8200000|  0%| F|  |TAMS 0x00000000a8100000| PB 0x00000000a8100000| Untracked 
|  64|0x00000000a8200000, 0x00000000a8200000, 0x00000000a8300000|  0%| F|  |TAMS 0x00000000a8200000| PB 0x00000000a8200000| Untracked 
|  65|0x00000000a8300000, 0x00000000a8300000, 0x00000000a8400000|  0%| F|  |TAMS 0x00000000a8300000| PB 0x00000000a8300000| Untracked 
|  66|0x00000000a8400000, 0x00000000a8400000, 0x00000000a8500000|  0%| F|  |TAMS 0x00000000a8400000| PB 0x00000000a8400000| Untracked 
|  67|0x00000000a8500000, 0x00000000a8500000, 0x00000000a8600000|  0%| F|  |TAMS 0x00000000a8500000| PB 0x00000000a8500000| Untracked 
|  68|0x00000000a8600000, 0x00000000a8600000, 0x00000000a8700000|  0%| F|  |TAMS 0x00000000a8600000| PB 0x00000000a8600000| Untracked 
|  69|0x00000000a8700000, 0x00000000a8700000, 0x00000000a8800000|  0%| F|  |TAMS 0x00000000a8700000| PB 0x00000000a8700000| Untracked 
|  70|0x00000000a8800000, 0x00000000a8800000, 0x00000000a8900000|  0%| F|  |TAMS 0x00000000a8800000| PB 0x00000000a8800000| Untracked 
|  71|0x00000000a8900000, 0x00000000a8900000, 0x00000000a8a00000|  0%| F|  |TAMS 0x00000000a8900000| PB 0x00000000a8900000| Untracked 
|  72|0x00000000a8a00000, 0x00000000a8a00000, 0x00000000a8b00000|  0%| F|  |TAMS 0x00000000a8a00000| PB 0x00000000a8a00000| Untracked 
|  73|0x00000000a8b00000, 0x00000000a8b00000, 0x00000000a8c00000|  0%| F|  |TAMS 0x00000000a8b00000| PB 0x00000000a8b00000| Untracked 
|  74|0x00000000a8c00000, 0x00000000a8c00000, 0x00000000a8d00000|  0%| F|  |TAMS 0x00000000a8c00000| PB 0x00000000a8c00000| Untracked 
|  75|0x00000000a8d00000, 0x00000000a8d00000, 0x00000000a8e00000|  0%| F|  |TAMS 0x00000000a8d00000| PB 0x00000000a8d00000| Untracked 
|  76|0x00000000a8e00000, 0x00000000a8e00000, 0x00000000a8f00000|  0%| F|  |TAMS 0x00000000a8e00000| PB 0x00000000a8e00000| Untracked 
|  77|0x00000000a8f00000, 0x00000000a8f00000, 0x00000000a9000000|  0%| F|  |TAMS 0x00000000a8f00000| PB 0x00000000a8f00000| Untracked 
|  78|0x00000000a9000000, 0x00000000a9000000, 0x00000000a9100000|  0%| F|  |TAMS 0x00000000a9000000| PB 0x00000000a9000000| Untracked 
|  79|0x00000000a9100000, 0x00000000a9100000, 0x00000000a9200000|  0%| F|  |TAMS 0x00000000a9100000| PB 0x00000000a9100000| Untracked 
|  80|0x00000000a9200000, 0x00000000a9200000, 0x00000000a9300000|  0%| F|  |TAMS 0x00000000a9200000| PB 0x00000000a9200000| Untracked 
|  81|0x00000000a9300000, 0x00000000a9300000, 0x00000000a9400000|  0%| F|  |TAMS 0x00000000a9300000| PB 0x00000000a9300000| Untracked 
|  82|0x00000000a9400000, 0x00000000a9400000, 0x00000000a9500000|  0%| F|  |TAMS 0x00000000a9400000| PB 0x00000000a9400000| Untracked 
|  83|0x00000000a9500000, 0x00000000a9500000, 0x00000000a9600000|  0%| F|  |TAMS 0x00000000a9500000| PB 0x00000000a9500000| Untracked 
|  84|0x00000000a9600000, 0x00000000a96b6958, 0x00000000a9700000| 71%| E|  |TAMS 0x00000000a9600000| PB 0x00000000a9600000| Complete 
|  85|0x00000000a9700000, 0x00000000a9800000, 0x00000000a9800000|100%| E|CS|TAMS 0x00000000a9700000| PB 0x00000000a9700000| Complete 
|  86|0x00000000a9800000, 0x00000000a9900000, 0x00000000a9900000|100%| E|CS|TAMS 0x00000000a9800000| PB 0x00000000a9800000| Complete 
|  87|0x00000000a9900000, 0x00000000a9a00000, 0x00000000a9a00000|100%| E|CS|TAMS 0x00000000a9900000| PB 0x00000000a9900000| Complete 
|  88|0x00000000a9a00000, 0x00000000a9b00000, 0x00000000a9b00000|100%| E|CS|TAMS 0x00000000a9a00000| PB 0x00000000a9a00000| Complete 
|  89|0x00000000a9b00000, 0x00000000a9c00000, 0x00000000a9c00000|100%| E|CS|TAMS 0x00000000a9b00000| PB 0x00000000a9b00000| Complete 
|  90|0x00000000a9c00000, 0x00000000a9d00000, 0x00000000a9d00000|100%| E|CS|TAMS 0x00000000a9c00000| PB 0x00000000a9c00000| Complete 
|  91|0x00000000a9d00000, 0x00000000a9e00000, 0x00000000a9e00000|100%| E|CS|TAMS 0x00000000a9d00000| PB 0x00000000a9d00000| Complete 

Card table byte_map: [0x000001ccfdc60000,0x000001ccfdf40000] _byte_map_base: 0x000001ccfd73f000

Marking Bits: (CMBitMap*) 0x000001ccfb68b1e0
 Bits: [0x000001ccfdf40000, 0x000001ccff638000)

Polling page: 0x000001ccfb420000

Metaspace:

Usage:
  Non-class:     11.86 MB used.
      Class:      1.66 MB used.
       Both:     13.52 MB used.

Virtual space:
  Non-class space:       64.00 MB reserved,      12.06 MB ( 19%) committed,  1 nodes.
      Class space:        1.00 GB reserved,       1.81 MB ( <1%) committed,  1 nodes.
             Both:        1.06 GB reserved,      13.88 MB (  1%) committed. 

Chunk freelists:
   Non-Class:  4.00 MB
       Class:  14.17 MB
        Both:  18.17 MB

MaxMetaspaceSize: unlimited
CompressedClassSpaceSize: 1.00 GB
Initial GC threshold: 21.00 MB
Current GC threshold: 21.00 MB
CDS: on
 - commit_granule_bytes: 65536.
 - commit_granule_words: 8192.
 - virtual_space_node_default_size: 8388608.
 - enlarge_chunks_in_place: 1.
 - use_allocation_guard: 0.


Internal statistics:

num_allocs_failed_limit: 0.
num_arena_births: 320.
num_arena_deaths: 0.
num_vsnodes_births: 2.
num_vsnodes_deaths: 0.
num_space_committed: 222.
num_space_uncommitted: 0.
num_chunks_returned_to_freelist: 0.
num_chunks_taken_from_freelist: 746.
num_chunk_merges: 0.
num_chunk_splits: 484.
num_chunks_enlarged: 323.
num_inconsistent_stats: 0.

CodeHeap 'non-profiled nmethods': size=120000Kb used=747Kb max_used=747Kb free=119252Kb
 bounds [0x000001cc8fe90000, 0x000001cc90100000, 0x000001cc973c0000]
CodeHeap 'profiled nmethods': size=120000Kb used=3935Kb max_used=3935Kb free=116064Kb
 bounds [0x000001cc883c0000, 0x000001cc887a0000, 0x000001cc8f8f0000]
CodeHeap 'non-nmethods': size=5760Kb used=1585Kb max_used=1585Kb free=4175Kb
 bounds [0x000001cc8f8f0000, 0x000001cc8fb60000, 0x000001cc8fe90000]
 total_blobs=2716 nmethods=2069 adapters=551
 compilation: enabled
              stopped_count=0, restarted_count=0
 full_count=0

Compilation events (20 events):
Event: 9.042 Thread 0x000001cc99581160 2026       3       java.lang.invoke.DirectMethodHandle$Accessor::checkCast (9 bytes)
Event: 9.042 Thread 0x000001cc99581160 nmethod 2026 0x000001cc8877f190 code [0x000001cc8877f360, 0x000001cc8877f670]
Event: 9.042 Thread 0x000001cc99581160 2027       3       java.lang.reflect.Field::get (39 bytes)
Event: 9.043 Thread 0x000001cc99581160 nmethod 2027 0x000001cc8877f790 code [0x000001cc8877f9a0, 0x000001cc8877ff00]
Event: 9.043 Thread 0x000001cc99581160 2028       3       java.lang.reflect.Field::checkAccess (32 bytes)
Event: 9.043 Thread 0x000001cc99581160 nmethod 2028 0x000001cc88780090 code [0x000001cc88780240, 0x000001cc887804c8]
Event: 9.043 Thread 0x000001cc99581160 2029       3       java.lang.reflect.Field::getFieldAccessor (18 bytes)
Event: 9.044 Thread 0x000001cc99581160 nmethod 2029 0x000001cc88780610 code [0x000001cc887807c0, 0x000001cc88780950]
Event: 9.050 Thread 0x000001cc99581160 2030       1       java.util.jar.Attributes$Name::hashCode (5 bytes)
Event: 9.050 Thread 0x000001cc99581160 nmethod 2030 0x000001cc8ff48c90 code [0x000001cc8ff48e20, 0x000001cc8ff48ee8]
Event: 9.069 Thread 0x000001cc99581160 2031       3       java.util.LinkedHashMap::get (29 bytes)
Event: 9.070 Thread 0x000001cc99581160 nmethod 2031 0x000001cc88780a10 code [0x000001cc88780be0, 0x000001cc88780ea0]
Event: 9.075 Thread 0x000001cc99581160 2032       3       java.lang.String::equalsIgnoreCase (45 bytes)
Event: 9.075 Thread 0x000001cc99581160 nmethod 2032 0x000001cc88780f90 code [0x000001cc88781180, 0x000001cc887816c8]
Event: 9.082 Thread 0x000001cc99581160 2033       3       java.lang.invoke.DirectMethodHandle$Constructor::viewAsType (49 bytes)
Event: 9.082 Thread 0x000001cc99581160 nmethod 2033 0x000001cc88781890 code [0x000001cc88781a40, 0x000001cc88781c18]
Event: 9.107 Thread 0x000001cc99581160 2034       3       java.lang.Class::getReflectionFactory (28 bytes)
Event: 9.107 Thread 0x000001cc99581160 nmethod 2034 0x000001cc88781d10 code [0x000001cc88781f40, 0x000001cc887825f8]
Event: 9.109 Thread 0x000001cc99581160 2035       3       java.lang.System::getProperty (25 bytes)
Event: 9.110 Thread 0x000001cc99581160 nmethod 2035 0x000001cc88782890 code [0x000001cc88782aa0, 0x000001cc88783098]

GC Heap History (4 events):
Event: 1.349 GC heap before
{Heap before GC invocations=0 (full 0):
 garbage-first heap   total 94208K, used 22528K [0x00000000a4200000, 0x0000000100000000)
  region size 1024K, 23 young (23552K), 0 survivors (0K)
 Metaspace       used 4125K, committed 4288K, reserved 1114112K
  class space    used 458K, committed 512K, reserved 1048576K
}
Event: 1.357 GC heap after
{Heap after GC invocations=1 (full 0):
 garbage-first heap   total 94208K, used 3002K [0x00000000a4200000, 0x0000000100000000)
  region size 1024K, 3 young (3072K), 3 survivors (3072K)
 Metaspace       used 4125K, committed 4288K, reserved 1114112K
  class space    used 458K, committed 512K, reserved 1048576K
}
Event: 4.894 GC heap before
{Heap before GC invocations=1 (full 0):
 garbage-first heap   total 94208K, used 36794K [0x00000000a4200000, 0x0000000100000000)
  region size 1024K, 37 young (37888K), 3 survivors (3072K)
 Metaspace       used 10345K, committed 10688K, reserved 1114112K
  class space    used 1397K, committed 1536K, reserved 1048576K
}
Event: 4.900 GC heap after
{Heap after GC invocations=2 (full 0):
 garbage-first heap   total 94208K, used 7200K [0x00000000a4200000, 0x0000000100000000)
  region size 1024K, 5 young (5120K), 5 survivors (5120K)
 Metaspace       used 10345K, committed 10688K, reserved 1114112K
  class space    used 1397K, committed 1536K, reserved 1048576K
}

Dll operation events (20 events):
Event: 0.486 Loaded shared library C:\Users\edy14\.openjfx\cache\23.0.2+3\amd64\api-ms-win-crt-multibyte-l1-1-0.dll
Event: 0.493 Loaded shared library C:\Users\edy14\.openjfx\cache\23.0.2+3\amd64\api-ms-win-crt-private-l1-1-0.dll
Event: 0.497 Loaded shared library C:\Users\edy14\.openjfx\cache\23.0.2+3\amd64\api-ms-win-crt-process-l1-1-0.dll
Event: 0.504 Loaded shared library C:\Users\edy14\.openjfx\cache\23.0.2+3\amd64\api-ms-win-crt-runtime-l1-1-0.dll
Event: 0.510 Loaded shared library C:\Users\edy14\.openjfx\cache\23.0.2+3\amd64\api-ms-win-crt-stdio-l1-1-0.dll
Event: 0.517 Loaded shared library C:\Users\edy14\.openjfx\cache\23.0.2+3\amd64\api-ms-win-crt-string-l1-1-0.dll
Event: 0.523 Loaded shared library C:\Users\edy14\.openjfx\cache\23.0.2+3\amd64\api-ms-win-crt-time-l1-1-0.dll
Event: 0.529 Loaded shared library C:\Users\edy14\.openjfx\cache\23.0.2+3\amd64\api-ms-win-crt-utility-l1-1-0.dll
Event: 0.547 Loaded shared library C:\Users\edy14\.openjfx\cache\23.0.2+3\amd64\ucrtbase.dll
Event: 0.559 Loaded shared library C:\Users\edy14\.openjfx\cache\23.0.2+3\amd64\vcruntime140.dll
Event: 0.567 Loaded shared library C:\Users\edy14\.openjfx\cache\23.0.2+3\amd64\vcruntime140_1.dll
Event: 0.580 Loaded shared library C:\Users\edy14\.openjfx\cache\23.0.2+3\amd64\msvcp140.dll
Event: 0.591 Loaded shared library C:\Users\edy14\.openjfx\cache\23.0.2+3\amd64\msvcp140_1.dll
Event: 0.609 Loaded shared library C:\Users\edy14\.openjfx\cache\23.0.2+3\amd64\msvcp140_2.dll
Event: 0.702 Loaded shared library C:\Users\edy14\.openjfx\cache\23.0.2+3\amd64\prism_d3d.dll
Event: 0.951 Loaded shared library C:\Users\edy14\.openjfx\cache\23.0.2+3\amd64\glass.dll
Event: 1.394 Loaded shared library C:\Program Files\Java\jdk-21\bin\jimage.dll
Event: 2.672 Loaded shared library C:\Users\edy14\.openjfx\cache\23.0.2+3\amd64\javafx_font.dll
Event: 4.857 Loaded shared library C:\Program Files\Java\jdk-21\bin\verify.dll
Event: 9.106 Loaded shared library C:\Program Files\Java\jdk-21\bin\extnet.dll

Deoptimization events (20 events):
Event: 5.994 Thread 0x000001ccdf3caed0 Uncommon trap: trap_request=0xffffffde fr.pc=0x000001cc8ff29c24 relative=0x0000000000000f64
Event: 5.994 Thread 0x000001ccdf3caed0 Uncommon trap: reason=class_check action=maybe_recompile pc=0x000001cc8ff29c24 method=java.io.BufferedInputStream.implRead([BII)I @ 100 c2
Event: 5.994 Thread 0x000001ccdf3caed0 DEOPT PACKING pc=0x000001cc8ff29c24 sp=0x00000044e74fc8f0
Event: 5.994 Thread 0x000001ccdf3caed0 DEOPT UNPACKING pc=0x000001cc8f9446a2 sp=0x00000044e74fc7f0 mode 2
Event: 5.994 Thread 0x000001ccdf3caed0 Uncommon trap: trap_request=0xffffffde fr.pc=0x000001cc8ff29c24 relative=0x0000000000000f64
Event: 5.994 Thread 0x000001ccdf3caed0 Uncommon trap: reason=class_check action=maybe_recompile pc=0x000001cc8ff29c24 method=java.io.BufferedInputStream.implRead([BII)I @ 100 c2
Event: 5.994 Thread 0x000001ccdf3caed0 DEOPT PACKING pc=0x000001cc8ff29c24 sp=0x00000044e74fc8f0
Event: 5.994 Thread 0x000001ccdf3caed0 DEOPT UNPACKING pc=0x000001cc8f9446a2 sp=0x00000044e74fc7f0 mode 2
Event: 5.994 Thread 0x000001ccdf3caed0 Uncommon trap: trap_request=0xffffffde fr.pc=0x000001cc8ff29c24 relative=0x0000000000000f64
Event: 5.994 Thread 0x000001ccdf3caed0 Uncommon trap: reason=class_check action=maybe_recompile pc=0x000001cc8ff29c24 method=java.io.BufferedInputStream.implRead([BII)I @ 100 c2
Event: 5.994 Thread 0x000001ccdf3caed0 DEOPT PACKING pc=0x000001cc8ff29c24 sp=0x00000044e74fc8f0
Event: 5.994 Thread 0x000001ccdf3caed0 DEOPT UNPACKING pc=0x000001cc8f9446a2 sp=0x00000044e74fc7f0 mode 2
Event: 5.994 Thread 0x000001ccdf3caed0 Uncommon trap: trap_request=0xffffffde fr.pc=0x000001cc8ff2b594 relative=0x00000000000005d4
Event: 5.994 Thread 0x000001ccdf3caed0 Uncommon trap: reason=class_check action=maybe_recompile pc=0x000001cc8ff2b594 method=java.io.BufferedInputStream.implRead([BII)I @ 100 c2
Event: 5.994 Thread 0x000001ccdf3caed0 DEOPT PACKING pc=0x000001cc8ff2b594 sp=0x00000044e74fc810
Event: 5.994 Thread 0x000001ccdf3caed0 DEOPT UNPACKING pc=0x000001cc8f9446a2 sp=0x00000044e74fc7e8 mode 2
Event: 5.999 Thread 0x000001ccdf3caed0 Uncommon trap: trap_request=0xffffff45 fr.pc=0x000001cc8ff0c560 relative=0x00000000000000c0
Event: 5.999 Thread 0x000001ccdf3caed0 Uncommon trap: reason=unstable_if action=reinterpret pc=0x000001cc8ff0c560 method=sun.util.locale.BaseLocale.equals(Ljava/lang/Object;)Z @ 29 c2
Event: 5.999 Thread 0x000001ccdf3caed0 DEOPT PACKING pc=0x000001cc8ff0c560 sp=0x00000044e74fd540
Event: 5.999 Thread 0x000001ccdf3caed0 DEOPT UNPACKING pc=0x000001cc8f9446a2 sp=0x00000044e74fd470 mode 2

Classes loaded (20 events):
Event: 9.128 Loading class java/nio/DirectByteBuffer$Deallocator
Event: 9.129 Loading class java/nio/DirectByteBuffer$Deallocator done
Event: 9.318 Loading class sun/nio/ch/IOStatus
Event: 9.319 Loading class sun/nio/ch/IOStatus done
Event: 9.319 Loading class sun/nio/cs/ThreadLocalCoders
Event: 9.321 Loading class sun/nio/cs/ThreadLocalCoders done
Event: 9.321 Loading class sun/nio/cs/ThreadLocalCoders$1
Event: 9.322 Loading class sun/nio/cs/ThreadLocalCoders$Cache
Event: 9.323 Loading class sun/nio/cs/ThreadLocalCoders$Cache done
Event: 9.323 Loading class sun/nio/cs/ThreadLocalCoders$1 done
Event: 9.323 Loading class sun/nio/cs/ThreadLocalCoders$2
Event: 9.323 Loading class sun/nio/cs/ThreadLocalCoders$2 done
Event: 9.323 Loading class sun/nio/cs/US_ASCII$Decoder
Event: 9.323 Loading class sun/nio/cs/US_ASCII$Decoder done
Event: 9.323 Loading class sun/util/locale/provider/TimeZoneNameUtility
Event: 9.325 Loading class sun/util/locale/provider/TimeZoneNameUtility done
Event: 9.326 Loading class sun/util/locale/provider/TimeZoneNameUtility$TimeZoneNameGetter
Event: 9.326 Loading class sun/util/locale/provider/TimeZoneNameUtility$TimeZoneNameGetter done
Event: 9.326 Loading class sun/util/resources/cldr/TimeZoneNames
Event: 10.230 Loading class sun/util/resources/TimeZoneNamesBundle

Classes unloaded (0 events):
No events

Classes redefined (0 events):
No events

Internal exceptions (20 events):
Event: 2.424 Thread 0x000001ccdf3caed0 Exception <a 'java/lang/ClassNotFoundException'{0x00000000a900f1a0}: com/sun/glass/ui/win/themes_ccp_IN> (0x00000000a900f1a0) 
thrown [s\open\src\hotspot\share\prims\jni.cpp, line 539]
Event: 2.542 Thread 0x000001ccdf3caed0 Exception <a 'java/lang/NoSuchMethodError'{0x00000000a8bbaab8}: 'java.lang.Object java.lang.invoke.DirectMethodHandle$Holder.invokeStaticInit(java.lang.Object, java.lang.Object, java.lang.Object, java.lang.Object)'> (0x00000000a8bbaab8) 
thrown [s\open\src\hotspot\share\interpreter\linkResolver.cpp, line 773]
Event: 2.543 Thread 0x000001ccdf3caed0 Exception <a 'java/lang/NullPointerException'{0x00000000a8bc7768}> (0x00000000a8bc7768) 
thrown [s\open\src\hotspot\share\interpreter\linkResolver.cpp, line 1372]
Event: 2.615 Thread 0x000001ccdf3caed0 Exception <a 'java/lang/NoSuchMethodError'{0x00000000a88a9440}: 'double java.lang.invoke.DelegatingMethodHandle$Holder.reinvoke_L(java.lang.Object, java.lang.Object, int)'> (0x00000000a88a9440) 
thrown [s\open\src\hotspot\share\interpreter\linkResolver.cpp, line 773]
Event: 2.617 Thread 0x000001ccdf3caed0 Exception <a 'java/lang/NoSuchMethodError'{0x00000000a88bb120}: 'java.lang.Object java.lang.invoke.DirectMethodHandle$Holder.invokeStatic(java.lang.Object, java.lang.Object, java.lang.Object, java.lang.Object, int)'> (0x00000000a88bb120) 
thrown [s\open\src\hotspot\share\interpreter\linkResolver.cpp, line 773]
Event: 2.618 Thread 0x000001ccdf3caed0 Exception <a 'java/lang/NoSuchMethodError'{0x00000000a88c9120}: 'java.lang.Object java.lang.invoke.DelegatingMethodHandle$Holder.reinvoke_L(java.lang.Object, double, double, double, double)'> (0x00000000a88c9120) 
thrown [s\open\src\hotspot\share\interpreter\linkResolver.cpp, line 773]
Event: 2.620 Thread 0x000001ccdf3caed0 Exception <a 'java/lang/NoSuchMethodError'{0x00000000a88d7640}: 'java.lang.Object java.lang.invoke.DirectMethodHandle$Holder.invokeStatic(java.lang.Object, java.lang.Object, int)'> (0x00000000a88d7640) 
thrown [s\open\src\hotspot\share\interpreter\linkResolver.cpp, line 773]
Event: 2.621 Thread 0x000001ccdf3caed0 Exception <a 'java/lang/NoSuchMethodError'{0x00000000a88dba58}: 'void java.lang.invoke.DirectMethodHandle$Holder.invokeStatic(java.lang.Object, java.lang.Object, int, java.lang.Object)'> (0x00000000a88dba58) 
thrown [s\open\src\hotspot\share\interpreter\linkResolver.cpp, line 773]
Event: 2.621 Thread 0x000001ccdf3caed0 Exception <a 'java/lang/NoSuchMethodError'{0x00000000a88e24e8}: 'void java.lang.invoke.DelegatingMethodHandle$Holder.delegate(java.lang.Object, java.lang.Object, int, java.lang.Object)'> (0x00000000a88e24e8) 
thrown [s\open\src\hotspot\share\interpreter\linkResolver.cpp, line 773]
Event: 2.622 Thread 0x000001ccdf3caed0 Exception <a 'java/lang/NoSuchMethodError'{0x00000000a88e6230}: 'int java.lang.invoke.DirectMethodHandle$Holder.invokeSpecial(java.lang.Object, java.lang.Object, java.lang.Object)'> (0x00000000a88e6230) 
thrown [s\open\src\hotspot\share\interpreter\linkResolver.cpp, line 773]
Event: 3.745 Thread 0x000001ccdf3caed0 Exception <a 'java/lang/NoSuchMethodError'{0x00000000a7ec3a08}: 'void java.lang.invoke.DirectMethodHandle$Holder.invokeStaticInit(java.lang.Object, java.lang.Object)'> (0x00000000a7ec3a08) 
thrown [s\open\src\hotspot\share\interpreter\linkResolver.cpp, line 773]
Event: 3.791 Thread 0x000001ccdf3caed0 Exception <a 'java/lang/NoSuchMethodError'{0x00000000a7cac5a8}: 'void java.lang.invoke.Invokers$Holder.invokeExact_MT(java.lang.Object, java.lang.Object, java.lang.Object, java.lang.Object)'> (0x00000000a7cac5a8) 
thrown [s\open\src\hotspot\share\interpreter\linkResolver.cpp, line 773]
Event: 3.792 Thread 0x000001ccdf3caed0 Exception <a 'java/lang/NoSuchMethodError'{0x00000000a7cb0420}: 'void java.lang.invoke.DirectMethodHandle$Holder.invokeSpecial(java.lang.Object, java.lang.Object, double)'> (0x00000000a7cb0420) 
thrown [s\open\src\hotspot\share\interpreter\linkResolver.cpp, line 773]
Event: 3.792 Thread 0x000001ccdf3caed0 Exception <a 'java/lang/NoSuchMethodError'{0x00000000a7cb7778}: 'void java.lang.invoke.DelegatingMethodHandle$Holder.reinvoke_L(java.lang.Object, java.lang.Object, double)'> (0x00000000a7cb7778) 
thrown [s\open\src\hotspot\share\interpreter\linkResolver.cpp, line 773]
Event: 3.798 Thread 0x000001ccdf3caed0 Exception <a 'java/lang/NoSuchMethodError'{0x00000000a7ce57a0}: 'void java.lang.invoke.DirectMethodHandle$Holder.invokeSpecial(java.lang.Object, java.lang.Object, int)'> (0x00000000a7ce57a0) 
thrown [s\open\src\hotspot\share\interpreter\linkResolver.cpp, line 773]
Event: 3.798 Thread 0x000001ccdf3caed0 Exception <a 'java/lang/NoSuchMethodError'{0x00000000a7ce9530}: 'int java.lang.invoke.DirectMethodHandle$Holder.invokeSpecial(java.lang.Object, java.lang.Object, java.lang.Object, int)'> (0x00000000a7ce9530) 
thrown [s\open\src\hotspot\share\interpreter\linkResolver.cpp, line 773]
Event: 3.799 Thread 0x000001ccdf3caed0 Exception <a 'java/lang/NoSuchMethodError'{0x00000000a7cf3968}: 'void java.lang.invoke.DelegatingMethodHandle$Holder.reinvoke_L(java.lang.Object, java.lang.Object, int)'> (0x00000000a7cf3968) 
thrown [s\open\src\hotspot\share\interpreter\linkResolver.cpp, line 773]
Event: 4.830 Thread 0x000001ccdf3caed0 Exception <a 'java/lang/NoSuchMethodError'{0x00000000a7a92038}: 'java.lang.Object java.lang.invoke.Invokers$Holder.invokeExact_MT(java.lang.Object, java.lang.Object, java.lang.Object, java.lang.Object, java.lang.Object)'> (0x00000000a7a92038) 
thrown [s\open\src\hotspot\share\interpreter\linkResolver.cpp, line 773]
Event: 4.880 Thread 0x000001ccdf3caed0 Exception <a 'java/lang/NoSuchMethodError'{0x00000000a79a3630}: 'java.lang.Object java.lang.invoke.DirectMethodHandle$Holder.invokeInterface(java.lang.Object, java.lang.Object)'> (0x00000000a79a3630) 
thrown [s\open\src\hotspot\share\interpreter\linkResolver.cpp, line 773]
Event: 5.951 Thread 0x000001ccdf3caed0 Exception <a 'java/lang/NoSuchMethodError'{0x00000000a9c8e3f8}: 'java.lang.Object java.lang.invoke.DelegatingMethodHandle$Holder.reinvoke_L(java.lang.Object, java.lang.Object, int, java.lang.Object, java.lang.Object, java.lang.Object)'> (0x00000000a9c8e3f8) 
thrown [s\open\src\hotspot\share\interpreter\linkResolver.cpp, line 773]

ZGC Phase Switch (0 events):
No events

VM Operations (20 events):
Event: 2.677 Executing VM operation: HandshakeAllThreads (Deoptimize) done
Event: 3.677 Executing VM operation: Cleanup
Event: 3.707 Executing VM operation: Cleanup done
Event: 4.852 Executing VM operation: HandshakeAllThreads (Deoptimize)
Event: 4.852 Executing VM operation: HandshakeAllThreads (Deoptimize) done
Event: 4.852 Executing VM operation: Cleanup
Event: 4.852 Executing VM operation: Cleanup done
Event: 4.891 Executing VM operation: HandshakeAllThreads (Deoptimize)
Event: 4.891 Executing VM operation: HandshakeAllThreads (Deoptimize) done
Event: 4.894 Executing VM operation: G1CollectForAllocation (G1 Evacuation Pause)
Event: 4.900 Executing VM operation: G1CollectForAllocation (G1 Evacuation Pause) done
Event: 5.933 Executing VM operation: HandshakeAllThreads (Deoptimize)
Event: 5.933 Executing VM operation: HandshakeAllThreads (Deoptimize) done
Event: 5.933 Executing VM operation: Cleanup
Event: 5.933 Executing VM operation: Cleanup done
Event: 5.997 Executing VM operation: HandshakeAllThreads (Deoptimize)
Event: 5.997 Executing VM operation: HandshakeAllThreads (Deoptimize) done
Event: 6.997 Executing VM operation: Cleanup
Event: 6.997 Executing VM operation: Cleanup done
Event: 9.997 Executing VM operation: Cleanup

Events (17 events):
Event: 0.030 Thread 0x000001ccfb64f580 Thread added: 0x000001ccfb64f580
Event: 0.048 Thread 0x000001cc99561b20 Thread added: 0x000001cc99561b20
Event: 0.049 Thread 0x000001cc99562770 Thread added: 0x000001cc99562770
Event: 0.049 Thread 0x000001cc99567ad0 Thread added: 0x000001cc99567ad0
Event: 0.049 Thread 0x000001cc9956bd30 Thread added: 0x000001cc9956bd30
Event: 0.049 Thread 0x000001cc9956e940 Thread added: 0x000001cc9956e940
Event: 0.049 Thread 0x000001cc995716c0 Thread added: 0x000001cc995716c0
Event: 0.049 Thread 0x000001cc99580860 Thread added: 0x000001cc99580860
Event: 0.049 Thread 0x000001cc99581160 Thread added: 0x000001cc99581160
Event: 0.073 Thread 0x000001cc997d1ed0 Thread added: 0x000001cc997d1ed0
Event: 0.161 Thread 0x000001cc998f89e0 Thread added: 0x000001cc998f89e0
Event: 0.660 Thread 0x000001cc99ab2770 Thread added: 0x000001cc99ab2770
Event: 0.954 Thread 0x000001ccdf3c9d90 Thread added: 0x000001ccdf3c9d90
Event: 0.956 Thread 0x000001ccdf3caed0 Thread added: 0x000001ccdf3caed0
Event: 1.323 Thread 0x000001cce84a5030 Thread added: 0x000001cce84a5030
Event: 1.332 Thread 0x000001cce84c66c0 Thread added: 0x000001cce84c66c0
Event: 4.861 Thread 0x000001cce8a36f60 Thread added: 0x000001cce8a36f60


Dynamic libraries:
0x00007ff6757e0000 - 0x00007ff6757f0000 	C:\Program Files\Java\jdk-21\bin\java.exe
0x00007ff811340000 - 0x00007ff8115a8000 	C:\WINDOWS\SYSTEM32\ntdll.dll
0x00007ff8102c0000 - 0x00007ff810389000 	C:\WINDOWS\System32\KERNEL32.DLL
0x00007ff80e550000 - 0x00007ff80e93d000 	C:\WINDOWS\System32\KERNELBASE.dll
0x00007ff80ed00000 - 0x00007ff80ee4b000 	C:\WINDOWS\System32\ucrtbase.dll
0x00007ff8081e0000 - 0x00007ff8081f9000 	C:\Program Files\Java\jdk-21\bin\jli.dll
0x00007ff801790000 - 0x00007ff8017ab000 	C:\Program Files\Java\jdk-21\bin\VCRUNTIME140.dll
0x00007ff810160000 - 0x00007ff810214000 	C:\WINDOWS\System32\ADVAPI32.dll
0x00007ff80fe20000 - 0x00007ff80fec9000 	C:\WINDOWS\System32\msvcrt.dll
0x00007ff80fed0000 - 0x00007ff80ff76000 	C:\WINDOWS\System32\sechost.dll
0x00007ff8111a0000 - 0x00007ff8112b8000 	C:\WINDOWS\System32\RPCRT4.dll
0x00007ff8108e0000 - 0x00007ff810aac000 	C:\WINDOWS\System32\USER32.dll
0x00007ff80e940000 - 0x00007ff80e967000 	C:\WINDOWS\System32\win32u.dll
0x00007ffff6ff0000 - 0x00007ffff728a000 	C:\WINDOWS\WinSxS\amd64_microsoft.windows.common-controls_6595b64144ccf1df_6.0.26100.4484_none_3e0e6d4ce32ef3b3\COMCTL32.dll
0x00007ff8112c0000 - 0x00007ff8112eb000 	C:\WINDOWS\System32\GDI32.dll
0x00007ff80ef00000 - 0x00007ff80f037000 	C:\WINDOWS\System32\gdi32full.dll
0x00007ff80ee50000 - 0x00007ff80eef3000 	C:\WINDOWS\System32\msvcp_win.dll
0x00007ff806bd0000 - 0x00007ff806bdb000 	C:\WINDOWS\SYSTEM32\VERSION.dll
0x00007ff80ff80000 - 0x00007ff80ffaf000 	C:\WINDOWS\System32\IMM32.DLL
0x00007fffffdc0000 - 0x00007fffffdcc000 	C:\Program Files\Java\jdk-21\bin\vcruntime140_1.dll
0x00007fffda1d0000 - 0x00007fffda25e000 	C:\Program Files\Java\jdk-21\bin\msvcp140.dll
0x00007fff87fe0000 - 0x00007fff88cf8000 	C:\Program Files\Java\jdk-21\bin\server\jvm.dll
0x00007ff810f20000 - 0x00007ff810f94000 	C:\WINDOWS\System32\WS2_32.dll
0x00007ff80e2e0000 - 0x00007ff80e33e000 	C:\WINDOWS\SYSTEM32\POWRPROF.dll
0x00007ff802220000 - 0x00007ff802255000 	C:\WINDOWS\SYSTEM32\WINMM.dll
0x00007ff80e2c0000 - 0x00007ff80e2d4000 	C:\WINDOWS\SYSTEM32\UMPDC.dll
0x00007ff80d230000 - 0x00007ff80d24b000 	C:\WINDOWS\SYSTEM32\kernel.appcore.dll
0x00007fffffb80000 - 0x00007fffffb8a000 	C:\Program Files\Java\jdk-21\bin\jimage.dll
0x00007ff807e70000 - 0x00007ff8080b1000 	C:\WINDOWS\SYSTEM32\DBGHELP.DLL
0x00007ff810b30000 - 0x00007ff810eb6000 	C:\WINDOWS\System32\combase.dll
0x00007ff810570000 - 0x00007ff810650000 	C:\WINDOWS\System32\OLEAUT32.dll
0x00007ffff5290000 - 0x00007ffff52d3000 	C:\WINDOWS\SYSTEM32\dbgcore.DLL
0x00007ff80f040000 - 0x00007ff80f0d9000 	C:\WINDOWS\System32\bcryptPrimitives.dll
0x00007fffff030000 - 0x00007fffff04f000 	C:\Program Files\Java\jdk-21\bin\java.dll
0x00007ff80f6c0000 - 0x00007ff80fe0a000 	C:\WINDOWS\System32\SHELL32.dll
0x00007ff80e970000 - 0x00007ff80eae4000 	C:\WINDOWS\System32\wintypes.dll
0x00007ff80c0b0000 - 0x00007ff80c90b000 	C:\WINDOWS\SYSTEM32\windows.storage.dll
0x00007ff810fa0000 - 0x00007ff811095000 	C:\WINDOWS\System32\SHCORE.dll
0x00007ff810660000 - 0x00007ff8106ca000 	C:\WINDOWS\System32\shlwapi.dll
0x00007ff80e3a0000 - 0x00007ff80e3cf000 	C:\WINDOWS\SYSTEM32\profapi.dll
0x00007fffd2a30000 - 0x00007fffd2b07000 	C:\Program Files\Java\jdk-21\bin\jsvml.dll
0x00007fffffb70000 - 0x00007fffffb80000 	C:\Program Files\Java\jdk-21\bin\net.dll
0x00007ff8015f0000 - 0x00007ff80170e000 	C:\WINDOWS\SYSTEM32\WINHTTP.dll
0x00007ff80d7c0000 - 0x00007ff80d82a000 	C:\WINDOWS\system32\mswsock.dll
0x00007ffffce50000 - 0x00007ffffce66000 	C:\Program Files\Java\jdk-21\bin\nio.dll
0x00007ffffc5c0000 - 0x00007ffffc5d8000 	C:\Program Files\Java\jdk-21\bin\zip.dll
0x000001cc99b00000 - 0x000001cc99b03000 	C:\Users\edy14\.openjfx\cache\23.0.2+3\amd64\api-ms-win-core-console-l1-1-0.dll
0x000001cc99b10000 - 0x000001cc99b13000 	C:\Users\edy14\.openjfx\cache\23.0.2+3\amd64\api-ms-win-core-console-l1-2-0.dll
0x000001cc99b20000 - 0x000001cc99b23000 	C:\Users\edy14\.openjfx\cache\23.0.2+3\amd64\api-ms-win-core-datetime-l1-1-0.dll
0x000001cc99b30000 - 0x000001cc99b33000 	C:\Users\edy14\.openjfx\cache\23.0.2+3\amd64\api-ms-win-core-debug-l1-1-0.dll
0x000001cc99b40000 - 0x000001cc99b43000 	C:\Users\edy14\.openjfx\cache\23.0.2+3\amd64\api-ms-win-core-errorhandling-l1-1-0.dll
0x000001cc99b50000 - 0x000001cc99b54000 	C:\Users\edy14\.openjfx\cache\23.0.2+3\amd64\api-ms-win-core-file-l1-1-0.dll
0x000001cc99b60000 - 0x000001cc99b63000 	C:\Users\edy14\.openjfx\cache\23.0.2+3\amd64\api-ms-win-core-file-l1-2-0.dll
0x000001cc99b70000 - 0x000001cc99b73000 	C:\Users\edy14\.openjfx\cache\23.0.2+3\amd64\api-ms-win-core-file-l2-1-0.dll
0x000001cc99b80000 - 0x000001cc99b83000 	C:\Users\edy14\.openjfx\cache\23.0.2+3\amd64\api-ms-win-core-handle-l1-1-0.dll
0x000001cc99b90000 - 0x000001cc99b93000 	C:\Users\edy14\.openjfx\cache\23.0.2+3\amd64\api-ms-win-core-heap-l1-1-0.dll
0x000001cc99ba0000 - 0x000001cc99ba3000 	C:\Users\edy14\.openjfx\cache\23.0.2+3\amd64\api-ms-win-core-interlocked-l1-1-0.dll
0x000001cc99bb0000 - 0x000001cc99bb3000 	C:\Users\edy14\.openjfx\cache\23.0.2+3\amd64\api-ms-win-core-libraryloader-l1-1-0.dll
0x000001cc99bc0000 - 0x000001cc99bc3000 	C:\Users\edy14\.openjfx\cache\23.0.2+3\amd64\api-ms-win-core-localization-l1-2-0.dll
0x000001cc99bd0000 - 0x000001cc99bd3000 	C:\Users\edy14\.openjfx\cache\23.0.2+3\amd64\api-ms-win-core-memory-l1-1-0.dll
0x000001cc99be0000 - 0x000001cc99be3000 	C:\Users\edy14\.openjfx\cache\23.0.2+3\amd64\api-ms-win-core-namedpipe-l1-1-0.dll
0x000001cc99bf0000 - 0x000001cc99bf3000 	C:\Users\edy14\.openjfx\cache\23.0.2+3\amd64\api-ms-win-core-processenvironment-l1-1-0.dll
0x000001cc99c00000 - 0x000001cc99c03000 	C:\Users\edy14\.openjfx\cache\23.0.2+3\amd64\api-ms-win-core-processthreads-l1-1-0.dll
0x000001cc99c10000 - 0x000001cc99c13000 	C:\Users\edy14\.openjfx\cache\23.0.2+3\amd64\api-ms-win-core-processthreads-l1-1-1.dll
0x000001cc99c20000 - 0x000001cc99c23000 	C:\Users\edy14\.openjfx\cache\23.0.2+3\amd64\api-ms-win-core-profile-l1-1-0.dll
0x000001cc99c30000 - 0x000001cc99c33000 	C:\Users\edy14\.openjfx\cache\23.0.2+3\amd64\api-ms-win-core-rtlsupport-l1-1-0.dll
0x000001cc99c40000 - 0x000001cc99c43000 	C:\Users\edy14\.openjfx\cache\23.0.2+3\amd64\api-ms-win-core-string-l1-1-0.dll
0x000001cc99c50000 - 0x000001cc99c53000 	C:\Users\edy14\.openjfx\cache\23.0.2+3\amd64\api-ms-win-core-synch-l1-1-0.dll
0x000001cc99c60000 - 0x000001cc99c63000 	C:\Users\edy14\.openjfx\cache\23.0.2+3\amd64\api-ms-win-core-synch-l1-2-0.dll
0x000001cc99c70000 - 0x000001cc99c73000 	C:\Users\edy14\.openjfx\cache\23.0.2+3\amd64\api-ms-win-core-sysinfo-l1-1-0.dll
0x000001cc99c80000 - 0x000001cc99c83000 	C:\Users\edy14\.openjfx\cache\23.0.2+3\amd64\api-ms-win-core-timezone-l1-1-0.dll
0x000001cc99c90000 - 0x000001cc99c93000 	C:\Users\edy14\.openjfx\cache\23.0.2+3\amd64\api-ms-win-core-util-l1-1-0.dll
0x000001cc99ca0000 - 0x000001cc99ca3000 	C:\Users\edy14\.openjfx\cache\23.0.2+3\amd64\api-ms-win-crt-conio-l1-1-0.dll
0x000001cc99cb0000 - 0x000001cc99cb4000 	C:\Users\edy14\.openjfx\cache\23.0.2+3\amd64\api-ms-win-crt-convert-l1-1-0.dll
0x000001cc99cc0000 - 0x000001cc99cc3000 	C:\Users\edy14\.openjfx\cache\23.0.2+3\amd64\api-ms-win-crt-environment-l1-1-0.dll
0x000001cc99cd0000 - 0x000001cc99cd3000 	C:\Users\edy14\.openjfx\cache\23.0.2+3\amd64\api-ms-win-crt-filesystem-l1-1-0.dll
0x000001cc99ce0000 - 0x000001cc99ce3000 	C:\Users\edy14\.openjfx\cache\23.0.2+3\amd64\api-ms-win-crt-heap-l1-1-0.dll
0x000001cc99cf0000 - 0x000001cc99cf3000 	C:\Users\edy14\.openjfx\cache\23.0.2+3\amd64\api-ms-win-crt-locale-l1-1-0.dll
0x000001cc99d00000 - 0x000001cc99d05000 	C:\Users\edy14\.openjfx\cache\23.0.2+3\amd64\api-ms-win-crt-math-l1-1-0.dll
0x000001cc99d10000 - 0x000001cc99d15000 	C:\Users\edy14\.openjfx\cache\23.0.2+3\amd64\api-ms-win-crt-multibyte-l1-1-0.dll
0x000001cc99d20000 - 0x000001cc99d30000 	C:\Users\edy14\.openjfx\cache\23.0.2+3\amd64\api-ms-win-crt-private-l1-1-0.dll
0x000001cc99d30000 - 0x000001cc99d33000 	C:\Users\edy14\.openjfx\cache\23.0.2+3\amd64\api-ms-win-crt-process-l1-1-0.dll
0x000001cc99d40000 - 0x000001cc99d44000 	C:\Users\edy14\.openjfx\cache\23.0.2+3\amd64\api-ms-win-crt-runtime-l1-1-0.dll
0x000001cc99d50000 - 0x000001cc99d54000 	C:\Users\edy14\.openjfx\cache\23.0.2+3\amd64\api-ms-win-crt-stdio-l1-1-0.dll
0x000001cc99d60000 - 0x000001cc99d64000 	C:\Users\edy14\.openjfx\cache\23.0.2+3\amd64\api-ms-win-crt-string-l1-1-0.dll
0x000001cc99d70000 - 0x000001cc99d73000 	C:\Users\edy14\.openjfx\cache\23.0.2+3\amd64\api-ms-win-crt-time-l1-1-0.dll
0x000001cc99d80000 - 0x000001cc99d83000 	C:\Users\edy14\.openjfx\cache\23.0.2+3\amd64\api-ms-win-crt-utility-l1-1-0.dll
0x00007fffcd030000 - 0x00007fffcd12c000 	C:\Users\edy14\.openjfx\cache\23.0.2+3\amd64\ucrtbase.dll
0x00007ffff7c20000 - 0x00007ffff7c3b000 	C:\Users\edy14\.openjfx\cache\23.0.2+3\amd64\vcruntime140.dll
0x00007fffff410000 - 0x00007fffff41c000 	C:\Users\edy14\.openjfx\cache\23.0.2+3\amd64\vcruntime140_1.dll
0x00007fffd2cb0000 - 0x00007fffd2d3e000 	C:\Users\edy14\.openjfx\cache\23.0.2+3\amd64\msvcp140.dll
0x00007fffff020000 - 0x00007fffff029000 	C:\Users\edy14\.openjfx\cache\23.0.2+3\amd64\msvcp140_1.dll
0x00007fffdb8e0000 - 0x00007fffdb921000 	C:\Users\edy14\.openjfx\cache\23.0.2+3\amd64\msvcp140_2.dll
0x00007fffe7560000 - 0x00007fffe7590000 	C:\Users\edy14\.openjfx\cache\23.0.2+3\amd64\prism_d3d.dll
0x00007fffb3de0000 - 0x00007fffb3f9a000 	C:\WINDOWS\system32\d3d9.dll
0x00007ff80b9b0000 - 0x00007ff80b9e6000 	C:\WINDOWS\SYSTEM32\dwmapi.dll
0x00007ff80b960000 - 0x00007ff80b9ad000 	C:\WINDOWS\SYSTEM32\dxcore.dll
0x00007ff80b760000 - 0x00007ff80b80f000 	C:\WINDOWS\system32\uxtheme.dll
0x00007fff4c620000 - 0x00007fff4fe64000 	C:\WINDOWS\System32\DriverStore\FileRepository\u0413130.inf_amd64_8794407b7bd265d7\B412889\amdxn64.dll
0x00007ff810730000 - 0x00007ff8108ce000 	C:\WINDOWS\System32\ole32.dll
0x00007ff80f210000 - 0x00007ff80f696000 	C:\WINDOWS\System32\SETUPAPI.dll
0x00007ff807d30000 - 0x00007ff807e68000 	C:\WINDOWS\SYSTEM32\dxgi.dll
0x00007ff807be0000 - 0x00007ff807c44000 	C:\WINDOWS\SYSTEM32\directxdatabasehelper.dll
0x00007ff80dfd0000 - 0x00007ff80e027000 	C:\WINDOWS\SYSTEM32\cfgmgr32.dll
0x00007ff80e370000 - 0x00007ff80e396000 	C:\WINDOWS\SYSTEM32\BCrypt.dll
0x00007ff801f60000 - 0x00007ff801f97000 	C:\WINDOWS\System32\DriverStore\FileRepository\u0413130.inf_amd64_8794407b7bd265d7\B412889\amdihk64.dll
0x00007fffda390000 - 0x00007fffda3d5000 	C:\Users\edy14\.openjfx\cache\23.0.2+3\amd64\glass.dll
0x00007ff8110a0000 - 0x00007ff811198000 	C:\WINDOWS\System32\COMDLG32.dll
0x00007ff80fff0000 - 0x00007ff810150000 	C:\WINDOWS\System32\MSCTF.dll
0x00007ff80f0e0000 - 0x00007ff80f188000 	C:\WINDOWS\System32\clbcatq.dll
0x00007ffffa8f0000 - 0x00007ffffaa49000 	C:\Windows\System32\Windows.UI.dll
0x00007ffff80a0000 - 0x00007ffff81ec000 	C:\Windows\System32\Windows.UI.Immersive.dll
0x00007fffef330000 - 0x00007fffef345000 	C:\Users\edy14\.openjfx\cache\23.0.2+3\amd64\javafx_font.dll
0x00007fffff8d0000 - 0x00007fffff8e0000 	C:\Program Files\Java\jdk-21\bin\verify.dll
0x00007ffffce30000 - 0x00007ffffce39000 	C:\Program Files\Java\jdk-21\bin\extnet.dll

dbghelp: loaded successfully - version: 4.0.5 - missing functions: none
symbol engine: initialized successfully - sym options: 0x614 - pdb path: .;C:\Program Files\Java\jdk-21\bin;C:\WINDOWS\SYSTEM32;C:\WINDOWS\WinSxS\amd64_microsoft.windows.common-controls_6595b64144ccf1df_6.0.26100.4484_none_3e0e6d4ce32ef3b3;C:\Program Files\Java\jdk-21\bin\server;C:\Users\edy14\.openjfx\cache\23.0.2+3\amd64;C:\WINDOWS\System32\DriverStore\FileRepository\u0413130.inf_amd64_8794407b7bd265d7\B412889

VM Arguments:
jvm_args: --module-path=C:\Users\edy14\.m2\repository\org\openjfx\javafx-base\23.0.2\javafx-base-23.0.2-win.jar;C:\Users\edy14\.m2\repository\org\openjfx\javafx-base\23.0.2\javafx-base-23.0.2.jar;C:\Users\edy14\.m2\repository\org\openjfx\javafx-controls\23.0.2\javafx-controls-23.0.2-win.jar;C:\Users\edy14\.m2\repository\org\openjfx\javafx-controls\23.0.2\javafx-controls-23.0.2.jar;C:\Users\edy14\.m2\repository\org\openjfx\javafx-fxml\23.0.2\javafx-fxml-23.0.2-win.jar;C:\Users\edy14\.m2\repository\org\openjfx\javafx-fxml\23.0.2\javafx-fxml-23.0.2.jar;C:\Users\edy14\.m2\repository\org\openjfx\javafx-graphics\23.0.2\javafx-graphics-23.0.2-win.jar;C:\Users\edy14\.m2\repository\org\openjfx\javafx-graphics\23.0.2\javafx-graphics-23.0.2.jar --add-modules=javafx.base,javafx.controls,javafx.fxml,javafx.graphics 
java_command: org.kevinramirez.system.Main
java_class_path (initial): C:\Users\edy14\MavenStore\target\classes;C:\Users\edy14\.m2\repository\mysql\mysql-connector-java\5.1.47\mysql-connector-java-5.1.47.jar;C:\Users\edy14\.m2\repository\org\json\json\20230227\json-20230227.jar
Launcher Type: SUN_STANDARD

[Global flags]
     intx CICompilerCount                          = 4                                         {product} {ergonomic}
     uint ConcGCThreads                            = 2                                         {product} {ergonomic}
     uint G1ConcRefinementThreads                  = 8                                         {product} {ergonomic}
   size_t G1HeapRegionSize                         = 1048576                                   {product} {ergonomic}
    uintx GCDrainStackTargetSize                   = 64                                        {product} {ergonomic}
   size_t InitialHeapSize                          = 96468992                                  {product} {ergonomic}
   size_t MarkStackSize                            = 4194304                                   {product} {ergonomic}
   size_t MaxHeapSize                              = 1541406720                                {product} {ergonomic}
   size_t MaxNewSize                               = 924844032                                 {product} {ergonomic}
   size_t MinHeapDeltaBytes                        = 1048576                                   {product} {ergonomic}
   size_t MinHeapSize                              = 8388608                                   {product} {ergonomic}
    uintx NonNMethodCodeHeapSize                   = 5839372                                {pd product} {ergonomic}
    uintx NonProfiledCodeHeapSize                  = 122909434                              {pd product} {ergonomic}
    uintx ProfiledCodeHeapSize                     = 122909434                              {pd product} {ergonomic}
    uintx ReservedCodeCacheSize                    = 251658240                              {pd product} {ergonomic}
     bool SegmentedCodeCache                       = true                                      {product} {ergonomic}
   size_t SoftMaxHeapSize                          = 1541406720                             {manageable} {ergonomic}
     bool UseCompressedOops                        = true                           {product lp64_product} {ergonomic}
     bool UseG1GC                                  = true                                      {product} {ergonomic}
     bool UseLargePagesIndividualAllocation        = false                                  {pd product} {ergonomic}

Logging:
Log output configuration:
 #0: stdout all=warning uptime,level,tags foldmultilines=false
 #1: stderr all=off uptime,level,tags foldmultilines=false

Environment Variables:
JAVA_HOME=C:\Program Files\Java\jdk-21
PATH=C:\Program Files\Common Files\Oracle\Java\javapath;C:\Program Files (x86)\Common Files\Oracle\Java\javapath;C:\WINDOWS\system32;C:\WINDOWS;C:\WINDOWS\System32\Wbem;C:\WINDOWS\System32\WindowsPowerShell\v1.0\;C:\WINDOWS\System32\OpenSSH\;C:\Program Files\PuTTY\;C:\Program Files\GitHub CLI\;C:\Program Files\Git\cmd;C:\Program Files\MySQL\MySQL Shell 8.0\bin\;C:\Users\edy14\AppData\Local\Microsoft\WindowsApps;C:\Users\edy14\AppData\Local\Programs\Microsoft VS Code\bin;
USERNAME=edy14
OS=Windows_NT
PROCESSOR_IDENTIFIER=AMD64 Family 23 Model 160 Stepping 0, AuthenticAMD
TMP=C:\Users\edy14\AppData\Local\Temp
TEMP=C:\Users\edy14\AppData\Local\Temp




Periodic native trim disabled

---------------  S Y S T E M  ---------------

OS:
 Windows 11 , 64 bit Build 26100 (10.0.26100.4484)
OS uptime: 7 days 7:57 hours
Hyper-V role detected

CPU: total 8 (initial active 8) (8 cores per cpu, 2 threads per core) family 23 model 160 stepping 0 microcode 0x8a00006, cx8, cmov, fxsr, ht, mmx, 3dnowpref, sse, sse2, sse3, ssse3, sse4a, sse4.1, sse4.2, popcnt, lzcnt, tsc, tscinvbit, avx, avx2, aes, clmul, bmi1, bmi2, adx, sha, fma, vzeroupper, clflush, clflushopt, hv, rdtscp, rdpid, f16c
Processor Information for all 8 processors :
  Max Mhz: 2801, Current Mhz: 2801, Mhz Limit: 2801

Memory: 4k page, system-wide physical 5877M (294M free)
TotalPageFile size 24309M (AvailPageFile size 11M)
current process WorkingSet (physical memory assigned to process): 161M, peak: 161M
current process commit charge ("private bytes"): 254M, peak: 254M

vm_info: Java HotSpot(TM) 64-Bit Server VM (21.0.5+9-LTS-239) for windows-amd64 JRE (21.0.5+9-LTS-239), built on 2024-09-30T05:17:38Z by "mach5one" with MS VC++ 17.6 (VS2022)

END.
