#
# There is insufficient memory for the Java Runtime Environment to continue.
# Native memory allocation (malloc) failed to allocate 432448 bytes for Chunk::new
# Possible reasons:
#   The system is out of physical RAM or swap space
#   The process is running with CompressedOops enabled, and the Java Heap may be blocking the growth of the native heap
# Possible solutions:
#   Reduce memory load on the system
#   Increase physical memory or swap space
#   Check if swap backing store is full
#   Decrease Java heap size (-Xmx/-Xms)
#   Decrease number of Java threads
#   Decrease Java thread stack sizes (-Xss)
#   Set larger code cache with -XX:ReservedCodeCacheSize=
#   JVM is running with Unscaled Compressed Oops mode in which the Java heap is
#     placed in the first 4GB address space. The Java Heap base address is the
#     maximum limit for the native heap growth. Please use -XX:HeapBaseMinAddress
#     to set the Java Heap base and to place the Java Heap above 4GB virtual address.
# This output file may be truncated or incomplete.
#
#  Out of Memory Error (arena.cpp:168), pid=113844, tid=135740
#
# JRE version: Java(TM) SE Runtime Environment (21.0.5+9) (build 21.0.5+9-LTS-239)
# Java VM: Java HotSpot(TM) 64-Bit Server VM (21.0.5+9-LTS-239, mixed mode, sharing, tiered, compressed oops, compressed class ptrs, g1 gc, windows-amd64)
# No core dump will be written. Minidumps are not enabled by default on client versions of Windows
#

---------------  S U M M A R Y ------------

Command Line: --module-path=C:\Users\edy14\.m2\repository\org\openjfx\javafx-base\23.0.2\javafx-base-23.0.2-win.jar;C:\Users\edy14\.m2\repository\org\openjfx\javafx-base\23.0.2\javafx-base-23.0.2.jar;C:\Users\edy14\.m2\repository\org\openjfx\javafx-controls\23.0.2\javafx-controls-23.0.2-win.jar;C:\Users\edy14\.m2\repository\org\openjfx\javafx-controls\23.0.2\javafx-controls-23.0.2.jar;C:\Users\edy14\.m2\repository\org\openjfx\javafx-fxml\23.0.2\javafx-fxml-23.0.2-win.jar;C:\Users\edy14\.m2\repository\org\openjfx\javafx-fxml\23.0.2\javafx-fxml-23.0.2.jar;C:\Users\edy14\.m2\repository\org\openjfx\javafx-graphics\23.0.2\javafx-graphics-23.0.2-win.jar;C:\Users\edy14\.m2\repository\org\openjfx\javafx-graphics\23.0.2\javafx-graphics-23.0.2.jar --add-modules=javafx.base,javafx.controls,javafx.fxml,javafx.graphics org.kevinramirez.system.Main

Host: AMD Ryzen 5 7520U with Radeon Graphics         , 8 cores, 5G,  Windows 11 , 64 bit Build 26100 (10.0.26100.4484)
Time: Thu Jul 17 04:56:16 2025 Hora estándar, América Central elapsed time: 30.934068 seconds (0d 0h 0m 30s)

---------------  T H R E A D  ---------------

Current thread (0x0000023fe3d34490):  JavaThread "C2 CompilerThread0" daemon [_thread_in_native, id=135740, stack(0x0000004e2aa00000,0x0000004e2ab00000) (1024K)]


Current CompileTask:
C2:  30934 1047       4       sun.util.locale.BaseLocale::getInstance (150 bytes)

Stack: [0x0000004e2aa00000,0x0000004e2ab00000]
Native frames: (J=compiled Java code, j=interpreted, Vv=VM code, C=native code)
V  [jvm.dll+0x6ca289]
V  [jvm.dll+0x854a51]
V  [jvm.dll+0x856f7e]
V  [jvm.dll+0x857653]
V  [jvm.dll+0x27dd26]
V  [jvm.dll+0xc4c2d]
V  [jvm.dll+0xc5163]
V  [jvm.dll+0x3b4d3c]
V  [jvm.dll+0x1df613]
V  [jvm.dll+0x246a62]
V  [jvm.dll+0x245eef]
V  [jvm.dll+0x1c6d0e]
V  [jvm.dll+0x2554d9]
V  [jvm.dll+0x253a6a]
V  [jvm.dll+0x3ee136]
V  [jvm.dll+0x7fee9b]
V  [jvm.dll+0x6c896d]
C  [ucrtbase.dll+0x37b0]
C  [KERNEL32.DLL+0x2e8d7]
C  [ntdll.dll+0x3c34c]


---------------  P R O C E S S  ---------------

Threads class SMR info:
_java_thread_list=0x0000023fe806a3e0, length=16, elements={
0x0000023fc5b6fb50, 0x0000023fe3d1c3e0, 0x0000023fe3d1d030, 0x0000023fe3d25d70,
0x0000023fe3d27c60, 0x0000023fe3d2b230, 0x0000023fe3d2cf90, 0x0000023fe3d34490,
0x0000023fe3d37aa0, 0x0000023fe808c510, 0x0000023fe82671a0, 0x0000023fe83fe6d0,
0x0000023fe840a640, 0x0000023fe86a0a40, 0x0000023fe8167bd0, 0x0000023fe839d3d0
}

Java Threads: ( => current thread )
  0x0000023fc5b6fb50 JavaThread "main"                              [_thread_blocked, id=128168, stack(0x0000004e29c00000,0x0000004e29d00000) (1024K)]
  0x0000023fe3d1c3e0 JavaThread "Reference Handler"          daemon [_thread_blocked, id=38744, stack(0x0000004e2a400000,0x0000004e2a500000) (1024K)]
  0x0000023fe3d1d030 JavaThread "Finalizer"                  daemon [_thread_blocked, id=135644, stack(0x0000004e2a500000,0x0000004e2a600000) (1024K)]
  0x0000023fe3d25d70 JavaThread "Signal Dispatcher"          daemon [_thread_blocked, id=133224, stack(0x0000004e2a600000,0x0000004e2a700000) (1024K)]
  0x0000023fe3d27c60 JavaThread "Attach Listener"            daemon [_thread_blocked, id=133628, stack(0x0000004e2a700000,0x0000004e2a800000) (1024K)]
  0x0000023fe3d2b230 JavaThread "Service Thread"             daemon [_thread_blocked, id=133384, stack(0x0000004e2a800000,0x0000004e2a900000) (1024K)]
  0x0000023fe3d2cf90 JavaThread "Monitor Deflation Thread"   daemon [_thread_blocked, id=137844, stack(0x0000004e2a900000,0x0000004e2aa00000) (1024K)]
=>0x0000023fe3d34490 JavaThread "C2 CompilerThread0"         daemon [_thread_in_native, id=135740, stack(0x0000004e2aa00000,0x0000004e2ab00000) (1024K)]
  0x0000023fe3d37aa0 JavaThread "C1 CompilerThread0"         daemon [_thread_blocked, id=134504, stack(0x0000004e2ab00000,0x0000004e2ac00000) (1024K)]
  0x0000023fe808c510 JavaThread "Common-Cleaner"             daemon [_thread_blocked, id=120544, stack(0x0000004e2ac00000,0x0000004e2ad00000) (1024K)]
  0x0000023fe82671a0 JavaThread "Notification Thread"        daemon [_thread_blocked, id=135240, stack(0x0000004e2ad00000,0x0000004e2ae00000) (1024K)]
  0x0000023fe83fe6d0 JavaThread "QuantumRenderer-0"          daemon [_thread_blocked, id=125772, stack(0x0000004e2ae00000,0x0000004e2af00000) (1024K)]
  0x0000023fe840a640 JavaThread "InvokeLaterDispatcher"      daemon [_thread_blocked, id=137608, stack(0x0000004e2af00000,0x0000004e2b000000) (1024K)]
  0x0000023fe86a0a40 JavaThread "JavaFX Application Thread"         [_thread_in_Java, id=110548, stack(0x0000004e2b000000,0x0000004e2b100000) (1024K)]
  0x0000023fe8167bd0 JavaThread "JavaFX-Launcher"                   [_thread_blocked, id=139000, stack(0x0000004e2b200000,0x0000004e2b300000) (1024K)]
  0x0000023fe839d3d0 JavaThread "Thread-2"                   daemon [_thread_in_native, id=137588, stack(0x0000004e2b100000,0x0000004e2b200000) (1024K)]
Total: 16

Other Threads:
  0x0000023fe3d018d0 VMThread "VM Thread"                           [id=138040, stack(0x0000004e2a300000,0x0000004e2a400000) (1024K)]
  0x0000023fe3cf0f80 WatcherThread "VM Periodic Task Thread"        [id=136748, stack(0x0000004e2a200000,0x0000004e2a300000) (1024K)]
  0x0000023fc618abe0 WorkerThread "GC Thread#0"                     [id=133052, stack(0x0000004e29d00000,0x0000004e29e00000) (1024K)]
  0x0000023fe84bc290 WorkerThread "GC Thread#1"                     [id=135332, stack(0x0000004e2b300000,0x0000004e2b400000) (1024K)]
  0x0000023fe84bc630 WorkerThread "GC Thread#2"                     [id=137368, stack(0x0000004e2b400000,0x0000004e2b500000) (1024K)]
  0x0000023fe8c6c020 WorkerThread "GC Thread#3"                     [id=138024, stack(0x0000004e2b500000,0x0000004e2b600000) (1024K)]
  0x0000023fe8c6c3c0 WorkerThread "GC Thread#4"                     [id=137808, stack(0x0000004e2b600000,0x0000004e2b700000) (1024K)]
  0x0000023fe8c6c760 WorkerThread "GC Thread#5"                     [id=136348, stack(0x0000004e2b700000,0x0000004e2b800000) (1024K)]
  0x0000023fe849a4f0 WorkerThread "GC Thread#6"                     [id=138216, stack(0x0000004e2b800000,0x0000004e2b900000) (1024K)]
  0x0000023fc6197380 ConcurrentGCThread "G1 Main Marker"            [id=133320, stack(0x0000004e29e00000,0x0000004e29f00000) (1024K)]
  0x0000023fc6198d00 WorkerThread "G1 Conc#0"                       [id=92020, stack(0x0000004e29f00000,0x0000004e2a000000) (1024K)]
  0x0000023fe3bc30b0 ConcurrentGCThread "G1 Refine#0"               [id=137272, stack(0x0000004e2a000000,0x0000004e2a100000) (1024K)]
  0x0000023fe3bc3a30 ConcurrentGCThread "G1 Service"                [id=136240, stack(0x0000004e2a100000,0x0000004e2a200000) (1024K)]
Total: 13

Threads with active compile tasks:
C2 CompilerThread0    30980 1047       4       sun.util.locale.BaseLocale::getInstance (150 bytes)
Total: 1

VM state: not at safepoint (normal execution)

VM Mutex/Monitor currently owned by a thread: None

Heap address: 0x00000000a4200000, size: 1470 MB, Compressed Oops mode: 32-bit

CDS archive(s) mapped at: [0x0000023f80000000-0x0000023f80c90000-0x0000023f80c90000), size 13172736, SharedBaseAddress: 0x0000023f80000000, ArchiveRelocationMode: 1.
Compressed class space mapped at: 0x0000023f81000000-0x0000023fc1000000, reserved size: 1073741824
Narrow klass base: 0x0000023f80000000, Narrow klass shift: 0, Narrow klass range: 0x100000000

GC Precious Log:
 CardTable entry size: 512
 Card Set container configuration: InlinePtr #cards 5 size 8 Array Of Cards #cards 12 size 40 Howl #buckets 4 coarsen threshold 1843 Howl Bitmap #cards 512 size 80 coarsen threshold 460 Card regions per heap region 1 cards per card region 2048
 CPUs: 8 total, 8 available
 Memory: 5877M
 Large Page Support: Disabled
 NUMA Support: Disabled
 Compressed Oops: Enabled (32-bit)
 Heap Region Size: 1M
 Heap Min Capacity: 8M
 Heap Initial Capacity: 92M
 Heap Max Capacity: 1470M
 Pre-touch: Disabled
 Parallel Workers: 8
 Concurrent Workers: 2
 Concurrent Refinement Workers: 8
 Periodic GC: Disabled

Heap:
 garbage-first heap   total 94208K, used 8490K [0x00000000a4200000, 0x0000000100000000)
  region size 1024K, 10 young (10240K), 3 survivors (3072K)
 Metaspace       used 4714K, committed 4928K, reserved 1114112K
  class space    used 544K, committed 640K, reserved 1048576K

Heap Regions: E=young(eden), S=young(survivor), O=old, HS=humongous(starts), HC=humongous(continues), CS=collection set, F=free, TAMS=top-at-mark-start, PB=parsable bottom
|   0|0x00000000a4200000, 0x00000000a4200000, 0x00000000a4300000|  0%| F|  |TAMS 0x00000000a4200000| PB 0x00000000a4200000| Untracked 
|   1|0x00000000a4300000, 0x00000000a4300000, 0x00000000a4400000|  0%| F|  |TAMS 0x00000000a4300000| PB 0x00000000a4300000| Untracked 
|   2|0x00000000a4400000, 0x00000000a4400000, 0x00000000a4500000|  0%| F|  |TAMS 0x00000000a4400000| PB 0x00000000a4400000| Untracked 
|   3|0x00000000a4500000, 0x00000000a4500000, 0x00000000a4600000|  0%| F|  |TAMS 0x00000000a4500000| PB 0x00000000a4500000| Untracked 
|   4|0x00000000a4600000, 0x00000000a4600000, 0x00000000a4700000|  0%| F|  |TAMS 0x00000000a4600000| PB 0x00000000a4600000| Untracked 
|   5|0x00000000a4700000, 0x00000000a4700000, 0x00000000a4800000|  0%| F|  |TAMS 0x00000000a4700000| PB 0x00000000a4700000| Untracked 
|   6|0x00000000a4800000, 0x00000000a4800000, 0x00000000a4900000|  0%| F|  |TAMS 0x00000000a4800000| PB 0x00000000a4800000| Untracked 
|   7|0x00000000a4900000, 0x00000000a4900000, 0x00000000a4a00000|  0%| F|  |TAMS 0x00000000a4900000| PB 0x00000000a4900000| Untracked 
|   8|0x00000000a4a00000, 0x00000000a4a00000, 0x00000000a4b00000|  0%| F|  |TAMS 0x00000000a4a00000| PB 0x00000000a4a00000| Untracked 
|   9|0x00000000a4b00000, 0x00000000a4b00000, 0x00000000a4c00000|  0%| F|  |TAMS 0x00000000a4b00000| PB 0x00000000a4b00000| Untracked 
|  10|0x00000000a4c00000, 0x00000000a4c00000, 0x00000000a4d00000|  0%| F|  |TAMS 0x00000000a4c00000| PB 0x00000000a4c00000| Untracked 
|  11|0x00000000a4d00000, 0x00000000a4d00000, 0x00000000a4e00000|  0%| F|  |TAMS 0x00000000a4d00000| PB 0x00000000a4d00000| Untracked 
|  12|0x00000000a4e00000, 0x00000000a4e00000, 0x00000000a4f00000|  0%| F|  |TAMS 0x00000000a4e00000| PB 0x00000000a4e00000| Untracked 
|  13|0x00000000a4f00000, 0x00000000a4f00000, 0x00000000a5000000|  0%| F|  |TAMS 0x00000000a4f00000| PB 0x00000000a4f00000| Untracked 
|  14|0x00000000a5000000, 0x00000000a5000000, 0x00000000a5100000|  0%| F|  |TAMS 0x00000000a5000000| PB 0x00000000a5000000| Untracked 
|  15|0x00000000a5100000, 0x00000000a5100000, 0x00000000a5200000|  0%| F|  |TAMS 0x00000000a5100000| PB 0x00000000a5100000| Untracked 
|  16|0x00000000a5200000, 0x00000000a5200000, 0x00000000a5300000|  0%| F|  |TAMS 0x00000000a5200000| PB 0x00000000a5200000| Untracked 
|  17|0x00000000a5300000, 0x00000000a5300000, 0x00000000a5400000|  0%| F|  |TAMS 0x00000000a5300000| PB 0x00000000a5300000| Untracked 
|  18|0x00000000a5400000, 0x00000000a5400000, 0x00000000a5500000|  0%| F|  |TAMS 0x00000000a5400000| PB 0x00000000a5400000| Untracked 
|  19|0x00000000a5500000, 0x00000000a5500000, 0x00000000a5600000|  0%| F|  |TAMS 0x00000000a5500000| PB 0x00000000a5500000| Untracked 
|  20|0x00000000a5600000, 0x00000000a5600000, 0x00000000a5700000|  0%| F|  |TAMS 0x00000000a5600000| PB 0x00000000a5600000| Untracked 
|  21|0x00000000a5700000, 0x00000000a5700000, 0x00000000a5800000|  0%| F|  |TAMS 0x00000000a5700000| PB 0x00000000a5700000| Untracked 
|  22|0x00000000a5800000, 0x00000000a5800000, 0x00000000a5900000|  0%| F|  |TAMS 0x00000000a5800000| PB 0x00000000a5800000| Untracked 
|  23|0x00000000a5900000, 0x00000000a5900000, 0x00000000a5a00000|  0%| F|  |TAMS 0x00000000a5900000| PB 0x00000000a5900000| Untracked 
|  24|0x00000000a5a00000, 0x00000000a5a00000, 0x00000000a5b00000|  0%| F|  |TAMS 0x00000000a5a00000| PB 0x00000000a5a00000| Untracked 
|  25|0x00000000a5b00000, 0x00000000a5b00000, 0x00000000a5c00000|  0%| F|  |TAMS 0x00000000a5b00000| PB 0x00000000a5b00000| Untracked 
|  26|0x00000000a5c00000, 0x00000000a5c00000, 0x00000000a5d00000|  0%| F|  |TAMS 0x00000000a5c00000| PB 0x00000000a5c00000| Untracked 
|  27|0x00000000a5d00000, 0x00000000a5d00000, 0x00000000a5e00000|  0%| F|  |TAMS 0x00000000a5d00000| PB 0x00000000a5d00000| Untracked 
|  28|0x00000000a5e00000, 0x00000000a5e00000, 0x00000000a5f00000|  0%| F|  |TAMS 0x00000000a5e00000| PB 0x00000000a5e00000| Untracked 
|  29|0x00000000a5f00000, 0x00000000a5f00000, 0x00000000a6000000|  0%| F|  |TAMS 0x00000000a5f00000| PB 0x00000000a5f00000| Untracked 
|  30|0x00000000a6000000, 0x00000000a6000000, 0x00000000a6100000|  0%| F|  |TAMS 0x00000000a6000000| PB 0x00000000a6000000| Untracked 
|  31|0x00000000a6100000, 0x00000000a6100000, 0x00000000a6200000|  0%| F|  |TAMS 0x00000000a6100000| PB 0x00000000a6100000| Untracked 
|  32|0x00000000a6200000, 0x00000000a6200000, 0x00000000a6300000|  0%| F|  |TAMS 0x00000000a6200000| PB 0x00000000a6200000| Untracked 
|  33|0x00000000a6300000, 0x00000000a6300000, 0x00000000a6400000|  0%| F|  |TAMS 0x00000000a6300000| PB 0x00000000a6300000| Untracked 
|  34|0x00000000a6400000, 0x00000000a6400000, 0x00000000a6500000|  0%| F|  |TAMS 0x00000000a6400000| PB 0x00000000a6400000| Untracked 
|  35|0x00000000a6500000, 0x00000000a6500000, 0x00000000a6600000|  0%| F|  |TAMS 0x00000000a6500000| PB 0x00000000a6500000| Untracked 
|  36|0x00000000a6600000, 0x00000000a6600000, 0x00000000a6700000|  0%| F|  |TAMS 0x00000000a6600000| PB 0x00000000a6600000| Untracked 
|  37|0x00000000a6700000, 0x00000000a6700000, 0x00000000a6800000|  0%| F|  |TAMS 0x00000000a6700000| PB 0x00000000a6700000| Untracked 
|  38|0x00000000a6800000, 0x00000000a6800000, 0x00000000a6900000|  0%| F|  |TAMS 0x00000000a6800000| PB 0x00000000a6800000| Untracked 
|  39|0x00000000a6900000, 0x00000000a6900000, 0x00000000a6a00000|  0%| F|  |TAMS 0x00000000a6900000| PB 0x00000000a6900000| Untracked 
|  40|0x00000000a6a00000, 0x00000000a6a00000, 0x00000000a6b00000|  0%| F|  |TAMS 0x00000000a6a00000| PB 0x00000000a6a00000| Untracked 
|  41|0x00000000a6b00000, 0x00000000a6b00000, 0x00000000a6c00000|  0%| F|  |TAMS 0x00000000a6b00000| PB 0x00000000a6b00000| Untracked 
|  42|0x00000000a6c00000, 0x00000000a6c00000, 0x00000000a6d00000|  0%| F|  |TAMS 0x00000000a6c00000| PB 0x00000000a6c00000| Untracked 
|  43|0x00000000a6d00000, 0x00000000a6d00000, 0x00000000a6e00000|  0%| F|  |TAMS 0x00000000a6d00000| PB 0x00000000a6d00000| Untracked 
|  44|0x00000000a6e00000, 0x00000000a6e00000, 0x00000000a6f00000|  0%| F|  |TAMS 0x00000000a6e00000| PB 0x00000000a6e00000| Untracked 
|  45|0x00000000a6f00000, 0x00000000a6f00000, 0x00000000a7000000|  0%| F|  |TAMS 0x00000000a6f00000| PB 0x00000000a6f00000| Untracked 
|  46|0x00000000a7000000, 0x00000000a7000000, 0x00000000a7100000|  0%| F|  |TAMS 0x00000000a7000000| PB 0x00000000a7000000| Untracked 
|  47|0x00000000a7100000, 0x00000000a7100000, 0x00000000a7200000|  0%| F|  |TAMS 0x00000000a7100000| PB 0x00000000a7100000| Untracked 
|  48|0x00000000a7200000, 0x00000000a7200000, 0x00000000a7300000|  0%| F|  |TAMS 0x00000000a7200000| PB 0x00000000a7200000| Untracked 
|  49|0x00000000a7300000, 0x00000000a7300000, 0x00000000a7400000|  0%| F|  |TAMS 0x00000000a7300000| PB 0x00000000a7300000| Untracked 
|  50|0x00000000a7400000, 0x00000000a7400000, 0x00000000a7500000|  0%| F|  |TAMS 0x00000000a7400000| PB 0x00000000a7400000| Untracked 
|  51|0x00000000a7500000, 0x00000000a7500000, 0x00000000a7600000|  0%| F|  |TAMS 0x00000000a7500000| PB 0x00000000a7500000| Untracked 
|  52|0x00000000a7600000, 0x00000000a7600000, 0x00000000a7700000|  0%| F|  |TAMS 0x00000000a7600000| PB 0x00000000a7600000| Untracked 
|  53|0x00000000a7700000, 0x00000000a7700000, 0x00000000a7800000|  0%| F|  |TAMS 0x00000000a7700000| PB 0x00000000a7700000| Untracked 
|  54|0x00000000a7800000, 0x00000000a7800000, 0x00000000a7900000|  0%| F|  |TAMS 0x00000000a7800000| PB 0x00000000a7800000| Untracked 
|  55|0x00000000a7900000, 0x00000000a7900000, 0x00000000a7a00000|  0%| F|  |TAMS 0x00000000a7900000| PB 0x00000000a7900000| Untracked 
|  56|0x00000000a7a00000, 0x00000000a7a00000, 0x00000000a7b00000|  0%| F|  |TAMS 0x00000000a7a00000| PB 0x00000000a7a00000| Untracked 
|  57|0x00000000a7b00000, 0x00000000a7b00000, 0x00000000a7c00000|  0%| F|  |TAMS 0x00000000a7b00000| PB 0x00000000a7b00000| Untracked 
|  58|0x00000000a7c00000, 0x00000000a7c00000, 0x00000000a7d00000|  0%| F|  |TAMS 0x00000000a7c00000| PB 0x00000000a7c00000| Untracked 
|  59|0x00000000a7d00000, 0x00000000a7d00000, 0x00000000a7e00000|  0%| F|  |TAMS 0x00000000a7d00000| PB 0x00000000a7d00000| Untracked 
|  60|0x00000000a7e00000, 0x00000000a7e00000, 0x00000000a7f00000|  0%| F|  |TAMS 0x00000000a7e00000| PB 0x00000000a7e00000| Untracked 
|  61|0x00000000a7f00000, 0x00000000a7f00000, 0x00000000a8000000|  0%| F|  |TAMS 0x00000000a7f00000| PB 0x00000000a7f00000| Untracked 
|  62|0x00000000a8000000, 0x00000000a8000000, 0x00000000a8100000|  0%| F|  |TAMS 0x00000000a8000000| PB 0x00000000a8000000| Untracked 
|  63|0x00000000a8100000, 0x00000000a8100000, 0x00000000a8200000|  0%| F|  |TAMS 0x00000000a8100000| PB 0x00000000a8100000| Untracked 
|  64|0x00000000a8200000, 0x00000000a8200000, 0x00000000a8300000|  0%| F|  |TAMS 0x00000000a8200000| PB 0x00000000a8200000| Untracked 
|  65|0x00000000a8300000, 0x00000000a8300000, 0x00000000a8400000|  0%| F|  |TAMS 0x00000000a8300000| PB 0x00000000a8300000| Untracked 
|  66|0x00000000a8400000, 0x00000000a844aa98, 0x00000000a8500000| 29%| S|CS|TAMS 0x00000000a8400000| PB 0x00000000a8400000| Complete 
|  67|0x00000000a8500000, 0x00000000a8600000, 0x00000000a8600000|100%| S|CS|TAMS 0x00000000a8500000| PB 0x00000000a8500000| Complete 
|  68|0x00000000a8600000, 0x00000000a8700000, 0x00000000a8700000|100%| S|CS|TAMS 0x00000000a8600000| PB 0x00000000a8600000| Complete 
|  69|0x00000000a8700000, 0x00000000a8700000, 0x00000000a8800000|  0%| F|  |TAMS 0x00000000a8700000| PB 0x00000000a8700000| Untracked 
|  70|0x00000000a8800000, 0x00000000a8800000, 0x00000000a8900000|  0%| F|  |TAMS 0x00000000a8800000| PB 0x00000000a8800000| Untracked 
|  71|0x00000000a8900000, 0x00000000a8900000, 0x00000000a8a00000|  0%| F|  |TAMS 0x00000000a8900000| PB 0x00000000a8900000| Untracked 
|  72|0x00000000a8a00000, 0x00000000a8a00000, 0x00000000a8b00000|  0%| F|  |TAMS 0x00000000a8a00000| PB 0x00000000a8a00000| Untracked 
|  73|0x00000000a8b00000, 0x00000000a8b00000, 0x00000000a8c00000|  0%| F|  |TAMS 0x00000000a8b00000| PB 0x00000000a8b00000| Untracked 
|  74|0x00000000a8c00000, 0x00000000a8c00000, 0x00000000a8d00000|  0%| F|  |TAMS 0x00000000a8c00000| PB 0x00000000a8c00000| Untracked 
|  75|0x00000000a8d00000, 0x00000000a8d00000, 0x00000000a8e00000|  0%| F|  |TAMS 0x00000000a8d00000| PB 0x00000000a8d00000| Untracked 
|  76|0x00000000a8e00000, 0x00000000a8e00000, 0x00000000a8f00000|  0%| F|  |TAMS 0x00000000a8e00000| PB 0x00000000a8e00000| Untracked 
|  77|0x00000000a8f00000, 0x00000000a8f00000, 0x00000000a9000000|  0%| F|  |TAMS 0x00000000a8f00000| PB 0x00000000a8f00000| Untracked 
|  78|0x00000000a9000000, 0x00000000a9000000, 0x00000000a9100000|  0%| F|  |TAMS 0x00000000a9000000| PB 0x00000000a9000000| Untracked 
|  79|0x00000000a9100000, 0x00000000a9100000, 0x00000000a9200000|  0%| F|  |TAMS 0x00000000a9100000| PB 0x00000000a9100000| Untracked 
|  80|0x00000000a9200000, 0x00000000a9200000, 0x00000000a9300000|  0%| F|  |TAMS 0x00000000a9200000| PB 0x00000000a9200000| Untracked 
|  81|0x00000000a9300000, 0x00000000a9300000, 0x00000000a9400000|  0%| F|  |TAMS 0x00000000a9300000| PB 0x00000000a9300000| Untracked 
|  82|0x00000000a9400000, 0x00000000a9400000, 0x00000000a9500000|  0%| F|  |TAMS 0x00000000a9400000| PB 0x00000000a9400000| Untracked 
|  83|0x00000000a9500000, 0x00000000a9500000, 0x00000000a9600000|  0%| F|  |TAMS 0x00000000a9500000| PB 0x00000000a9500000| Untracked 
|  84|0x00000000a9600000, 0x00000000a9600000, 0x00000000a9700000|  0%| F|  |TAMS 0x00000000a9600000| PB 0x00000000a9600000| Untracked 
|  85|0x00000000a9700000, 0x00000000a97f5ee8, 0x00000000a9800000| 96%| E|  |TAMS 0x00000000a9700000| PB 0x00000000a9700000| Complete 
|  86|0x00000000a9800000, 0x00000000a9900000, 0x00000000a9900000|100%| E|CS|TAMS 0x00000000a9800000| PB 0x00000000a9800000| Complete 
|  87|0x00000000a9900000, 0x00000000a9a00000, 0x00000000a9a00000|100%| E|CS|TAMS 0x00000000a9900000| PB 0x00000000a9900000| Complete 
|  88|0x00000000a9a00000, 0x00000000a9b00000, 0x00000000a9b00000|100%| E|CS|TAMS 0x00000000a9a00000| PB 0x00000000a9a00000| Complete 
|  89|0x00000000a9b00000, 0x00000000a9c00000, 0x00000000a9c00000|100%| E|CS|TAMS 0x00000000a9b00000| PB 0x00000000a9b00000| Complete 
|  90|0x00000000a9c00000, 0x00000000a9d00000, 0x00000000a9d00000|100%| E|CS|TAMS 0x00000000a9c00000| PB 0x00000000a9c00000| Complete 
|  91|0x00000000a9d00000, 0x00000000a9e00000, 0x00000000a9e00000|100%| E|CS|TAMS 0x00000000a9d00000| PB 0x00000000a9d00000| Complete 

Card table byte_map: [0x0000023fdf940000,0x0000023fdfc20000] _byte_map_base: 0x0000023fdf41f000

Marking Bits: (CMBitMap*) 0x0000023fc618b2e0
 Bits: [0x0000023fdfc20000, 0x0000023fe1318000)

Polling page: 0x0000023fc5e50000

Metaspace:

Usage:
  Non-class:      4.07 MB used.
      Class:    544.59 KB used.
       Both:      4.60 MB used.

Virtual space:
  Non-class space:       64.00 MB reserved,       4.19 MB (  7%) committed,  1 nodes.
      Class space:        1.00 GB reserved,     640.00 KB ( <1%) committed,  1 nodes.
             Both:        1.06 GB reserved,       4.81 MB ( <1%) committed. 

Chunk freelists:
   Non-Class:  9.96 MB
       Class:  15.36 MB
        Both:  25.32 MB

MaxMetaspaceSize: unlimited
CompressedClassSpaceSize: 1.00 GB
Initial GC threshold: 21.00 MB
Current GC threshold: 21.00 MB
CDS: on
 - commit_granule_bytes: 65536.
 - commit_granule_words: 8192.
 - virtual_space_node_default_size: 8388608.
 - enlarge_chunks_in_place: 1.
 - use_allocation_guard: 0.


Internal statistics:

num_allocs_failed_limit: 0.
num_arena_births: 112.
num_arena_deaths: 0.
num_vsnodes_births: 2.
num_vsnodes_deaths: 0.
num_space_committed: 77.
num_space_uncommitted: 0.
num_chunks_returned_to_freelist: 0.
num_chunks_taken_from_freelist: 242.
num_chunk_merges: 0.
num_chunk_splits: 157.
num_chunks_enlarged: 102.
num_inconsistent_stats: 0.

CodeHeap 'non-profiled nmethods': size=120000Kb used=371Kb max_used=371Kb free=119628Kb
 bounds [0x0000023fd76d0000, 0x0000023fd7940000, 0x0000023fdec00000]
CodeHeap 'profiled nmethods': size=120000Kb used=1985Kb max_used=1985Kb free=118014Kb
 bounds [0x0000023fcfc00000, 0x0000023fcfe70000, 0x0000023fd7130000]
CodeHeap 'non-nmethods': size=5760Kb used=1380Kb max_used=1394Kb free=4379Kb
 bounds [0x0000023fd7130000, 0x0000023fd73a0000, 0x0000023fd76d0000]
 total_blobs=1683 nmethods=1202 adapters=386
 compilation: enabled
              stopped_count=0, restarted_count=0
 full_count=0

Compilation events (20 events):
Event: 28.924 Thread 0x0000023fe3d37aa0 1157       1       java.nio.Buffer::limit (5 bytes)
Event: 28.924 Thread 0x0000023fe3d37aa0 nmethod 1157 0x0000023fd772bf10 code [0x0000023fd772c0a0, 0x0000023fd772c168]
Event: 28.925 Thread 0x0000023fe3d37aa0 1158       2       java.util.Locale::getScript (8 bytes)
Event: 28.925 Thread 0x0000023fe3d37aa0 nmethod 1158 0x0000023fcfdd1910 code [0x0000023fcfdd1aa0, 0x0000023fcfdd1bb0]
Event: 28.925 Thread 0x0000023fe3d37aa0 1159       2       java.util.Locale::getCountry (8 bytes)
Event: 28.925 Thread 0x0000023fe3d37aa0 nmethod 1159 0x0000023fcfdd1c90 code [0x0000023fcfdd1e20, 0x0000023fcfdd1f30]
Event: 28.925 Thread 0x0000023fe3d37aa0 1160       2       java.util.Locale::getVariant (8 bytes)
Event: 28.926 Thread 0x0000023fe3d37aa0 nmethod 1160 0x0000023fcfdd2010 code [0x0000023fcfdd21a0, 0x0000023fcfdd22b0]
Event: 28.926 Thread 0x0000023fe3d37aa0 1162       1       jdk.internal.loader.URLClassPath$Loader::getBaseURL (5 bytes)
Event: 28.926 Thread 0x0000023fe3d37aa0 nmethod 1162 0x0000023fd772c810 code [0x0000023fd772c9a0, 0x0000023fd772ca68]
Event: 28.927 Thread 0x0000023fe3d37aa0 1163   !   2       jdk.internal.loader.URLClassPath$JarLoader::ensureOpen (36 bytes)
Event: 28.927 Thread 0x0000023fe3d37aa0 nmethod 1163 0x0000023fcfdd2390 code [0x0000023fcfdd2540, 0x0000023fcfdd27c0]
Event: 28.927 Thread 0x0000023fe3d37aa0 1164       2       java.lang.ClassLoader::getResource (41 bytes)
Event: 28.927 Thread 0x0000023fe3d37aa0 nmethod 1164 0x0000023fcfdd2910 code [0x0000023fcfdd2ae0, 0x0000023fcfdd2d60]
Event: 28.927 Thread 0x0000023fe3d37aa0 1165       2       jdk.internal.loader.URLClassPath$JarLoader::findResource (18 bytes)
Event: 28.928 Thread 0x0000023fe3d37aa0 nmethod 1165 0x0000023fcfdd2f10 code [0x0000023fcfdd30c0, 0x0000023fcfdd3228]
Event: 28.928 Thread 0x0000023fe3d37aa0 1166   !   2       jdk.internal.loader.URLClassPath$JarLoader::getResource (40 bytes)
Event: 28.928 Thread 0x0000023fe3d37aa0 nmethod 1166 0x0000023fcfdd3310 code [0x0000023fcfdd34e0, 0x0000023fcfdd37c8]
Event: 28.928 Thread 0x0000023fe3d37aa0 1167   !   2       java.util.ResourceBundle::findBundleInCache (327 bytes)
Event: 30.929 Thread 0x0000023fe3d37aa0 nmethod 1167 0x0000023fcfdd3990 code [0x0000023fcfdd3c80, 0x0000023fcfdd4a78]

GC Heap History (2 events):
Event: 17.838 GC heap before
{Heap before GC invocations=0 (full 0):
 garbage-first heap   total 94208K, used 22528K [0x00000000a4200000, 0x0000000100000000)
  region size 1024K, 23 young (23552K), 0 survivors (0K)
 Metaspace       used 4355K, committed 4608K, reserved 1114112K
  class space    used 519K, committed 640K, reserved 1048576K
}
Event: 17.843 GC heap after
{Heap after GC invocations=1 (full 0):
 garbage-first heap   total 94208K, used 2346K [0x00000000a4200000, 0x0000000100000000)
  region size 1024K, 3 young (3072K), 3 survivors (3072K)
 Metaspace       used 4355K, committed 4608K, reserved 1114112K
  class space    used 519K, committed 640K, reserved 1048576K
}

Dll operation events (20 events):
Event: 11.616 Loaded shared library C:\Users\edy14\.openjfx\cache\23.0.2+3\amd64\api-ms-win-crt-locale-l1-1-0.dll
Event: 11.623 Loaded shared library C:\Users\edy14\.openjfx\cache\23.0.2+3\amd64\api-ms-win-crt-math-l1-1-0.dll
Event: 11.629 Loaded shared library C:\Users\edy14\.openjfx\cache\23.0.2+3\amd64\api-ms-win-crt-multibyte-l1-1-0.dll
Event: 11.637 Loaded shared library C:\Users\edy14\.openjfx\cache\23.0.2+3\amd64\api-ms-win-crt-private-l1-1-0.dll
Event: 11.643 Loaded shared library C:\Users\edy14\.openjfx\cache\23.0.2+3\amd64\api-ms-win-crt-process-l1-1-0.dll
Event: 11.649 Loaded shared library C:\Users\edy14\.openjfx\cache\23.0.2+3\amd64\api-ms-win-crt-runtime-l1-1-0.dll
Event: 11.656 Loaded shared library C:\Users\edy14\.openjfx\cache\23.0.2+3\amd64\api-ms-win-crt-stdio-l1-1-0.dll
Event: 11.662 Loaded shared library C:\Users\edy14\.openjfx\cache\23.0.2+3\amd64\api-ms-win-crt-string-l1-1-0.dll
Event: 11.667 Loaded shared library C:\Users\edy14\.openjfx\cache\23.0.2+3\amd64\api-ms-win-crt-time-l1-1-0.dll
Event: 11.673 Loaded shared library C:\Users\edy14\.openjfx\cache\23.0.2+3\amd64\api-ms-win-crt-utility-l1-1-0.dll
Event: 11.724 Loaded shared library C:\Users\edy14\.openjfx\cache\23.0.2+3\amd64\ucrtbase.dll
Event: 11.735 Loaded shared library C:\Users\edy14\.openjfx\cache\23.0.2+3\amd64\vcruntime140.dll
Event: 11.742 Loaded shared library C:\Users\edy14\.openjfx\cache\23.0.2+3\amd64\vcruntime140_1.dll
Event: 11.767 Loaded shared library C:\Users\edy14\.openjfx\cache\23.0.2+3\amd64\msvcp140.dll
Event: 11.775 Loaded shared library C:\Users\edy14\.openjfx\cache\23.0.2+3\amd64\msvcp140_1.dll
Event: 11.791 Loaded shared library C:\Users\edy14\.openjfx\cache\23.0.2+3\amd64\msvcp140_2.dll
Event: 11.876 Loaded shared library C:\Users\edy14\.openjfx\cache\23.0.2+3\amd64\prism_d3d.dll
Event: 16.588 Loaded shared library C:\Users\edy14\.openjfx\cache\23.0.2+3\amd64\prism_sw.dll
Event: 16.679 Loaded shared library C:\Users\edy14\.openjfx\cache\23.0.2+3\amd64\glass.dll
Event: 17.808 Loaded shared library C:\Program Files\Java\jdk-21\bin\jimage.dll

Deoptimization events (20 events):
Event: 5.370 Thread 0x0000023fc5b6fb50 Uncommon trap: trap_request=0xffffffde fr.pc=0x0000023fd76edbc4 relative=0x0000000000000964
Event: 5.370 Thread 0x0000023fc5b6fb50 Uncommon trap: reason=class_check action=maybe_recompile pc=0x0000023fd76edbc4 method=java.util.HashMap.putVal(ILjava/lang/Object;Ljava/lang/Object;ZZ)Ljava/lang/Object; @ 152 c2
Event: 5.370 Thread 0x0000023fc5b6fb50 DEOPT PACKING pc=0x0000023fd76edbc4 sp=0x0000004e29cfe7a0
Event: 5.370 Thread 0x0000023fc5b6fb50 DEOPT UNPACKING pc=0x0000023fd71846a2 sp=0x0000004e29cfe730 mode 2
Event: 5.370 Thread 0x0000023fc5b6fb50 Uncommon trap: trap_request=0xffffffde fr.pc=0x0000023fd76edbc4 relative=0x0000000000000964
Event: 5.370 Thread 0x0000023fc5b6fb50 Uncommon trap: reason=class_check action=maybe_recompile pc=0x0000023fd76edbc4 method=java.util.HashMap.putVal(ILjava/lang/Object;Ljava/lang/Object;ZZ)Ljava/lang/Object; @ 152 c2
Event: 5.370 Thread 0x0000023fc5b6fb50 DEOPT PACKING pc=0x0000023fd76edbc4 sp=0x0000004e29cfe7a0
Event: 5.370 Thread 0x0000023fc5b6fb50 DEOPT UNPACKING pc=0x0000023fd71846a2 sp=0x0000004e29cfe730 mode 2
Event: 11.713 Thread 0x0000023fc5b6fb50 DEOPT PACKING pc=0x0000023fcfcf1097 sp=0x0000004e29cfeb00
Event: 11.713 Thread 0x0000023fc5b6fb50 DEOPT UNPACKING pc=0x0000023fd7184e42 sp=0x0000004e29cfdf20 mode 0
Event: 11.730 Thread 0x0000023fc5b6fb50 DEOPT PACKING pc=0x0000023fcfce405d sp=0x0000004e29cfead0
Event: 11.730 Thread 0x0000023fc5b6fb50 DEOPT UNPACKING pc=0x0000023fd7184e42 sp=0x0000004e29cfdf68 mode 0
Event: 17.871 Thread 0x0000023fe86a0a40 Uncommon trap: trap_request=0xffffff45 fr.pc=0x0000023fd77256a0 relative=0x0000000000000300
Event: 17.871 Thread 0x0000023fe86a0a40 Uncommon trap: reason=unstable_if action=reinterpret pc=0x0000023fd77256a0 method=java.util.regex.Matcher.search(I)Z @ 126 c2
Event: 17.871 Thread 0x0000023fe86a0a40 DEOPT PACKING pc=0x0000023fd77256a0 sp=0x0000004e2b0fb0a0
Event: 17.871 Thread 0x0000023fe86a0a40 DEOPT UNPACKING pc=0x0000023fd71846a2 sp=0x0000004e2b0fb078 mode 2
Event: 22.902 Thread 0x0000023fe86a0a40 Uncommon trap: trap_request=0xffffff45 fr.pc=0x0000023fd76f7368 relative=0x0000000000000848
Event: 22.902 Thread 0x0000023fe86a0a40 Uncommon trap: reason=unstable_if action=reinterpret pc=0x0000023fd76f7368 method=java.util.zip.ZipFile$Source.checkAndAddEntry(II)I @ 50 c2
Event: 22.902 Thread 0x0000023fe86a0a40 DEOPT PACKING pc=0x0000023fd76f7368 sp=0x0000004e2b0faab0
Event: 22.902 Thread 0x0000023fe86a0a40 DEOPT UNPACKING pc=0x0000023fd71846a2 sp=0x0000004e2b0faa20 mode 2

Classes loaded (20 events):
Event: 21.894 Loading class jdk/internal/access/JavaUtilCollectionAccess done
Event: 21.894 Loading class java/util/ImmutableCollections$Access$1 done
Event: 21.895 Loading class java/util/ResourceBundle$CacheKey
Event: 21.895 Loading class java/util/ResourceBundle$CacheKey done
Event: 21.895 Loading class java/util/ResourceBundle$KeyElementReference
Event: 21.896 Loading class java/util/ResourceBundle$CacheKeyReference
Event: 21.896 Loading class java/util/ResourceBundle$CacheKeyReference done
Event: 21.896 Loading class java/util/ResourceBundle$KeyElementReference done
Event: 21.897 Loading class java/util/PropertyResourceBundle
Event: 21.897 Loading class java/util/PropertyResourceBundle done
Event: 21.897 Loading class sun/util/PropertyResourceBundleCharset
Event: 21.898 Loading class sun/util/PropertyResourceBundleCharset done
Event: 21.898 Loading class sun/util/PropertyResourceBundleCharset$PropertiesFileDecoder
Event: 21.899 Loading class sun/util/PropertyResourceBundleCharset$PropertiesFileDecoder done
Event: 21.899 Loading class sun/nio/cs/UTF_8$Decoder
Event: 21.899 Loading class sun/nio/cs/UTF_8$Decoder done
Event: 21.899 Loading class sun/nio/cs/StreamDecoder
Event: 21.900 Loading class sun/nio/cs/StreamDecoder done
Event: 21.900 Loading class java/util/ResourceBundle$BundleReference
Event: 21.901 Loading class java/util/ResourceBundle$BundleReference done

Classes unloaded (0 events):
No events

Classes redefined (0 events):
No events

Internal exceptions (20 events):
Event: 28.926 Thread 0x0000023fe86a0a40 Exception <a 'java/lang/ClassNotFoundException'{0x00000000a98fb880}: com/sun/glass/ui/win/themes_no_NO_NY> (0x00000000a98fb880) 
thrown [s\open\src\hotspot\share\prims\jni.cpp, line 539]
Event: 28.926 Thread 0x0000023fe86a0a40 Exception <a 'java/lang/ClassNotFoundException'{0x00000000a98fc8c0}: com/sun/glass/ui/win/themes_nn> (0x00000000a98fc8c0) 
thrown [s\open\src\hotspot\share\prims\jni.cpp, line 539]
Event: 28.927 Thread 0x0000023fe86a0a40 Exception <a 'java/lang/ClassNotFoundException'{0x00000000a98fd8f8}: com/sun/glass/ui/win/themes_nn_NO> (0x00000000a98fd8f8) 
thrown [s\open\src\hotspot\share\prims\jni.cpp, line 539]
Event: 28.927 Thread 0x0000023fe86a0a40 Exception <a 'java/lang/ClassNotFoundException'{0x00000000a98fed20}: com/sun/glass/ui/win/themes_pl_Latn> (0x00000000a98fed20) 
thrown [s\open\src\hotspot\share\prims\jni.cpp, line 539]
Event: 28.928 Thread 0x0000023fe86a0a40 Exception <a 'java/lang/ClassNotFoundException'{0x00000000a98ffd68}: com/sun/glass/ui/win/themes_pl_Latn_PL> (0x00000000a98ffd68) 
thrown [s\open\src\hotspot\share\prims\jni.cpp, line 539]
Event: 28.928 Thread 0x0000023fe86a0a40 Exception <a 'java/lang/ClassNotFoundException'{0x00000000a9701698}: com/sun/glass/ui/win/themes_tok> (0x00000000a9701698) 
thrown [s\open\src\hotspot\share\prims\jni.cpp, line 539]
Event: 28.929 Thread 0x0000023fe86a0a40 Exception <a 'java/lang/ClassNotFoundException'{0x00000000a9702aa0}: com/sun/glass/ui/win/themes_gu> (0x00000000a9702aa0) 
thrown [s\open\src\hotspot\share\prims\jni.cpp, line 539]
Event: 28.929 Thread 0x0000023fe86a0a40 Exception <a 'java/lang/ClassNotFoundException'{0x00000000a9703ad8}: com/sun/glass/ui/win/themes_gu_IN> (0x00000000a9703ad8) 
thrown [s\open\src\hotspot\share\prims\jni.cpp, line 539]
Event: 28.929 Thread 0x0000023fe86a0a40 Exception <a 'java/lang/ClassNotFoundException'{0x00000000a9704b20}: com/sun/glass/ui/win/themes_gu_Gujr> (0x00000000a9704b20) 
thrown [s\open\src\hotspot\share\prims\jni.cpp, line 539]
Event: 28.929 Thread 0x0000023fe86a0a40 Exception <a 'java/lang/ClassNotFoundException'{0x00000000a9705b68}: com/sun/glass/ui/win/themes_gu_Gujr_IN> (0x00000000a9705b68) 
thrown [s\open\src\hotspot\share\prims\jni.cpp, line 539]
Event: 28.930 Thread 0x0000023fe86a0a40 Exception <a 'java/lang/ClassNotFoundException'{0x00000000a9706dc8}: com/sun/glass/ui/win/themes_teo> (0x00000000a9706dc8) 
thrown [s\open\src\hotspot\share\prims\jni.cpp, line 539]
Event: 28.930 Thread 0x0000023fe86a0a40 Exception <a 'java/lang/ClassNotFoundException'{0x00000000a9708030}: com/sun/glass/ui/win/themes_tr> (0x00000000a9708030) 
thrown [s\open\src\hotspot\share\prims\jni.cpp, line 539]
Event: 28.930 Thread 0x0000023fe86a0a40 Exception <a 'java/lang/ClassNotFoundException'{0x00000000a9709068}: com/sun/glass/ui/win/themes_tr_TR> (0x00000000a9709068) 
thrown [s\open\src\hotspot\share\prims\jni.cpp, line 539]
Event: 28.930 Thread 0x0000023fe86a0a40 Exception <a 'java/lang/ClassNotFoundException'{0x00000000a970a298}: com/sun/glass/ui/win/themes_eu> (0x00000000a970a298) 
thrown [s\open\src\hotspot\share\prims\jni.cpp, line 539]
Event: 28.930 Thread 0x0000023fe86a0a40 Exception <a 'java/lang/ClassNotFoundException'{0x00000000a970b6a0}: com/sun/glass/ui/win/themes_kl> (0x00000000a970b6a0) 
thrown [s\open\src\hotspot\share\prims\jni.cpp, line 539]
Event: 28.930 Thread 0x0000023fe86a0a40 Exception <a 'java/lang/ClassNotFoundException'{0x00000000a970c6d8}: com/sun/glass/ui/win/themes_kl_GL> (0x00000000a970c6d8) 
thrown [s\open\src\hotspot\share\prims\jni.cpp, line 539]
Event: 28.930 Thread 0x0000023fe86a0a40 Exception <a 'java/lang/ClassNotFoundException'{0x00000000a970d720}: com/sun/glass/ui/win/themes_kl_Latn> (0x00000000a970d720) 
thrown [s\open\src\hotspot\share\prims\jni.cpp, line 539]
Event: 28.931 Thread 0x0000023fe86a0a40 Exception <a 'java/lang/ClassNotFoundException'{0x00000000a970e768}: com/sun/glass/ui/win/themes_kl_Latn_GL> (0x00000000a970e768) 
thrown [s\open\src\hotspot\share\prims\jni.cpp, line 539]
Event: 28.931 Thread 0x0000023fe86a0a40 Exception <a 'java/lang/ClassNotFoundException'{0x00000000a970fa20}: com/sun/glass/ui/win/themes_ar_MR> (0x00000000a970fa20) 
thrown [s\open\src\hotspot\share\prims\jni.cpp, line 539]
Event: 28.931 Thread 0x0000023fe86a0a40 Exception <a 'java/lang/ClassNotFoundException'{0x00000000a9710ca8}: com/sun/glass/ui/win/themes_es_DO> (0x00000000a9710ca8) 
thrown [s\open\src\hotspot\share\prims\jni.cpp, line 539]

ZGC Phase Switch (0 events):
No events

VM Operations (20 events):
Event: 17.779 Executing VM operation: Cleanup done
Event: 17.827 Executing VM operation: HandshakeAllThreads (Deoptimize)
Event: 17.827 Executing VM operation: HandshakeAllThreads (Deoptimize) done
Event: 17.838 Executing VM operation: G1CollectForAllocation (G1 Evacuation Pause)
Event: 17.843 Executing VM operation: G1CollectForAllocation (G1 Evacuation Pause) done
Event: 18.843 Executing VM operation: Cleanup
Event: 18.873 Executing VM operation: Cleanup done
Event: 19.873 Executing VM operation: Cleanup
Event: 19.877 Executing VM operation: Cleanup done
Event: 20.877 Executing VM operation: Cleanup
Event: 20.886 Executing VM operation: Cleanup done
Event: 22.887 Executing VM operation: Cleanup
Event: 22.901 Executing VM operation: Cleanup done
Event: 23.901 Executing VM operation: Cleanup
Event: 23.904 Executing VM operation: Cleanup done
Event: 24.904 Executing VM operation: Cleanup
Event: 24.908 Executing VM operation: Cleanup done
Event: 28.910 Executing VM operation: Cleanup
Event: 28.918 Executing VM operation: Cleanup done
Event: 29.918 Executing VM operation: Cleanup

Events (16 events):
Event: 1.060 Thread 0x0000023fc5b6fb50 Thread added: 0x0000023fc5b6fb50
Event: 1.077 Thread 0x0000023fe3d1c3e0 Thread added: 0x0000023fe3d1c3e0
Event: 1.077 Thread 0x0000023fe3d1d030 Thread added: 0x0000023fe3d1d030
Event: 1.077 Thread 0x0000023fe3d25d70 Thread added: 0x0000023fe3d25d70
Event: 1.077 Thread 0x0000023fe3d27c60 Thread added: 0x0000023fe3d27c60
Event: 1.077 Thread 0x0000023fe3d2b230 Thread added: 0x0000023fe3d2b230
Event: 1.077 Thread 0x0000023fe3d2cf90 Thread added: 0x0000023fe3d2cf90
Event: 1.078 Thread 0x0000023fe3d34490 Thread added: 0x0000023fe3d34490
Event: 1.078 Thread 0x0000023fe3d37aa0 Thread added: 0x0000023fe3d37aa0
Event: 2.122 Thread 0x0000023fe808c510 Thread added: 0x0000023fe808c510
Event: 5.254 Thread 0x0000023fe82671a0 Thread added: 0x0000023fe82671a0
Event: 11.844 Thread 0x0000023fe83fe6d0 Thread added: 0x0000023fe83fe6d0
Event: 16.682 Thread 0x0000023fe840a640 Thread added: 0x0000023fe840a640
Event: 16.684 Thread 0x0000023fe86a0a40 Thread added: 0x0000023fe86a0a40
Event: 16.766 Thread 0x0000023fe8167bd0 Thread added: 0x0000023fe8167bd0
Event: 16.775 Thread 0x0000023fe839d3d0 Thread added: 0x0000023fe839d3d0


Dynamic libraries:
0x00007ff6757e0000 - 0x00007ff6757f0000 	C:\Program Files\Java\jdk-21\bin\java.exe
0x00007ff811340000 - 0x00007ff8115a8000 	C:\WINDOWS\SYSTEM32\ntdll.dll
0x00007ff8102c0000 - 0x00007ff810389000 	C:\WINDOWS\System32\KERNEL32.DLL
0x00007ff80e550000 - 0x00007ff80e93d000 	C:\WINDOWS\System32\KERNELBASE.dll
0x00007ff80ed00000 - 0x00007ff80ee4b000 	C:\WINDOWS\System32\ucrtbase.dll
0x00007ff801790000 - 0x00007ff8017ab000 	C:\Program Files\Java\jdk-21\bin\VCRUNTIME140.dll
0x00007ff8081e0000 - 0x00007ff8081f9000 	C:\Program Files\Java\jdk-21\bin\jli.dll
0x00007ff810160000 - 0x00007ff810214000 	C:\WINDOWS\System32\ADVAPI32.dll
0x00007ff80fe20000 - 0x00007ff80fec9000 	C:\WINDOWS\System32\msvcrt.dll
0x00007ff80fed0000 - 0x00007ff80ff76000 	C:\WINDOWS\System32\sechost.dll
0x00007ff8111a0000 - 0x00007ff8112b8000 	C:\WINDOWS\System32\RPCRT4.dll
0x00007ff8108e0000 - 0x00007ff810aac000 	C:\WINDOWS\System32\USER32.dll
0x00007ff80e940000 - 0x00007ff80e967000 	C:\WINDOWS\System32\win32u.dll
0x00007ffff6ff0000 - 0x00007ffff728a000 	C:\WINDOWS\WinSxS\amd64_microsoft.windows.common-controls_6595b64144ccf1df_6.0.26100.4484_none_3e0e6d4ce32ef3b3\COMCTL32.dll
0x00007ff8112c0000 - 0x00007ff8112eb000 	C:\WINDOWS\System32\GDI32.dll
0x00007ff80ef00000 - 0x00007ff80f037000 	C:\WINDOWS\System32\gdi32full.dll
0x00007ff80ee50000 - 0x00007ff80eef3000 	C:\WINDOWS\System32\msvcp_win.dll
0x00007ff806bd0000 - 0x00007ff806bdb000 	C:\WINDOWS\SYSTEM32\VERSION.dll
0x00007ff80ff80000 - 0x00007ff80ffaf000 	C:\WINDOWS\System32\IMM32.DLL
0x00007fffffdc0000 - 0x00007fffffdcc000 	C:\Program Files\Java\jdk-21\bin\vcruntime140_1.dll
0x00007fffda1d0000 - 0x00007fffda25e000 	C:\Program Files\Java\jdk-21\bin\msvcp140.dll
0x00007fff87fe0000 - 0x00007fff88cf8000 	C:\Program Files\Java\jdk-21\bin\server\jvm.dll
0x00007ff810f20000 - 0x00007ff810f94000 	C:\WINDOWS\System32\WS2_32.dll
0x00007ff80e2e0000 - 0x00007ff80e33e000 	C:\WINDOWS\SYSTEM32\POWRPROF.dll
0x00007ff802220000 - 0x00007ff802255000 	C:\WINDOWS\SYSTEM32\WINMM.dll
0x00007ff80e2c0000 - 0x00007ff80e2d4000 	C:\WINDOWS\SYSTEM32\UMPDC.dll
0x00007ff80d230000 - 0x00007ff80d24b000 	C:\WINDOWS\SYSTEM32\kernel.appcore.dll
0x00007fffffb80000 - 0x00007fffffb8a000 	C:\Program Files\Java\jdk-21\bin\jimage.dll
0x00007ff807e70000 - 0x00007ff8080b1000 	C:\WINDOWS\SYSTEM32\DBGHELP.DLL
0x00007ff810b30000 - 0x00007ff810eb6000 	C:\WINDOWS\System32\combase.dll
0x00007ff810570000 - 0x00007ff810650000 	C:\WINDOWS\System32\OLEAUT32.dll
0x00007ffff5290000 - 0x00007ffff52d3000 	C:\WINDOWS\SYSTEM32\dbgcore.DLL
0x00007ff80f040000 - 0x00007ff80f0d9000 	C:\WINDOWS\System32\bcryptPrimitives.dll
0x00007fffff030000 - 0x00007fffff04f000 	C:\Program Files\Java\jdk-21\bin\java.dll
0x00007ff80f6c0000 - 0x00007ff80fe0a000 	C:\WINDOWS\System32\SHELL32.dll
0x00007ff80e970000 - 0x00007ff80eae4000 	C:\WINDOWS\System32\wintypes.dll
0x00007ff80c0b0000 - 0x00007ff80c90b000 	C:\WINDOWS\SYSTEM32\windows.storage.dll
0x00007ff810fa0000 - 0x00007ff811095000 	C:\WINDOWS\System32\SHCORE.dll
0x00007ff810660000 - 0x00007ff8106ca000 	C:\WINDOWS\System32\shlwapi.dll
0x00007ff80e3a0000 - 0x00007ff80e3cf000 	C:\WINDOWS\SYSTEM32\profapi.dll
0x00007fffd2a30000 - 0x00007fffd2b07000 	C:\Program Files\Java\jdk-21\bin\jsvml.dll
0x00007fffffb70000 - 0x00007fffffb80000 	C:\Program Files\Java\jdk-21\bin\net.dll
0x00007ff8015f0000 - 0x00007ff80170e000 	C:\WINDOWS\SYSTEM32\WINHTTP.dll
0x00007ff80d7c0000 - 0x00007ff80d82a000 	C:\WINDOWS\system32\mswsock.dll
0x00007ffffce50000 - 0x00007ffffce66000 	C:\Program Files\Java\jdk-21\bin\nio.dll
0x00007ffffc5c0000 - 0x00007ffffc5d8000 	C:\Program Files\Java\jdk-21\bin\zip.dll
0x0000023fc5ef0000 - 0x0000023fc5ef3000 	C:\Users\edy14\.openjfx\cache\23.0.2+3\amd64\api-ms-win-core-console-l1-1-0.dll
0x0000023fc6210000 - 0x0000023fc6213000 	C:\Users\edy14\.openjfx\cache\23.0.2+3\amd64\api-ms-win-core-console-l1-2-0.dll
0x0000023fc6220000 - 0x0000023fc6223000 	C:\Users\edy14\.openjfx\cache\23.0.2+3\amd64\api-ms-win-core-datetime-l1-1-0.dll
0x0000023fc6230000 - 0x0000023fc6233000 	C:\Users\edy14\.openjfx\cache\23.0.2+3\amd64\api-ms-win-core-debug-l1-1-0.dll
0x0000023fc6240000 - 0x0000023fc6243000 	C:\Users\edy14\.openjfx\cache\23.0.2+3\amd64\api-ms-win-core-errorhandling-l1-1-0.dll
0x0000023fc6250000 - 0x0000023fc6254000 	C:\Users\edy14\.openjfx\cache\23.0.2+3\amd64\api-ms-win-core-file-l1-1-0.dll
0x0000023fc6260000 - 0x0000023fc6263000 	C:\Users\edy14\.openjfx\cache\23.0.2+3\amd64\api-ms-win-core-file-l1-2-0.dll
0x0000023fc6270000 - 0x0000023fc6273000 	C:\Users\edy14\.openjfx\cache\23.0.2+3\amd64\api-ms-win-core-file-l2-1-0.dll
0x0000023fc6280000 - 0x0000023fc6283000 	C:\Users\edy14\.openjfx\cache\23.0.2+3\amd64\api-ms-win-core-handle-l1-1-0.dll
0x0000023fe3ee0000 - 0x0000023fe3ee3000 	C:\Users\edy14\.openjfx\cache\23.0.2+3\amd64\api-ms-win-core-heap-l1-1-0.dll
0x0000023fe3ef0000 - 0x0000023fe3ef3000 	C:\Users\edy14\.openjfx\cache\23.0.2+3\amd64\api-ms-win-core-interlocked-l1-1-0.dll
0x0000023fe3f00000 - 0x0000023fe3f03000 	C:\Users\edy14\.openjfx\cache\23.0.2+3\amd64\api-ms-win-core-libraryloader-l1-1-0.dll
0x0000023fe3f10000 - 0x0000023fe3f13000 	C:\Users\edy14\.openjfx\cache\23.0.2+3\amd64\api-ms-win-core-localization-l1-2-0.dll
0x0000023fe3f20000 - 0x0000023fe3f23000 	C:\Users\edy14\.openjfx\cache\23.0.2+3\amd64\api-ms-win-core-memory-l1-1-0.dll
0x0000023fe3f30000 - 0x0000023fe3f33000 	C:\Users\edy14\.openjfx\cache\23.0.2+3\amd64\api-ms-win-core-namedpipe-l1-1-0.dll
0x0000023fe3f40000 - 0x0000023fe3f43000 	C:\Users\edy14\.openjfx\cache\23.0.2+3\amd64\api-ms-win-core-processenvironment-l1-1-0.dll
0x0000023fe3f50000 - 0x0000023fe3f53000 	C:\Users\edy14\.openjfx\cache\23.0.2+3\amd64\api-ms-win-core-processthreads-l1-1-0.dll
0x0000023fe3f60000 - 0x0000023fe3f63000 	C:\Users\edy14\.openjfx\cache\23.0.2+3\amd64\api-ms-win-core-processthreads-l1-1-1.dll
0x0000023fe3f70000 - 0x0000023fe3f73000 	C:\Users\edy14\.openjfx\cache\23.0.2+3\amd64\api-ms-win-core-profile-l1-1-0.dll
0x0000023fe3f80000 - 0x0000023fe3f83000 	C:\Users\edy14\.openjfx\cache\23.0.2+3\amd64\api-ms-win-core-rtlsupport-l1-1-0.dll
0x0000023fe3f90000 - 0x0000023fe3f93000 	C:\Users\edy14\.openjfx\cache\23.0.2+3\amd64\api-ms-win-core-string-l1-1-0.dll
0x0000023fe3fa0000 - 0x0000023fe3fa3000 	C:\Users\edy14\.openjfx\cache\23.0.2+3\amd64\api-ms-win-core-synch-l1-1-0.dll
0x0000023fe3fb0000 - 0x0000023fe3fb3000 	C:\Users\edy14\.openjfx\cache\23.0.2+3\amd64\api-ms-win-core-synch-l1-2-0.dll
0x0000023fe3fc0000 - 0x0000023fe3fc3000 	C:\Users\edy14\.openjfx\cache\23.0.2+3\amd64\api-ms-win-core-sysinfo-l1-1-0.dll
0x0000023fe3fd0000 - 0x0000023fe3fd3000 	C:\Users\edy14\.openjfx\cache\23.0.2+3\amd64\api-ms-win-core-timezone-l1-1-0.dll
0x0000023fe3fe0000 - 0x0000023fe3fe3000 	C:\Users\edy14\.openjfx\cache\23.0.2+3\amd64\api-ms-win-core-util-l1-1-0.dll
0x0000023fe3ff0000 - 0x0000023fe3ff3000 	C:\Users\edy14\.openjfx\cache\23.0.2+3\amd64\api-ms-win-crt-conio-l1-1-0.dll
0x0000023fe9bd0000 - 0x0000023fe9bd4000 	C:\Users\edy14\.openjfx\cache\23.0.2+3\amd64\api-ms-win-crt-convert-l1-1-0.dll
0x0000023fe9be0000 - 0x0000023fe9be3000 	C:\Users\edy14\.openjfx\cache\23.0.2+3\amd64\api-ms-win-crt-environment-l1-1-0.dll
0x0000023fe9bf0000 - 0x0000023fe9bf3000 	C:\Users\edy14\.openjfx\cache\23.0.2+3\amd64\api-ms-win-crt-filesystem-l1-1-0.dll
0x0000023fe9c00000 - 0x0000023fe9c03000 	C:\Users\edy14\.openjfx\cache\23.0.2+3\amd64\api-ms-win-crt-heap-l1-1-0.dll
0x0000023fe9c10000 - 0x0000023fe9c13000 	C:\Users\edy14\.openjfx\cache\23.0.2+3\amd64\api-ms-win-crt-locale-l1-1-0.dll
0x0000023fe9c20000 - 0x0000023fe9c25000 	C:\Users\edy14\.openjfx\cache\23.0.2+3\amd64\api-ms-win-crt-math-l1-1-0.dll
0x0000023fe9c30000 - 0x0000023fe9c35000 	C:\Users\edy14\.openjfx\cache\23.0.2+3\amd64\api-ms-win-crt-multibyte-l1-1-0.dll
0x0000023fe9c40000 - 0x0000023fe9c50000 	C:\Users\edy14\.openjfx\cache\23.0.2+3\amd64\api-ms-win-crt-private-l1-1-0.dll
0x0000023fe9c50000 - 0x0000023fe9c53000 	C:\Users\edy14\.openjfx\cache\23.0.2+3\amd64\api-ms-win-crt-process-l1-1-0.dll
0x0000023fe9c60000 - 0x0000023fe9c64000 	C:\Users\edy14\.openjfx\cache\23.0.2+3\amd64\api-ms-win-crt-runtime-l1-1-0.dll
0x0000023fe9c70000 - 0x0000023fe9c74000 	C:\Users\edy14\.openjfx\cache\23.0.2+3\amd64\api-ms-win-crt-stdio-l1-1-0.dll
0x0000023fe9c80000 - 0x0000023fe9c84000 	C:\Users\edy14\.openjfx\cache\23.0.2+3\amd64\api-ms-win-crt-string-l1-1-0.dll
0x0000023fe9c90000 - 0x0000023fe9c93000 	C:\Users\edy14\.openjfx\cache\23.0.2+3\amd64\api-ms-win-crt-time-l1-1-0.dll
0x0000023fe9ca0000 - 0x0000023fe9ca3000 	C:\Users\edy14\.openjfx\cache\23.0.2+3\amd64\api-ms-win-crt-utility-l1-1-0.dll
0x00007fffcd030000 - 0x00007fffcd12c000 	C:\Users\edy14\.openjfx\cache\23.0.2+3\amd64\ucrtbase.dll
0x00007ffff7c20000 - 0x00007ffff7c3b000 	C:\Users\edy14\.openjfx\cache\23.0.2+3\amd64\vcruntime140.dll
0x00007fffff410000 - 0x00007fffff41c000 	C:\Users\edy14\.openjfx\cache\23.0.2+3\amd64\vcruntime140_1.dll
0x00007fffd2cb0000 - 0x00007fffd2d3e000 	C:\Users\edy14\.openjfx\cache\23.0.2+3\amd64\msvcp140.dll
0x00007fffff020000 - 0x00007fffff029000 	C:\Users\edy14\.openjfx\cache\23.0.2+3\amd64\msvcp140_1.dll
0x00007fffdb8e0000 - 0x00007fffdb921000 	C:\Users\edy14\.openjfx\cache\23.0.2+3\amd64\msvcp140_2.dll
0x00007fffe7560000 - 0x00007fffe7590000 	C:\Users\edy14\.openjfx\cache\23.0.2+3\amd64\prism_d3d.dll
0x00007fffb3de0000 - 0x00007fffb3f9a000 	C:\WINDOWS\system32\d3d9.dll
0x00007ff80b9b0000 - 0x00007ff80b9e6000 	C:\WINDOWS\SYSTEM32\dwmapi.dll
0x00007ff80b960000 - 0x00007ff80b9ad000 	C:\WINDOWS\SYSTEM32\dxcore.dll
0x00007ff80b760000 - 0x00007ff80b80f000 	C:\WINDOWS\system32\uxtheme.dll
0x00007ff807be0000 - 0x00007ff807c44000 	C:\WINDOWS\SYSTEM32\directxdatabasehelper.dll
0x00007fffffb30000 - 0x00007fffffb43000 	C:\Users\edy14\.openjfx\cache\23.0.2+3\amd64\prism_sw.dll
0x00007fffda390000 - 0x00007fffda3d5000 	C:\Users\edy14\.openjfx\cache\23.0.2+3\amd64\glass.dll
0x00007ff8110a0000 - 0x00007ff811198000 	C:\WINDOWS\System32\COMDLG32.dll
0x00007ff810730000 - 0x00007ff8108ce000 	C:\WINDOWS\System32\ole32.dll
0x00007ff80fff0000 - 0x00007ff810150000 	C:\WINDOWS\System32\MSCTF.dll
0x00007ff80f0e0000 - 0x00007ff80f188000 	C:\WINDOWS\System32\clbcatq.dll
0x00007ffffa8f0000 - 0x00007ffffaa49000 	C:\Windows\System32\Windows.UI.dll
0x00007ffff80a0000 - 0x00007ffff81ec000 	C:\Windows\System32\Windows.UI.Immersive.dll

dbghelp: loaded successfully - version: 4.0.5 - missing functions: none
symbol engine: initialized successfully - sym options: 0x614 - pdb path: .;C:\Program Files\Java\jdk-21\bin;C:\WINDOWS\SYSTEM32;C:\WINDOWS\WinSxS\amd64_microsoft.windows.common-controls_6595b64144ccf1df_6.0.26100.4484_none_3e0e6d4ce32ef3b3;C:\Program Files\Java\jdk-21\bin\server;C:\Users\edy14\.openjfx\cache\23.0.2+3\amd64

VM Arguments:
jvm_args: --module-path=C:\Users\edy14\.m2\repository\org\openjfx\javafx-base\23.0.2\javafx-base-23.0.2-win.jar;C:\Users\edy14\.m2\repository\org\openjfx\javafx-base\23.0.2\javafx-base-23.0.2.jar;C:\Users\edy14\.m2\repository\org\openjfx\javafx-controls\23.0.2\javafx-controls-23.0.2-win.jar;C:\Users\edy14\.m2\repository\org\openjfx\javafx-controls\23.0.2\javafx-controls-23.0.2.jar;C:\Users\edy14\.m2\repository\org\openjfx\javafx-fxml\23.0.2\javafx-fxml-23.0.2-win.jar;C:\Users\edy14\.m2\repository\org\openjfx\javafx-fxml\23.0.2\javafx-fxml-23.0.2.jar;C:\Users\edy14\.m2\repository\org\openjfx\javafx-graphics\23.0.2\javafx-graphics-23.0.2-win.jar;C:\Users\edy14\.m2\repository\org\openjfx\javafx-graphics\23.0.2\javafx-graphics-23.0.2.jar --add-modules=javafx.base,javafx.controls,javafx.fxml,javafx.graphics 
java_command: org.kevinramirez.system.Main
java_class_path (initial): C:\Users\edy14\MavenStore\target\classes;C:\Users\edy14\.m2\repository\mysql\mysql-connector-java\5.1.47\mysql-connector-java-5.1.47.jar;C:\Users\edy14\.m2\repository\org\json\json\20230227\json-20230227.jar
Launcher Type: SUN_STANDARD

[Global flags]
     intx CICompilerCount                          = 4                                         {product} {ergonomic}
     uint ConcGCThreads                            = 2                                         {product} {ergonomic}
     uint G1ConcRefinementThreads                  = 8                                         {product} {ergonomic}
   size_t G1HeapRegionSize                         = 1048576                                   {product} {ergonomic}
    uintx GCDrainStackTargetSize                   = 64                                        {product} {ergonomic}
   size_t InitialHeapSize                          = 96468992                                  {product} {ergonomic}
   size_t MarkStackSize                            = 4194304                                   {product} {ergonomic}
   size_t MaxHeapSize                              = 1541406720                                {product} {ergonomic}
   size_t MaxNewSize                               = 924844032                                 {product} {ergonomic}
   size_t MinHeapDeltaBytes                        = 1048576                                   {product} {ergonomic}
   size_t MinHeapSize                              = 8388608                                   {product} {ergonomic}
    uintx NonNMethodCodeHeapSize                   = 5839372                                {pd product} {ergonomic}
    uintx NonProfiledCodeHeapSize                  = 122909434                              {pd product} {ergonomic}
    uintx ProfiledCodeHeapSize                     = 122909434                              {pd product} {ergonomic}
    uintx ReservedCodeCacheSize                    = 251658240                              {pd product} {ergonomic}
     bool SegmentedCodeCache                       = true                                      {product} {ergonomic}
   size_t SoftMaxHeapSize                          = 1541406720                             {manageable} {ergonomic}
     bool UseCompressedOops                        = true                           {product lp64_product} {ergonomic}
     bool UseG1GC                                  = true                                      {product} {ergonomic}
     bool UseLargePagesIndividualAllocation        = false                                  {pd product} {ergonomic}

Logging:
Log output configuration:
 #0: stdout all=warning uptime,level,tags foldmultilines=false
 #1: stderr all=off uptime,level,tags foldmultilines=false

Environment Variables:
JAVA_HOME=C:\Program Files\Java\jdk-21
PATH=C:\Program Files\Common Files\Oracle\Java\javapath;C:\Program Files (x86)\Common Files\Oracle\Java\javapath;C:\WINDOWS\system32;C:\WINDOWS;C:\WINDOWS\System32\Wbem;C:\WINDOWS\System32\WindowsPowerShell\v1.0\;C:\WINDOWS\System32\OpenSSH\;C:\Program Files\PuTTY\;C:\Program Files\GitHub CLI\;C:\Program Files\Git\cmd;C:\Program Files\MySQL\MySQL Shell 8.0\bin\;C:\Users\edy14\AppData\Local\Microsoft\WindowsApps;C:\Users\edy14\AppData\Local\Programs\Microsoft VS Code\bin;
USERNAME=edy14
OS=Windows_NT
PROCESSOR_IDENTIFIER=AMD64 Family 23 Model 160 Stepping 0, AuthenticAMD
TMP=C:\Users\edy14\AppData\Local\Temp
TEMP=C:\Users\edy14\AppData\Local\Temp




Periodic native trim disabled

---------------  S Y S T E M  ---------------

OS:
 Windows 11 , 64 bit Build 26100 (10.0.26100.4484)
OS uptime: 7 days 8:00 hours
Hyper-V role detected

CPU: total 8 (initial active 8) (8 cores per cpu, 2 threads per core) family 23 model 160 stepping 0 microcode 0x8a00006, cx8, cmov, fxsr, ht, mmx, 3dnowpref, sse, sse2, sse3, ssse3, sse4a, sse4.1, sse4.2, popcnt, lzcnt, tsc, tscinvbit, avx, avx2, aes, clmul, bmi1, bmi2, adx, sha, fma, vzeroupper, clflush, clflushopt, hv, rdtscp, rdpid, f16c
Processor Information for all 8 processors :
  Max Mhz: 2801, Current Mhz: 2801, Mhz Limit: 2801

Memory: 4k page, system-wide physical 5877M (244M free)
TotalPageFile size 24309M (AvailPageFile size 0M)
current process WorkingSet (physical memory assigned to process): 50M, peak: 82M
current process commit charge ("private bytes"): 189M, peak: 189M

vm_info: Java HotSpot(TM) 64-Bit Server VM (21.0.5+9-LTS-239) for windows-amd64 JRE (21.0.5+9-LTS-239), built on 2024-09-30T05:17:38Z by "mach5one" with MS VC++ 17.6 (VS2022)

END.
