#
# There is insufficient memory for the Java Runtime Environment to continue.
# Native memory allocation (mmap) failed to map 96468992 bytes for G1 virtual space
# Possible reasons:
#   The system is out of physical RAM or swap space
#   The process is running with CompressedOops enabled, and the Java Heap may be blocking the growth of the native heap
# Possible solutions:
#   Reduce memory load on the system
#   Increase physical memory or swap space
#   Check if swap backing store is full
#   Decrease Java heap size (-Xmx/-Xms)
#   Decrease number of Java threads
#   Decrease Java thread stack sizes (-Xss)
#   Set larger code cache with -XX:ReservedCodeCacheSize=
#   JVM is running with Unscaled Compressed Oops mode in which the Java heap is
#     placed in the first 4GB address space. The Java Heap base address is the
#     maximum limit for the native heap growth. Please use -XX:HeapBaseMinAddress
#     to set the Java Heap base and to place the Java Heap above 4GB virtual address.
# This output file may be truncated or incomplete.
#
#  Out of Memory Error (os_windows.cpp:3600), pid=106192, tid=109836
#
# JRE version:  (21.0.5+9) (build )
# Java VM: Java HotSpot(TM) 64-Bit Server VM (21.0.5+9-LTS-239, mixed mode, sharing, tiered, compressed oops, compressed class ptrs, g1 gc, windows-amd64)
# No core dump will be written. Minidumps are not enabled by default on client versions of Windows
#

---------------  S U M M A R Y ------------

Command Line: -Dclassworlds.conf=C:\Program Files\NetBeans-21\netbeans\java\maven\bin\m2.conf -Dmaven.home=C:\Program Files\NetBeans-21\netbeans\java\maven -Dlibrary.jansi.path=C:\Program Files\NetBeans-21\netbeans\java\maven\lib\jansi-native -Dmaven.multiModuleProjectDirectory=C:\Users\edy14\MavenStore org.codehaus.plexus.classworlds.launcher.Launcher -Dmaven.ext.class.path=C:\Program Files\NetBeans-21\netbeans\java\maven-nblib\netbeans-eventspy.jar --no-transfer-progress clean install

Host: AMD Ryzen 5 7520U with Radeon Graphics         , 8 cores, 5G,  Windows 11 , 64 bit Build 26100 (10.0.26100.4484)
Time: Mon Jul 14 22:49:10 2025 Hora estándar, América Central elapsed time: 1.467126 seconds (0d 0h 0m 1s)

---------------  T H R E A D  ---------------

Current thread (0x000002762f8af960):  JavaThread "Unknown thread" [_thread_in_vm, id=109836, stack(0x000000cc17e00000,0x000000cc17f00000) (1024K)]

Stack: [0x000000cc17e00000,0x000000cc17f00000]
Native frames: (J=compiled Java code, j=interpreted, Vv=VM code, C=native code)
V  [jvm.dll+0x6ca289]
V  [jvm.dll+0x854a51]
V  [jvm.dll+0x856f7e]
V  [jvm.dll+0x857653]
V  [jvm.dll+0x27dd26]
V  [jvm.dll+0x6c6a25]
V  [jvm.dll+0x6bb5aa]
V  [jvm.dll+0x35359a]
V  [jvm.dll+0x35b1f6]
V  [jvm.dll+0x3adade]
V  [jvm.dll+0x3add88]
V  [jvm.dll+0x3278fc]
V  [jvm.dll+0x32845b]
V  [jvm.dll+0x81de19]
V  [jvm.dll+0x3ba7c1]
V  [jvm.dll+0x807168]
V  [jvm.dll+0x44f96e]
V  [jvm.dll+0x451561]
C  [jli.dll+0x52a3]
C  [ucrtbase.dll+0x37b0]
C  [KERNEL32.DLL+0x2e8d7]
C  [ntdll.dll+0x3c34c]


---------------  P R O C E S S  ---------------

Threads class SMR info:
_java_thread_list=0x00007fff8ddaac08, length=0, elements={
}

Java Threads: ( => current thread )
Total: 0

Other Threads:
  0x000002762f8ec2f0 WorkerThread "GC Thread#0"                     [id=109864, stack(0x000000cc17f00000,0x000000cc18000000) (1024K)]
  0x000002762f8fa130 ConcurrentGCThread "G1 Main Marker"            [id=11464, stack(0x000000cc18000000,0x000000cc18100000) (1024K)]
  0x000002762f8fb440 WorkerThread "G1 Conc#0"                       [id=6344, stack(0x000000cc18100000,0x000000cc18200000) (1024K)]

[error occurred during error reporting (printing all threads), id 0xc0000005, EXCEPTION_ACCESS_VIOLATION (0xc0000005) at pc=0x00007fff8d51a087]
VM state: not at safepoint (not fully initialized)

VM Mutex/Monitor currently owned by a thread:  ([mutex/lock_event])
[0x00007fff8de1bf98] Heap_lock - owner thread: 0x000002762f8af960

Heap address: 0x00000000a4200000, size: 1470 MB, Compressed Oops mode: 32-bit

CDS archive(s) mapped at: [0x0000000000000000-0x0000000000000000-0x0000000000000000), size 0, SharedBaseAddress: 0x0000000800000000, ArchiveRelocationMode: 1.
Narrow klass base: 0x0000000000000000, Narrow klass shift: 0, Narrow klass range: 0x0

GC Precious Log:
 CardTable entry size: 512
 Card Set container configuration: InlinePtr #cards 5 size 8 Array Of Cards #cards 12 size 40 Howl #buckets 4 coarsen threshold 1843 Howl Bitmap #cards 512 size 80 coarsen threshold 460 Card regions per heap region 1 cards per card region 2048

Heap:
 garbage-first heap   total 0K, used 0K [0x00000000a4200000, 0x0000000100000000)
  region size 1024K, 0 young (0K), 0 survivors (0K)

[error occurred during error reporting (printing heap information), id 0xc0000005, EXCEPTION_ACCESS_VIOLATION (0xc0000005) at pc=0x00007fff8d903259]
GC Heap History (0 events):
No events

Dll operation events (1 events):
Event: 0.128 Loaded shared library C:\Program Files\Java\jdk-21\bin\java.dll

Deoptimization events (0 events):
No events

Classes loaded (0 events):
No events

Classes unloaded (0 events):
No events

Classes redefined (0 events):
No events

Internal exceptions (0 events):
No events

ZGC Phase Switch (0 events):
No events

VM Operations (0 events):
No events

Events (0 events):
No events


Dynamic libraries:
0x00007ff695210000 - 0x00007ff695220000 	C:\Program Files\Java\jdk-21\bin\java.exe
0x00007ff811340000 - 0x00007ff8115a8000 	C:\WINDOWS\SYSTEM32\ntdll.dll
0x00007ff8102c0000 - 0x00007ff810389000 	C:\WINDOWS\System32\KERNEL32.DLL
0x00007ff80e550000 - 0x00007ff80e93d000 	C:\WINDOWS\System32\KERNELBASE.dll
0x00007ff80ed00000 - 0x00007ff80ee4b000 	C:\WINDOWS\System32\ucrtbase.dll
0x00007fffff8e0000 - 0x00007fffff8fb000 	C:\Program Files\Java\jdk-21\bin\VCRUNTIME140.dll
0x00007fffffa60000 - 0x00007fffffa79000 	C:\Program Files\Java\jdk-21\bin\jli.dll
0x00007ff810160000 - 0x00007ff810214000 	C:\WINDOWS\System32\ADVAPI32.dll
0x00007ff80fe20000 - 0x00007ff80fec9000 	C:\WINDOWS\System32\msvcrt.dll
0x00007ff80fed0000 - 0x00007ff80ff76000 	C:\WINDOWS\System32\sechost.dll
0x00007ff8111a0000 - 0x00007ff8112b8000 	C:\WINDOWS\System32\RPCRT4.dll
0x00007ff8108e0000 - 0x00007ff810aac000 	C:\WINDOWS\System32\USER32.dll
0x00007ff80e940000 - 0x00007ff80e967000 	C:\WINDOWS\System32\win32u.dll
0x00007ff8112c0000 - 0x00007ff8112eb000 	C:\WINDOWS\System32\GDI32.dll
0x00007ff80ef00000 - 0x00007ff80f037000 	C:\WINDOWS\System32\gdi32full.dll
0x00007ff80ee50000 - 0x00007ff80eef3000 	C:\WINDOWS\System32\msvcp_win.dll
0x00007ffff6ff0000 - 0x00007ffff728a000 	C:\WINDOWS\WinSxS\amd64_microsoft.windows.common-controls_6595b64144ccf1df_6.0.26100.4484_none_3e0e6d4ce32ef3b3\COMCTL32.dll
0x00007ff806bd0000 - 0x00007ff806bdb000 	C:\WINDOWS\SYSTEM32\VERSION.dll
0x00007ff80ff80000 - 0x00007ff80ffaf000 	C:\WINDOWS\System32\IMM32.DLL
0x00007ff80b100000 - 0x00007ff80b10c000 	C:\Program Files\Java\jdk-21\bin\vcruntime140_1.dll
0x00007fffd1f90000 - 0x00007fffd201e000 	C:\Program Files\Java\jdk-21\bin\msvcp140.dll
0x00007fff8d1e0000 - 0x00007fff8def8000 	C:\Program Files\Java\jdk-21\bin\server\jvm.dll
0x00007ff810f20000 - 0x00007ff810f94000 	C:\WINDOWS\System32\WS2_32.dll
0x00007ff80e2e0000 - 0x00007ff80e33e000 	C:\WINDOWS\SYSTEM32\POWRPROF.dll
0x00007ff802220000 - 0x00007ff802255000 	C:\WINDOWS\SYSTEM32\WINMM.dll
0x00007ff80e2c0000 - 0x00007ff80e2d4000 	C:\WINDOWS\SYSTEM32\UMPDC.dll
0x00007ff80d230000 - 0x00007ff80d24b000 	C:\WINDOWS\SYSTEM32\kernel.appcore.dll
0x00007ff8017a0000 - 0x00007ff8017aa000 	C:\Program Files\Java\jdk-21\bin\jimage.dll
0x00007ff807e70000 - 0x00007ff8080b1000 	C:\WINDOWS\SYSTEM32\DBGHELP.DLL
0x00007ff810b30000 - 0x00007ff810eb6000 	C:\WINDOWS\System32\combase.dll
0x00007ff810570000 - 0x00007ff810650000 	C:\WINDOWS\System32\OLEAUT32.dll
0x00007ffff5290000 - 0x00007ffff52d3000 	C:\WINDOWS\SYSTEM32\dbgcore.DLL
0x00007ff80f040000 - 0x00007ff80f0d9000 	C:\WINDOWS\System32\bcryptPrimitives.dll
0x00007fffff680000 - 0x00007fffff69f000 	C:\Program Files\Java\jdk-21\bin\java.dll

dbghelp: loaded successfully - version: 4.0.5 - missing functions: none
symbol engine: initialized successfully - sym options: 0x614 - pdb path: .;C:\Program Files\Java\jdk-21\bin;C:\WINDOWS\SYSTEM32;C:\WINDOWS\WinSxS\amd64_microsoft.windows.common-controls_6595b64144ccf1df_6.0.26100.4484_none_3e0e6d4ce32ef3b3;C:\Program Files\Java\jdk-21\bin\server

VM Arguments:
jvm_args: -Dclassworlds.conf=C:\Program Files\NetBeans-21\netbeans\java\maven\bin\m2.conf -Dmaven.home=C:\Program Files\NetBeans-21\netbeans\java\maven -Dlibrary.jansi.path=C:\Program Files\NetBeans-21\netbeans\java\maven\lib\jansi-native -Dmaven.multiModuleProjectDirectory=C:\Users\edy14\MavenStore 
java_command: org.codehaus.plexus.classworlds.launcher.Launcher -Dmaven.ext.class.path=C:\Program Files\NetBeans-21\netbeans\java\maven-nblib\netbeans-eventspy.jar --no-transfer-progress clean install
java_class_path (initial): C:\Program Files\NetBeans-21\netbeans\java\maven\boot\plexus-classworlds-2.7.0.jar
Launcher Type: SUN_STANDARD

[Global flags]
     intx CICompilerCount                          = 4                                         {product} {ergonomic}
     uint ConcGCThreads                            = 2                                         {product} {ergonomic}
     uint G1ConcRefinementThreads                  = 8                                         {product} {ergonomic}
   size_t G1HeapRegionSize                         = 1048576                                   {product} {ergonomic}
    uintx GCDrainStackTargetSize                   = 64                                        {product} {ergonomic}
   size_t InitialHeapSize                          = 96468992                                  {product} {ergonomic}
   size_t MarkStackSize                            = 4194304                                   {product} {ergonomic}
   size_t MaxHeapSize                              = 1541406720                                {product} {ergonomic}
   size_t MinHeapDeltaBytes                        = 1048576                                   {product} {ergonomic}
   size_t MinHeapSize                              = 8388608                                   {product} {ergonomic}
    uintx NonNMethodCodeHeapSize                   = 5839372                                {pd product} {ergonomic}
    uintx NonProfiledCodeHeapSize                  = 122909434                              {pd product} {ergonomic}
    uintx ProfiledCodeHeapSize                     = 122909434                              {pd product} {ergonomic}
    uintx ReservedCodeCacheSize                    = 251658240                              {pd product} {ergonomic}
     bool SegmentedCodeCache                       = true                                      {product} {ergonomic}
   size_t SoftMaxHeapSize                          = 1541406720                             {manageable} {ergonomic}
     bool UseCompressedOops                        = true                           {product lp64_product} {ergonomic}
     bool UseG1GC                                  = true                                      {product} {ergonomic}
     bool UseLargePagesIndividualAllocation        = false                                  {pd product} {ergonomic}

Logging:
Log output configuration:
 #0: stdout all=warning uptime,level,tags foldmultilines=false
 #1: stderr all=off uptime,level,tags foldmultilines=false

Environment Variables:
JAVA_HOME=C:\Program Files\Java\jdk-21
PATH=C:\Program Files\Common Files\Oracle\Java\javapath;C:\Program Files (x86)\Common Files\Oracle\Java\javapath;C:\WINDOWS\system32;C:\WINDOWS;C:\WINDOWS\System32\Wbem;C:\WINDOWS\System32\WindowsPowerShell\v1.0\;C:\WINDOWS\System32\OpenSSH\;C:\Program Files\PuTTY\;C:\Program Files\GitHub CLI\;C:\Program Files\Git\cmd;C:\Program Files\MySQL\MySQL Shell 8.0\bin\;C:\Users\edy14\AppData\Local\Microsoft\WindowsApps;C:\Users\edy14\AppData\Local\Programs\Microsoft VS Code\bin;
USERNAME=edy14
OS=Windows_NT
PROCESSOR_IDENTIFIER=AMD64 Family 23 Model 160 Stepping 0, AuthenticAMD
TMP=C:\Users\edy14\AppData\Local\Temp
TEMP=C:\Users\edy14\AppData\Local\Temp




Periodic native trim disabled

---------------  S Y S T E M  ---------------

OS:
 Windows 11 , 64 bit Build 26100 (10.0.26100.4484)
OS uptime: 5 days 1:52 hours
Hyper-V role detected

CPU: total 8 (initial active 8) (8 cores per cpu, 2 threads per core) family 23 model 160 stepping 0 microcode 0x8a00006, cx8, cmov, fxsr, ht, mmx, 3dnowpref, sse, sse2, sse3, ssse3, sse4a, sse4.1, sse4.2, popcnt, lzcnt, tsc, tscinvbit, avx, avx2, aes, clmul, bmi1, bmi2, adx, sha, fma, vzeroupper, clflush, clflushopt, hv, rdtscp, rdpid, f16c
Processor Information for all 8 processors :
  Max Mhz: 2801, Current Mhz: 2801, Mhz Limit: 2801

Memory: 4k page, system-wide physical 5877M (57M free)
TotalPageFile size 24309M (AvailPageFile size 65M)
current process WorkingSet (physical memory assigned to process): 12M, peak: 12M
current process commit charge ("private bytes"): 60M, peak: 152M

vm_info: Java HotSpot(TM) 64-Bit Server VM (21.0.5+9-LTS-239) for windows-amd64 JRE (21.0.5+9-LTS-239), built on 2024-09-30T05:17:38Z by "mach5one" with MS VC++ 17.6 (VS2022)

END.
