#
# There is insufficient memory for the Java Runtime Environment to continue.
# Native memory allocation (malloc) failed to allocate 433856 bytes for Chunk::new
# Possible reasons:
#   The system is out of physical RAM or swap space
#   The process is running with CompressedOops enabled, and the Java Heap may be blocking the growth of the native heap
# Possible solutions:
#   Reduce memory load on the system
#   Increase physical memory or swap space
#   Check if swap backing store is full
#   Decrease Java heap size (-Xmx/-Xms)
#   Decrease number of Java threads
#   Decrease Java thread stack sizes (-Xss)
#   Set larger code cache with -XX:ReservedCodeCacheSize=
#   JVM is running with Unscaled Compressed Oops mode in which the Java heap is
#     placed in the first 4GB address space. The Java Heap base address is the
#     maximum limit for the native heap growth. Please use -XX:HeapBaseMinAddress
#     to set the Java Heap base and to place the Java Heap above 4GB virtual address.
# This output file may be truncated or incomplete.
#
#  Out of Memory Error (arena.cpp:168), pid=113628, tid=110688
#
# JRE version: Java(TM) SE Runtime Environment (21.0.5+9) (build 21.0.5+9-LTS-239)
# Java VM: Java HotSpot(TM) 64-Bit Server VM (21.0.5+9-LTS-239, mixed mode, tiered, compressed oops, compressed class ptrs, g1 gc, windows-amd64)
# No core dump will be written. Minidumps are not enabled by default on client versions of Windows
#

---------------  S U M M A R Y ------------

Command Line: --module-path=C:\Users\edy14\.m2\repository\org\openjfx\javafx-base\23.0.2\javafx-base-23.0.2-win.jar;C:\Users\edy14\.m2\repository\org\openjfx\javafx-base\23.0.2\javafx-base-23.0.2.jar;C:\Users\edy14\.m2\repository\org\openjfx\javafx-controls\23.0.2\javafx-controls-23.0.2-win.jar;C:\Users\edy14\.m2\repository\org\openjfx\javafx-controls\23.0.2\javafx-controls-23.0.2.jar;C:\Users\edy14\.m2\repository\org\openjfx\javafx-fxml\23.0.2\javafx-fxml-23.0.2-win.jar;C:\Users\edy14\.m2\repository\org\openjfx\javafx-fxml\23.0.2\javafx-fxml-23.0.2.jar;C:\Users\edy14\.m2\repository\org\openjfx\javafx-graphics\23.0.2\javafx-graphics-23.0.2-win.jar;C:\Users\edy14\.m2\repository\org\openjfx\javafx-graphics\23.0.2\javafx-graphics-23.0.2.jar --add-modules=javafx.base,javafx.controls,javafx.fxml,javafx.graphics org.kevinramirez.system.Main

Host: AMD Ryzen 5 7520U with Radeon Graphics         , 8 cores, 5G,  Windows 11 , 64 bit Build 26100 (10.0.26100.4484)
Time: Tue Jul 15 03:04:16 2025 Hora estándar, América Central elapsed time: 33.616765 seconds (0d 0h 0m 33s)

---------------  T H R E A D  ---------------

Current thread (0x000002642d1918d0):  JavaThread "C2 CompilerThread0" daemon [_thread_in_native, id=110688, stack(0x0000007fb5d00000,0x0000007fb5e00000) (1024K)]


Current CompileTask:
C2:  33617 3781       4       com.sun.prism.impl.shape.DMarlinPrismUtils::feedConsumer (902 bytes)

Stack: [0x0000007fb5d00000,0x0000007fb5e00000]
Native frames: (J=compiled Java code, j=interpreted, Vv=VM code, C=native code)
V  [jvm.dll+0x6ca289]
V  [jvm.dll+0x854a51]
V  [jvm.dll+0x856f7e]
V  [jvm.dll+0x857653]
V  [jvm.dll+0x27dd26]
V  [jvm.dll+0xc4c2d]
V  [jvm.dll+0xc5163]
V  [jvm.dll+0x3b4d3c]
V  [jvm.dll+0x3814b5]
V  [jvm.dll+0x38092a]
V  [jvm.dll+0x246910]
V  [jvm.dll+0x245eef]
V  [jvm.dll+0x1c6d0e]
V  [jvm.dll+0x2554d9]
V  [jvm.dll+0x253a6a]
V  [jvm.dll+0x3ee136]
V  [jvm.dll+0x7fee9b]
V  [jvm.dll+0x6c896d]
C  [ucrtbase.dll+0x37b0]
C  [KERNEL32.DLL+0x2e8d7]
C  [ntdll.dll+0x3c34c]


---------------  P R O C E S S  ---------------

Threads class SMR info:
_java_thread_list=0x0000026432fba4a0, length=18, elements={
0x000002640af3ed30, 0x000002642d178070, 0x000002642d162b40, 0x000002642d16ea90,
0x000002642d16f4e0, 0x000002642d165bf0, 0x000002642d167970, 0x000002642d1918d0,
0x000002642d19adf0, 0x000002642d32e790, 0x000002642d60d770, 0x000002642d984ca0,
0x000002642db7ea40, 0x000002642db84770, 0x00000264328dad10, 0x00000264328e0300,
0x0000026432e88250, 0x0000026432e888e0
}

Java Threads: ( => current thread )
  0x000002640af3ed30 JavaThread "main"                              [_thread_blocked, id=113068, stack(0x0000007fb4f00000,0x0000007fb5000000) (1024K)]
  0x000002642d178070 JavaThread "Reference Handler"          daemon [_thread_blocked, id=93476, stack(0x0000007fb5700000,0x0000007fb5800000) (1024K)]
  0x000002642d162b40 JavaThread "Finalizer"                  daemon [_thread_blocked, id=90356, stack(0x0000007fb5800000,0x0000007fb5900000) (1024K)]
  0x000002642d16ea90 JavaThread "Signal Dispatcher"          daemon [_thread_blocked, id=106404, stack(0x0000007fb5900000,0x0000007fb5a00000) (1024K)]
  0x000002642d16f4e0 JavaThread "Attach Listener"            daemon [_thread_blocked, id=5856, stack(0x0000007fb5a00000,0x0000007fb5b00000) (1024K)]
  0x000002642d165bf0 JavaThread "Service Thread"             daemon [_thread_blocked, id=107076, stack(0x0000007fb5b00000,0x0000007fb5c00000) (1024K)]
  0x000002642d167970 JavaThread "Monitor Deflation Thread"   daemon [_thread_blocked, id=106160, stack(0x0000007fb5c00000,0x0000007fb5d00000) (1024K)]
=>0x000002642d1918d0 JavaThread "C2 CompilerThread0"         daemon [_thread_in_native, id=110688, stack(0x0000007fb5d00000,0x0000007fb5e00000) (1024K)]
  0x000002642d19adf0 JavaThread "C1 CompilerThread0"         daemon [_thread_blocked, id=109200, stack(0x0000007fb5e00000,0x0000007fb5f00000) (1024K)]
  0x000002642d32e790 JavaThread "Common-Cleaner"             daemon [_thread_blocked, id=112900, stack(0x0000007fb5f00000,0x0000007fb6000000) (1024K)]
  0x000002642d60d770 JavaThread "Notification Thread"        daemon [_thread_blocked, id=97564, stack(0x0000007fb6000000,0x0000007fb6100000) (1024K)]
  0x000002642d984ca0 JavaThread "QuantumRenderer-0"          daemon [_thread_blocked, id=88096, stack(0x0000007fb6100000,0x0000007fb6200000) (1024K)]
  0x000002642db7ea40 JavaThread "InvokeLaterDispatcher"      daemon [_thread_blocked, id=99392, stack(0x0000007fb6200000,0x0000007fb6300000) (1024K)]
  0x000002642db84770 JavaThread "JavaFX Application Thread"         [_thread_in_native, id=95024, stack(0x0000007fb6300000,0x0000007fb6400000) (1024K)]
  0x00000264328dad10 JavaThread "Thread-1"                   daemon [_thread_in_native, id=111048, stack(0x0000007fb6c00000,0x0000007fb6d00000) (1024K)]
  0x00000264328e0300 JavaThread "JavaFX-Launcher"                   [_thread_blocked, id=104904, stack(0x0000007fb6d00000,0x0000007fb6e00000) (1024K)]
  0x0000026432e88250 JavaThread "Prism Font Disposer"        daemon [_thread_blocked, id=109288, stack(0x0000007fb7800000,0x0000007fb7900000) (1024K)]
  0x0000026432e888e0 JavaThread "Cleaner-0"                  daemon [_thread_blocked, id=96400, stack(0x0000007fb7900000,0x0000007fb7a00000) (1024K)]
Total: 18

Other Threads:
  0x0000026428f886d0 VMThread "VM Thread"                           [id=64660, stack(0x0000007fb5600000,0x0000007fb5700000) (1024K)]
  0x0000026428f056a0 WatcherThread "VM Periodic Task Thread"        [id=107224, stack(0x0000007fb5500000,0x0000007fb5600000) (1024K)]
  0x000002640b19b3f0 WorkerThread "GC Thread#0"                     [id=107812, stack(0x0000007fb5000000,0x0000007fb5100000) (1024K)]
  0x0000026432864230 WorkerThread "GC Thread#1"                     [id=73180, stack(0x0000007fb6e00000,0x0000007fb6f00000) (1024K)]
  0x0000026432863e90 WorkerThread "GC Thread#2"                     [id=100976, stack(0x0000007fb6f00000,0x0000007fb7000000) (1024K)]
  0x00000264328657f0 WorkerThread "GC Thread#3"                     [id=90324, stack(0x0000007fb7000000,0x0000007fb7100000) (1024K)]
  0x00000264328645d0 WorkerThread "GC Thread#4"                     [id=113656, stack(0x0000007fb7100000,0x0000007fb7200000) (1024K)]
  0x0000026432864970 WorkerThread "GC Thread#5"                     [id=110624, stack(0x0000007fb7200000,0x0000007fb7300000) (1024K)]
  0x00000264328650b0 WorkerThread "GC Thread#6"                     [id=72348, stack(0x0000007fb7300000,0x0000007fb7400000) (1024K)]
  0x0000026432865450 WorkerThread "GC Thread#7"                     [id=112668, stack(0x0000007fb7400000,0x0000007fb7500000) (1024K)]
  0x000002640b1a7b90 ConcurrentGCThread "G1 Main Marker"            [id=113124, stack(0x0000007fb5100000,0x0000007fb5200000) (1024K)]
  0x000002640b1aab60 WorkerThread "G1 Conc#0"                       [id=83952, stack(0x0000007fb5200000,0x0000007fb5300000) (1024K)]
  0x0000026432f57350 WorkerThread "G1 Conc#1"                       [id=20908, stack(0x0000007fb7a00000,0x0000007fb7b00000) (1024K)]
  0x000002640b21e6e0 ConcurrentGCThread "G1 Refine#0"               [id=112228, stack(0x0000007fb5300000,0x0000007fb5400000) (1024K)]
  0x0000026428dd71c0 ConcurrentGCThread "G1 Service"                [id=85664, stack(0x0000007fb5400000,0x0000007fb5500000) (1024K)]
Total: 15

Threads with active compile tasks:
C2 CompilerThread0    34699 3781       4       com.sun.prism.impl.shape.DMarlinPrismUtils::feedConsumer (902 bytes)
Total: 1

VM state: not at safepoint (normal execution)

VM Mutex/Monitor currently owned by a thread: None

Heap address: 0x00000000a4200000, size: 1470 MB, Compressed Oops mode: 32-bit

CDS archive(s) not mapped
Compressed class space mapped at: 0x0000000100000000-0x0000000140000000, reserved size: 1073741824
Narrow klass base: 0x0000000000000000, Narrow klass shift: 3, Narrow klass range: 0x140000000

GC Precious Log:
 CardTable entry size: 512
 Card Set container configuration: InlinePtr #cards 5 size 8 Array Of Cards #cards 12 size 40 Howl #buckets 4 coarsen threshold 1843 Howl Bitmap #cards 512 size 80 coarsen threshold 460 Card regions per heap region 1 cards per card region 2048
 CPUs: 8 total, 8 available
 Memory: 5877M
 Large Page Support: Disabled
 NUMA Support: Disabled
 Compressed Oops: Enabled (32-bit)
 Heap Region Size: 1M
 Heap Min Capacity: 8M
 Heap Initial Capacity: 92M
 Heap Max Capacity: 1470M
 Pre-touch: Disabled
 Parallel Workers: 8
 Concurrent Workers: 2
 Concurrent Refinement Workers: 8
 Periodic GC: Disabled

Heap:
 garbage-first heap   total 30720K, used 17007K [0x00000000a4200000, 0x0000000100000000)
  region size 1024K, 9 young (9216K), 2 survivors (2048K)
 Metaspace       used 24670K, committed 25024K, reserved 1114112K
  class space    used 3009K, committed 3200K, reserved 1048576K

Heap Regions: E=young(eden), S=young(survivor), O=old, HS=humongous(starts), HC=humongous(continues), CS=collection set, F=free, TAMS=top-at-mark-start, PB=parsable bottom
|   0|0x00000000a4200000, 0x00000000a4300000, 0x00000000a4300000|100%| O|  |TAMS 0x00000000a4200000| PB 0x00000000a4200000| Untracked 
|   1|0x00000000a4300000, 0x00000000a4400000, 0x00000000a4400000|100%| O|  |TAMS 0x00000000a4300000| PB 0x00000000a4300000| Untracked 
|   2|0x00000000a4400000, 0x00000000a4500000, 0x00000000a4500000|100%| O|  |TAMS 0x00000000a4400000| PB 0x00000000a4400000| Untracked 
|   3|0x00000000a4500000, 0x00000000a45bda58, 0x00000000a4600000| 74%| O|Cm|TAMS 0x00000000a4500000| PB 0x00000000a4500000| Complete 
|   4|0x00000000a4600000, 0x00000000a4700000, 0x00000000a4700000|100%|HS|  |TAMS 0x00000000a4600000| PB 0x00000000a4600000| Complete 
|   5|0x00000000a4700000, 0x00000000a4800000, 0x00000000a4800000|100%|HC|  |TAMS 0x00000000a4700000| PB 0x00000000a4700000| Complete 
|   6|0x00000000a4800000, 0x00000000a4900000, 0x00000000a4900000|100%| O|  |TAMS 0x00000000a4800000| PB 0x00000000a4800000| Untracked 
|   7|0x00000000a4900000, 0x00000000a4a00000, 0x00000000a4a00000|100%| O|  |TAMS 0x00000000a4900000| PB 0x00000000a4900000| Untracked 
|   8|0x00000000a4a00000, 0x00000000a4aec400, 0x00000000a4b00000| 92%| O|  |TAMS 0x00000000a4a00000| PB 0x00000000a4a00000| Untracked 
|   9|0x00000000a4b00000, 0x00000000a4b00000, 0x00000000a4c00000|  0%| F|  |TAMS 0x00000000a4b00000| PB 0x00000000a4b00000| Untracked 
|  10|0x00000000a4c00000, 0x00000000a4cf20f0, 0x00000000a4d00000| 94%| S|CS|TAMS 0x00000000a4c00000| PB 0x00000000a4c00000| Complete 
|  11|0x00000000a4d00000, 0x00000000a4e00000, 0x00000000a4e00000|100%| S|CS|TAMS 0x00000000a4d00000| PB 0x00000000a4d00000| Complete 
|  12|0x00000000a4e00000, 0x00000000a4e00000, 0x00000000a4f00000|  0%| F|  |TAMS 0x00000000a4e00000| PB 0x00000000a4e00000| Untracked 
|  13|0x00000000a4f00000, 0x00000000a4f00000, 0x00000000a5000000|  0%| F|  |TAMS 0x00000000a4f00000| PB 0x00000000a4f00000| Untracked 
|  14|0x00000000a5000000, 0x00000000a5000000, 0x00000000a5100000|  0%| F|  |TAMS 0x00000000a5000000| PB 0x00000000a5000000| Untracked 
|  15|0x00000000a5100000, 0x00000000a5100000, 0x00000000a5200000|  0%| F|  |TAMS 0x00000000a5100000| PB 0x00000000a5100000| Untracked 
|  16|0x00000000a5200000, 0x00000000a5200000, 0x00000000a5300000|  0%| F|  |TAMS 0x00000000a5200000| PB 0x00000000a5200000| Untracked 
|  17|0x00000000a5300000, 0x00000000a5300000, 0x00000000a5400000|  0%| F|  |TAMS 0x00000000a5300000| PB 0x00000000a5300000| Untracked 
|  18|0x00000000a5400000, 0x00000000a5400000, 0x00000000a5500000|  0%| F|  |TAMS 0x00000000a5400000| PB 0x00000000a5400000| Untracked 
|  19|0x00000000a5500000, 0x00000000a5500000, 0x00000000a5600000|  0%| F|  |TAMS 0x00000000a5500000| PB 0x00000000a5500000| Untracked 
|  20|0x00000000a5600000, 0x00000000a5600000, 0x00000000a5700000|  0%| F|  |TAMS 0x00000000a5600000| PB 0x00000000a5600000| Untracked 
|  21|0x00000000a5700000, 0x00000000a5700000, 0x00000000a5800000|  0%| F|  |TAMS 0x00000000a5700000| PB 0x00000000a5700000| Untracked 
|  22|0x00000000a5800000, 0x00000000a5800000, 0x00000000a5900000|  0%| F|  |TAMS 0x00000000a5800000| PB 0x00000000a5800000| Untracked 
|  23|0x00000000a5900000, 0x00000000a59bd098, 0x00000000a5a00000| 73%| E|  |TAMS 0x00000000a5900000| PB 0x00000000a5900000| Complete 
|  24|0x00000000a5a00000, 0x00000000a5b00000, 0x00000000a5b00000|100%| E|CS|TAMS 0x00000000a5a00000| PB 0x00000000a5a00000| Complete 
|  76|0x00000000a8e00000, 0x00000000a8f00000, 0x00000000a8f00000|100%| E|CS|TAMS 0x00000000a8e00000| PB 0x00000000a8e00000| Complete 
|  77|0x00000000a8f00000, 0x00000000a9000000, 0x00000000a9000000|100%| E|CS|TAMS 0x00000000a8f00000| PB 0x00000000a8f00000| Complete 
|  78|0x00000000a9000000, 0x00000000a9100000, 0x00000000a9100000|100%| E|CS|TAMS 0x00000000a9000000| PB 0x00000000a9000000| Complete 
|  79|0x00000000a9100000, 0x00000000a9200000, 0x00000000a9200000|100%| E|CS|TAMS 0x00000000a9100000| PB 0x00000000a9100000| Complete 
|  91|0x00000000a9d00000, 0x00000000a9e00000, 0x00000000a9e00000|100%| E|CS|TAMS 0x00000000a9d00000| PB 0x00000000a9d00000| Complete 

Card table byte_map: [0x0000026424b00000,0x0000026424de0000] _byte_map_base: 0x00000264245df000

Marking Bits: (CMBitMap*) 0x000002640b19baf0
 Bits: [0x0000026424de0000, 0x00000264264d8000)

Polling page: 0x000002640b0f0000

Metaspace:

Usage:
  Non-class:     21.15 MB used.
      Class:      2.94 MB used.
       Both:     24.09 MB used.

Virtual space:
  Non-class space:       64.00 MB reserved,      21.31 MB ( 33%) committed,  1 nodes.
      Class space:        1.00 GB reserved,       3.12 MB ( <1%) committed,  1 nodes.
             Both:        1.06 GB reserved,      24.44 MB (  2%) committed. 

Chunk freelists:
   Non-Class:  9.82 MB
       Class:  12.73 MB
        Both:  22.54 MB

MaxMetaspaceSize: unlimited
CompressedClassSpaceSize: 1.00 GB
Initial GC threshold: 21.00 MB
Current GC threshold: 35.12 MB
CDS: off
 - commit_granule_bytes: 65536.
 - commit_granule_words: 8192.
 - virtual_space_node_default_size: 8388608.
 - enlarge_chunks_in_place: 1.
 - use_allocation_guard: 0.


Internal statistics:

num_allocs_failed_limit: 3.
num_arena_births: 320.
num_arena_deaths: 0.
num_vsnodes_births: 2.
num_vsnodes_deaths: 0.
num_space_committed: 391.
num_space_uncommitted: 0.
num_chunks_returned_to_freelist: 3.
num_chunks_taken_from_freelist: 882.
num_chunk_merges: 3.
num_chunk_splits: 591.
num_chunks_enlarged: 445.
num_inconsistent_stats: 0.

CodeHeap 'non-profiled nmethods': size=120000Kb used=1476Kb max_used=1476Kb free=118523Kb
 bounds [0x000002641c870000, 0x000002641cae0000, 0x0000026423da0000]
CodeHeap 'profiled nmethods': size=120000Kb used=7345Kb max_used=7345Kb free=112654Kb
 bounds [0x0000026414da0000, 0x00000264154d0000, 0x000002641c2d0000]
CodeHeap 'non-nmethods': size=5760Kb used=1763Kb max_used=1800Kb free=3996Kb
 bounds [0x000002641c2d0000, 0x000002641c540000, 0x000002641c870000]
 total_blobs=4595 nmethods=3808 adapters=691
 compilation: enabled
              stopped_count=0, restarted_count=0
 full_count=0

Compilation events (20 events):
Event: 31.599 Thread 0x000002642d19adf0 3784       3       java.lang.invoke.DirectMethodHandle$Holder::invokeStatic (14 bytes)
Event: 31.599 Thread 0x000002642d19adf0 nmethod 3784 0x00000264154bea10 code [0x00000264154bebe0, 0x00000264154bef20]
Event: 31.599 Thread 0x000002642d19adf0 3785       3       java.lang.Character::isIdeographic (9 bytes)
Event: 31.599 Thread 0x000002642d19adf0 nmethod 3785 0x00000264154bf010 code [0x00000264154bf1c0, 0x00000264154bf3b0]
Event: 31.599 Thread 0x000002642d19adf0 3786       3       java.lang.CharacterDataLatin1::isIdeographic (19 bytes)
Event: 31.599 Thread 0x000002642d19adf0 nmethod 3786 0x00000264154bf490 code [0x00000264154bf640, 0x00000264154bf840]
Event: 31.599 Thread 0x000002642d19adf0 3787       3       java.lang.invoke.DirectMethodHandle$Holder::invokeStatic (14 bytes)
Event: 31.599 Thread 0x000002642d19adf0 nmethod 3787 0x00000264154bf990 code [0x00000264154bfb60, 0x00000264154bfee0]
Event: 31.599 Thread 0x000002642d19adf0 3788       3       sun.invoke.util.ValueConversions::boxBoolean (5 bytes)
Event: 31.600 Thread 0x000002642d19adf0 nmethod 3788 0x00000264154c0010 code [0x00000264154c01c0, 0x00000264154c0388]
Event: 31.600 Thread 0x000002642d19adf0 3790       3       com.sun.javafx.text.ScriptMapper::isComplexCharCode (273 bytes)
Event: 31.600 Thread 0x000002642d19adf0 nmethod 3790 0x00000264154c0410 code [0x00000264154c06c0, 0x00000264154c13b8]
Event: 31.602 Thread 0x000002642d19adf0 3791       3       javafx.scene.Node::focusSetDirty (25 bytes)
Event: 31.603 Thread 0x000002642d19adf0 nmethod 3791 0x00000264154c1490 code [0x00000264154c1700, 0x00000264154c2590]
Event: 31.603 Thread 0x000002642d19adf0 3792   !   3       javafx.collections.ModifiableObservableListBase::setAll (47 bytes)
Event: 31.605 Thread 0x000002642d19adf0 nmethod 3792 0x00000264154c2a90 code [0x00000264154c2e20, 0x00000264154c4918]
Event: 31.605 Thread 0x000002642d19adf0 3795       3       com.sun.javafx.scene.ParentHelper::computeGeomBoundsImpl (12 bytes)
Event: 31.606 Thread 0x000002642d19adf0 nmethod 3795 0x00000264154c5290 code [0x00000264154c5460, 0x00000264154c5740]
Event: 31.606 Thread 0x000002642d19adf0 3793       3       javafx.scene.input.KeyEvent::copyFor (7 bytes)
Event: 31.606 Thread 0x000002642d19adf0 nmethod 3793 0x00000264154c5890 code [0x00000264154c5a40, 0x00000264154c5cc0]

GC Heap History (8 events):
Event: 2.775 GC heap before
{Heap before GC invocations=0 (full 0):
 garbage-first heap   total 94208K, used 22528K [0x00000000a4200000, 0x0000000100000000)
  region size 1024K, 23 young (23552K), 0 survivors (0K)
 Metaspace       used 11561K, committed 11712K, reserved 1114112K
  class space    used 1075K, committed 1152K, reserved 1048576K
}
Event: 2.778 GC heap after
{Heap after GC invocations=1 (full 0):
 garbage-first heap   total 94208K, used 2898K [0x00000000a4200000, 0x0000000100000000)
  region size 1024K, 3 young (3072K), 3 survivors (3072K)
 Metaspace       used 11561K, committed 11712K, reserved 1114112K
  class space    used 1075K, committed 1152K, reserved 1048576K
}
Event: 3.739 GC heap before
{Heap before GC invocations=1 (full 0):
 garbage-first heap   total 94208K, used 36690K [0x00000000a4200000, 0x0000000100000000)
  region size 1024K, 37 young (37888K), 3 survivors (3072K)
 Metaspace       used 18768K, committed 19072K, reserved 1114112K
  class space    used 2061K, committed 2176K, reserved 1048576K
}
Event: 3.745 GC heap after
{Heap after GC invocations=2 (full 0):
 garbage-first heap   total 94208K, used 7036K [0x00000000a4200000, 0x0000000100000000)
  region size 1024K, 5 young (5120K), 5 survivors (5120K)
 Metaspace       used 18768K, committed 19072K, reserved 1114112K
  class space    used 2061K, committed 2176K, reserved 1048576K
}
Event: 4.236 GC heap before
{Heap before GC invocations=2 (full 0):
 garbage-first heap   total 94208K, used 18300K [0x00000000a4200000, 0x0000000100000000)
  region size 1024K, 17 young (17408K), 5 survivors (5120K)
 Metaspace       used 21242K, committed 21504K, reserved 1114112K
  class space    used 2440K, committed 2560K, reserved 1048576K
}
Event: 4.242 GC heap after
{Heap after GC invocations=3 (full 0):
 garbage-first heap   total 94208K, used 7519K [0x00000000a4200000, 0x0000000100000000)
  region size 1024K, 4 young (4096K), 4 survivors (4096K)
 Metaspace       used 21242K, committed 21504K, reserved 1114112K
  class space    used 2440K, committed 2560K, reserved 1048576K
}
Event: 6.309 GC heap before
{Heap before GC invocations=4 (full 0):
 garbage-first heap   total 30720K, used 23903K [0x00000000a4200000, 0x0000000100000000)
  region size 1024K, 18 young (18432K), 4 survivors (4096K)
 Metaspace       used 23542K, committed 23872K, reserved 1114112K
  class space    used 2985K, committed 3136K, reserved 1048576K
}
Event: 6.313 GC heap after
{Heap after GC invocations=5 (full 0):
 garbage-first heap   total 30720K, used 10863K [0x00000000a4200000, 0x0000000100000000)
  region size 1024K, 2 young (2048K), 2 survivors (2048K)
 Metaspace       used 23542K, committed 23872K, reserved 1114112K
  class space    used 2985K, committed 3136K, reserved 1048576K
}

Dll operation events (20 events):
Event: 1.978 Loaded shared library C:\Users\edy14\.openjfx\cache\23.0.2+3\amd64\api-ms-win-crt-locale-l1-1-0.dll
Event: 1.985 Loaded shared library C:\Users\edy14\.openjfx\cache\23.0.2+3\amd64\api-ms-win-crt-math-l1-1-0.dll
Event: 1.990 Loaded shared library C:\Users\edy14\.openjfx\cache\23.0.2+3\amd64\api-ms-win-crt-multibyte-l1-1-0.dll
Event: 1.998 Loaded shared library C:\Users\edy14\.openjfx\cache\23.0.2+3\amd64\api-ms-win-crt-private-l1-1-0.dll
Event: 2.004 Loaded shared library C:\Users\edy14\.openjfx\cache\23.0.2+3\amd64\api-ms-win-crt-process-l1-1-0.dll
Event: 2.009 Loaded shared library C:\Users\edy14\.openjfx\cache\23.0.2+3\amd64\api-ms-win-crt-runtime-l1-1-0.dll
Event: 2.016 Loaded shared library C:\Users\edy14\.openjfx\cache\23.0.2+3\amd64\api-ms-win-crt-stdio-l1-1-0.dll
Event: 2.022 Loaded shared library C:\Users\edy14\.openjfx\cache\23.0.2+3\amd64\api-ms-win-crt-string-l1-1-0.dll
Event: 2.030 Loaded shared library C:\Users\edy14\.openjfx\cache\23.0.2+3\amd64\api-ms-win-crt-time-l1-1-0.dll
Event: 2.036 Loaded shared library C:\Users\edy14\.openjfx\cache\23.0.2+3\amd64\api-ms-win-crt-utility-l1-1-0.dll
Event: 2.078 Loaded shared library C:\Users\edy14\.openjfx\cache\23.0.2+3\amd64\ucrtbase.dll
Event: 2.088 Loaded shared library C:\Users\edy14\.openjfx\cache\23.0.2+3\amd64\vcruntime140.dll
Event: 2.095 Loaded shared library C:\Users\edy14\.openjfx\cache\23.0.2+3\amd64\vcruntime140_1.dll
Event: 2.119 Loaded shared library C:\Users\edy14\.openjfx\cache\23.0.2+3\amd64\msvcp140.dll
Event: 2.125 Loaded shared library C:\Users\edy14\.openjfx\cache\23.0.2+3\amd64\msvcp140_1.dll
Event: 2.143 Loaded shared library C:\Users\edy14\.openjfx\cache\23.0.2+3\amd64\msvcp140_2.dll
Event: 2.224 Loaded shared library C:\Users\edy14\.openjfx\cache\23.0.2+3\amd64\prism_d3d.dll
Event: 2.456 Loaded shared library C:\Users\edy14\.openjfx\cache\23.0.2+3\amd64\glass.dll
Event: 2.806 Loaded shared library C:\Program Files\Java\jdk-21\bin\jimage.dll
Event: 3.462 Loaded shared library C:\Users\edy14\.openjfx\cache\23.0.2+3\amd64\javafx_font.dll

Deoptimization events (20 events):
Event: 20.632 Thread 0x000002642d984ca0 Uncommon trap: trap_request=0xffffff6e fr.pc=0x000002641c9b59f4 relative=0x00000000000004d4
Event: 20.632 Thread 0x000002642d984ca0 Uncommon trap: reason=loop_limit_check action=maybe_recompile pc=0x000002641c9b59f4 method=com.sun.javafx.image.impl.BaseByteToByteConverter$ByteAnyToSameConverter.doConvert([BII[BIIII)V @ 5 c2
Event: 20.632 Thread 0x000002642d984ca0 DEOPT PACKING pc=0x000002641c9b59f4 sp=0x0000007fb61fd1c0
Event: 20.632 Thread 0x000002642d984ca0 DEOPT UNPACKING pc=0x000002641c3246a2 sp=0x0000007fb61fd158 mode 2
Event: 22.863 Thread 0x000002642d984ca0 Uncommon trap: trap_request=0xffffffd6 fr.pc=0x000002641c9bc580 relative=0x0000000000000440
Event: 22.863 Thread 0x000002642d984ca0 Uncommon trap: reason=array_check action=maybe_recompile pc=0x000002641c9bc580 method=com.sun.prism.impl.ps.BaseShaderContext.setTexture(ILcom/sun/prism/Texture;)V @ 50 c2
Event: 22.863 Thread 0x000002642d984ca0 DEOPT PACKING pc=0x000002641c9bc580 sp=0x0000007fb61fdf40
Event: 22.863 Thread 0x000002642d984ca0 DEOPT UNPACKING pc=0x000002641c3246a2 sp=0x0000007fb61fdf08 mode 2
Event: 22.863 Thread 0x000002642d984ca0 Uncommon trap: trap_request=0xffffffd6 fr.pc=0x000002641c9bc580 relative=0x0000000000000440
Event: 22.863 Thread 0x000002642d984ca0 Uncommon trap: reason=array_check action=maybe_recompile pc=0x000002641c9bc580 method=com.sun.prism.impl.ps.BaseShaderContext.setTexture(ILcom/sun/prism/Texture;)V @ 50 c2
Event: 22.863 Thread 0x000002642d984ca0 DEOPT PACKING pc=0x000002641c9bc580 sp=0x0000007fb61fdee0
Event: 22.863 Thread 0x000002642d984ca0 DEOPT UNPACKING pc=0x000002641c3246a2 sp=0x0000007fb61fdea8 mode 2
Event: 22.863 Thread 0x000002642d984ca0 Uncommon trap: trap_request=0xffffffd6 fr.pc=0x000002641c9bc580 relative=0x0000000000000440
Event: 22.863 Thread 0x000002642d984ca0 Uncommon trap: reason=array_check action=maybe_recompile pc=0x000002641c9bc580 method=com.sun.prism.impl.ps.BaseShaderContext.setTexture(ILcom/sun/prism/Texture;)V @ 50 c2
Event: 22.863 Thread 0x000002642d984ca0 DEOPT PACKING pc=0x000002641c9bc580 sp=0x0000007fb61fdbc0
Event: 22.863 Thread 0x000002642d984ca0 DEOPT UNPACKING pc=0x000002641c3246a2 sp=0x0000007fb61fdb88 mode 2
Event: 22.863 Thread 0x000002642d984ca0 Uncommon trap: trap_request=0xffffffd6 fr.pc=0x000002641c9bc580 relative=0x0000000000000440
Event: 22.863 Thread 0x000002642d984ca0 Uncommon trap: reason=array_check action=maybe_recompile pc=0x000002641c9bc580 method=com.sun.prism.impl.ps.BaseShaderContext.setTexture(ILcom/sun/prism/Texture;)V @ 50 c2
Event: 22.863 Thread 0x000002642d984ca0 DEOPT PACKING pc=0x000002641c9bc580 sp=0x0000007fb61fd590
Event: 22.863 Thread 0x000002642d984ca0 DEOPT UNPACKING pc=0x000002641c3246a2 sp=0x0000007fb61fd558 mode 2

Classes loaded (20 events):
Event: 4.226 Loading class jdk/internal/math/MathUtils
Event: 4.226 Loading class jdk/internal/math/MathUtils done
Event: 4.231 Loading class sun/misc/Unsafe
Event: 4.231 Loading class sun/misc/Unsafe done
Event: 4.233 Loading class java/lang/invoke/DirectMethodHandle$StaticAccessor
Event: 4.233 Loading class java/lang/invoke/DirectMethodHandle$StaticAccessor done
Event: 4.243 Loading class jdk/internal/math/DoubleToDecimal
Event: 4.244 Loading class jdk/internal/math/DoubleToDecimal done
Event: 4.301 Loading class java/lang/FdLibm$Atan2
Event: 4.301 Loading class java/lang/FdLibm$Atan2 done
Event: 4.302 Loading class java/lang/FdLibm
Event: 4.302 Loading class java/lang/FdLibm done
Event: 5.131 Loading class java/util/EnumMap$Values
Event: 5.131 Loading class java/util/EnumMap$Values done
Event: 5.131 Loading class java/util/EnumMap$ValueIterator
Event: 5.131 Loading class java/util/EnumMap$EnumMapIterator
Event: 5.132 Loading class java/util/EnumMap$EnumMapIterator done
Event: 5.132 Loading class java/util/EnumMap$ValueIterator done
Event: 6.334 Loading class java/lang/FdLibm$Hypot
Event: 6.334 Loading class java/lang/FdLibm$Hypot done

Classes unloaded (0 events):
No events

Classes redefined (0 events):
No events

Internal exceptions (20 events):
Event: 3.990 Thread 0x000002642db84770 Exception <a 'java/lang/NoSuchMethodError'{0x00000000a952f8d8}: 'java.lang.Object java.lang.invoke.DirectMethodHandle$Holder.newInvokeSpecial(java.lang.Object, java.lang.Object, int)'> (0x00000000a952f8d8) 
thrown [s\open\src\hotspot\share\interpreter\linkResolver.cpp, line 773]
Event: 4.131 Thread 0x000002642d984ca0 Exception <a 'java/lang/NoSuchMethodError'{0x00000000a9493c58}: 'int java.lang.invoke.DirectMethodHandle$Holder.invokeStaticInit(java.lang.Object, java.lang.Object)'> (0x00000000a9493c58) 
thrown [s\open\src\hotspot\share\interpreter\linkResolver.cpp, line 773]
Event: 4.168 Thread 0x000002642d984ca0 Exception <a 'java/lang/NoSuchMethodError'{0x00000000a9365c20}: 'java.lang.Object java.lang.invoke.Invokers$Holder.invokeExact_MT(java.lang.Object, java.lang.Object, java.lang.Object, java.lang.Object, java.lang.Object)'> (0x00000000a9365c20) 
thrown [s\open\src\hotspot\share\interpreter\linkResolver.cpp, line 773]
Event: 6.067 Thread 0x000002642db84770 Exception <a 'java/lang/NoSuchMethodError'{0x00000000a56435a0}: 'long java.lang.invoke.DirectMethodHandle$Holder.invokeStatic(java.lang.Object, java.lang.Object, java.lang.Object)'> (0x00000000a56435a0) 
thrown [s\open\src\hotspot\share\interpreter\linkResolver.cpp, line 773]
Event: 6.067 Thread 0x000002642db84770 Exception <a 'java/lang/NoSuchMethodError'{0x00000000a5646980}: 'long java.lang.invoke.DirectMethodHandle$Holder.invokeStaticInit(java.lang.Object, java.lang.Object, java.lang.Object)'> (0x00000000a5646980) 
thrown [s\open\src\hotspot\share\interpreter\linkResolver.cpp, line 773]
Event: 6.069 Thread 0x000002642db84770 Exception <a 'java/lang/NoSuchMethodError'{0x00000000a565b018}: 'java.lang.Object java.lang.invoke.DirectMethodHandle$Holder.newInvokeSpecial(java.lang.Object, java.lang.Object, long)'> (0x00000000a565b018) 
thrown [s\open\src\hotspot\share\interpreter\linkResolver.cpp, line 773]
Event: 6.069 Thread 0x000002642db84770 Exception <a 'java/lang/NoSuchMethodError'{0x00000000a565e920}: 'java.lang.Object java.lang.invoke.Invokers$Holder.linkToTargetMethod(java.lang.Object, long, java.lang.Object)'> (0x00000000a565e920) 
thrown [s\open\src\hotspot\share\interpreter\linkResolver.cpp, line 773]
Event: 6.174 Thread 0x000002642db84770 Exception <a 'java/io/FileNotFoundException'{0x00000000a5589628}> (0x00000000a5589628) 
thrown [s\open\src\hotspot\share\prims\jni.cpp, line 520]
Event: 6.189 Thread 0x000002642db84770 Exception <a 'java/lang/NoSuchMethodError'{0x00000000a55d3ab8}: 'void java.lang.invoke.DirectMethodHandle$Holder.invokeVirtual(java.lang.Object, java.lang.Object)'> (0x00000000a55d3ab8) 
thrown [s\open\src\hotspot\share\interpreter\linkResolver.cpp, line 773]
Event: 6.221 Thread 0x000002642db84770 Exception <a 'java/lang/ClassNotFoundException'{0x00000000a53828f0}: com/sun/javafx/scene/control/skin/resources/controls> (0x00000000a53828f0) 
thrown [s\open\src\hotspot\share\prims\jni.cpp, line 539]
Event: 6.222 Thread 0x000002642db84770 Exception <a 'java/lang/ClassNotFoundException'{0x00000000a5391968}: com/sun/javafx/scene/control/skin/resources/controls_es> (0x00000000a5391968) 
thrown [s\open\src\hotspot\share\prims\jni.cpp, line 539]
Event: 6.223 Thread 0x000002642db84770 Exception <a 'java/lang/ClassNotFoundException'{0x00000000a539f8c8}: com/sun/javafx/scene/control/skin/resources/controls_es_GT> (0x00000000a539f8c8) 
thrown [s\open\src\hotspot\share\prims\jni.cpp, line 539]
Event: 6.255 Thread 0x000002642db84770 Implicit null exception at 0x000002641c895066 to 0x000002641c895106
Event: 6.257 Thread 0x000002642db84770 Implicit null exception at 0x000002641c91181a to 0x000002641c911a40
Event: 6.258 Thread 0x000002642db84770 Exception <a 'java/lang/NoSuchMethodError'{0x00000000a5126ea0}: 'void java.lang.invoke.DirectMethodHandle$Holder.invokeSpecial(java.lang.Object, java.lang.Object, java.lang.Object, java.lang.Object, java.lang.Object, java.lang.Object)'> (0x00000000a5126ea0) 
thrown [s\open\src\hotspot\share\interpreter\linkResolver.cpp, line 773]
Event: 6.262 Thread 0x000002642db84770 Implicit null exception at 0x000002641c90c11a to 0x000002641c90c340
Event: 6.262 Thread 0x000002642db84770 Implicit null exception at 0x000002641c8938bd to 0x000002641c893939
Event: 11.329 Thread 0x000002642db84770 Exception <a 'java/lang/NoSuchMethodError'{0x00000000a9058170}: 'java.lang.Object java.lang.invoke.DirectMethodHandle$Holder.newInvokeSpecial(java.lang.Object, java.lang.Object, int, int, int, int, int, java.lang.Object)'> (0x00000000a9058170) 
thrown [s\open\src\hotspot\share\interpreter\linkResolver.cpp, line 773]
Event: 11.330 Thread 0x000002642db84770 Exception <a 'java/lang/NoSuchMethodError'{0x00000000a9069dd0}: 'java.lang.Object java.lang.invoke.DirectMethodHandle$Holder.newInvokeSpecial(java.lang.Object, java.lang.Object, java.lang.Object, int, int, int, int, int)'> (0x00000000a9069dd0) 
thrown [s\open\src\hotspot\share\interpreter\linkResolver.cpp, line 773]
Event: 11.330 Thread 0x000002642db84770 Exception <a 'java/lang/NoSuchMethodError'{0x00000000a9071130}: 'java.lang.Object java.lang.invoke.Invokers$Holder.linkToTargetMethod(java.lang.Object, java.lang.Object, int, int, int, int, int, java.lang.Object)'> (0x00000000a9071130) 
thrown [s\open\src\hotspot\share\interpreter\linkResolver.cpp, line 773]

ZGC Phase Switch (0 events):
No events

VM Operations (20 events):
Event: 20.324 Executing VM operation: Cleanup
Event: 20.324 Executing VM operation: Cleanup done
Event: 21.325 Executing VM operation: Cleanup
Event: 21.325 Executing VM operation: Cleanup done
Event: 22.326 Executing VM operation: Cleanup
Event: 22.326 Executing VM operation: Cleanup done
Event: 23.326 Executing VM operation: Cleanup
Event: 23.326 Executing VM operation: Cleanup done
Event: 25.327 Executing VM operation: Cleanup
Event: 25.328 Executing VM operation: Cleanup done
Event: 26.328 Executing VM operation: Cleanup
Event: 26.328 Executing VM operation: Cleanup done
Event: 27.329 Executing VM operation: Cleanup
Event: 27.329 Executing VM operation: Cleanup done
Event: 28.330 Executing VM operation: Cleanup
Event: 28.330 Executing VM operation: Cleanup done
Event: 29.330 Executing VM operation: Cleanup
Event: 29.330 Executing VM operation: Cleanup done
Event: 32.331 Executing VM operation: Cleanup
Event: 32.331 Executing VM operation: Cleanup done

Events (18 events):
Event: 1.214 Thread 0x000002640af3ed30 Thread added: 0x000002640af3ed30
Event: 1.300 Thread 0x000002642d178070 Thread added: 0x000002642d178070
Event: 1.300 Thread 0x000002642d162b40 Thread added: 0x000002642d162b40
Event: 1.302 Thread 0x000002642d16ea90 Thread added: 0x000002642d16ea90
Event: 1.302 Thread 0x000002642d16f4e0 Thread added: 0x000002642d16f4e0
Event: 1.302 Thread 0x000002642d165bf0 Thread added: 0x000002642d165bf0
Event: 1.302 Thread 0x000002642d167970 Thread added: 0x000002642d167970
Event: 1.302 Thread 0x000002642d1918d0 Thread added: 0x000002642d1918d0
Event: 1.302 Thread 0x000002642d19adf0 Thread added: 0x000002642d19adf0
Event: 1.428 Thread 0x000002642d32e790 Thread added: 0x000002642d32e790
Event: 1.627 Thread 0x000002642d60d770 Thread added: 0x000002642d60d770
Event: 2.195 Thread 0x000002642d984ca0 Thread added: 0x000002642d984ca0
Event: 2.459 Thread 0x000002642db7ea40 Thread added: 0x000002642db7ea40
Event: 2.463 Thread 0x000002642db84770 Thread added: 0x000002642db84770
Event: 2.749 Thread 0x00000264328dad10 Thread added: 0x00000264328dad10
Event: 2.753 Thread 0x00000264328e0300 Thread added: 0x00000264328e0300
Event: 3.910 Thread 0x0000026432e88250 Thread added: 0x0000026432e88250
Event: 4.221 Thread 0x0000026432e888e0 Thread added: 0x0000026432e888e0


Dynamic libraries:
0x00007ff782c70000 - 0x00007ff782c80000 	C:\Program Files\Java\jdk-21\bin\java.exe
0x00007ff811340000 - 0x00007ff8115a8000 	C:\WINDOWS\SYSTEM32\ntdll.dll
0x00007ff8102c0000 - 0x00007ff810389000 	C:\WINDOWS\System32\KERNEL32.DLL
0x00007ff80e550000 - 0x00007ff80e93d000 	C:\WINDOWS\System32\KERNELBASE.dll
0x00007ff80ed00000 - 0x00007ff80ee4b000 	C:\WINDOWS\System32\ucrtbase.dll
0x00007fffffeb0000 - 0x00007fffffec9000 	C:\Program Files\Java\jdk-21\bin\jli.dll
0x00007ff810160000 - 0x00007ff810214000 	C:\WINDOWS\System32\ADVAPI32.dll
0x00007ff80fe20000 - 0x00007ff80fec9000 	C:\WINDOWS\System32\msvcrt.dll
0x00007ff80fed0000 - 0x00007ff80ff76000 	C:\WINDOWS\System32\sechost.dll
0x00007fffffcb0000 - 0x00007fffffccb000 	C:\Program Files\Java\jdk-21\bin\VCRUNTIME140.dll
0x00007ff8111a0000 - 0x00007ff8112b8000 	C:\WINDOWS\System32\RPCRT4.dll
0x00007ff8108e0000 - 0x00007ff810aac000 	C:\WINDOWS\System32\USER32.dll
0x00007ff80e940000 - 0x00007ff80e967000 	C:\WINDOWS\System32\win32u.dll
0x00007ff8112c0000 - 0x00007ff8112eb000 	C:\WINDOWS\System32\GDI32.dll
0x00007ffff6ff0000 - 0x00007ffff728a000 	C:\WINDOWS\WinSxS\amd64_microsoft.windows.common-controls_6595b64144ccf1df_6.0.26100.4484_none_3e0e6d4ce32ef3b3\COMCTL32.dll
0x00007ff80ef00000 - 0x00007ff80f037000 	C:\WINDOWS\System32\gdi32full.dll
0x00007ff80ee50000 - 0x00007ff80eef3000 	C:\WINDOWS\System32\msvcp_win.dll
0x00007ff806bd0000 - 0x00007ff806bdb000 	C:\WINDOWS\SYSTEM32\VERSION.dll
0x00007ff80ff80000 - 0x00007ff80ffaf000 	C:\WINDOWS\System32\IMM32.DLL
0x00007ff8081e0000 - 0x00007ff8081ec000 	C:\Program Files\Java\jdk-21\bin\vcruntime140_1.dll
0x00007fffff740000 - 0x00007fffff7ce000 	C:\Program Files\Java\jdk-21\bin\msvcp140.dll
0x00007fff97c70000 - 0x00007fff98988000 	C:\Program Files\Java\jdk-21\bin\server\jvm.dll
0x00007ff810f20000 - 0x00007ff810f94000 	C:\WINDOWS\System32\WS2_32.dll
0x00007ff802220000 - 0x00007ff802255000 	C:\WINDOWS\SYSTEM32\WINMM.dll
0x00007ff80e2e0000 - 0x00007ff80e33e000 	C:\WINDOWS\SYSTEM32\POWRPROF.dll
0x00007ff80e2c0000 - 0x00007ff80e2d4000 	C:\WINDOWS\SYSTEM32\UMPDC.dll
0x00007ff80d230000 - 0x00007ff80d24b000 	C:\WINDOWS\SYSTEM32\kernel.appcore.dll
0x00007ff802720000 - 0x00007ff80272a000 	C:\Program Files\Java\jdk-21\bin\jimage.dll
0x00007ff807e70000 - 0x00007ff8080b1000 	C:\WINDOWS\SYSTEM32\DBGHELP.DLL
0x00007ff810b30000 - 0x00007ff810eb6000 	C:\WINDOWS\System32\combase.dll
0x00007ff810570000 - 0x00007ff810650000 	C:\WINDOWS\System32\OLEAUT32.dll
0x00007ffff5290000 - 0x00007ffff52d3000 	C:\WINDOWS\SYSTEM32\dbgcore.DLL
0x00007ff80f040000 - 0x00007ff80f0d9000 	C:\WINDOWS\System32\bcryptPrimitives.dll
0x00007fffffb70000 - 0x00007fffffb8f000 	C:\Program Files\Java\jdk-21\bin\java.dll
0x00007ff80f6c0000 - 0x00007ff80fe0a000 	C:\WINDOWS\System32\SHELL32.dll
0x00007ff80e970000 - 0x00007ff80eae4000 	C:\WINDOWS\System32\wintypes.dll
0x00007ff80c0b0000 - 0x00007ff80c90b000 	C:\WINDOWS\SYSTEM32\windows.storage.dll
0x00007ff810fa0000 - 0x00007ff811095000 	C:\WINDOWS\System32\SHCORE.dll
0x00007ff810660000 - 0x00007ff8106ca000 	C:\WINDOWS\System32\shlwapi.dll
0x00007ff80e3a0000 - 0x00007ff80e3cf000 	C:\WINDOWS\SYSTEM32\profapi.dll
0x00007fffc5360000 - 0x00007fffc5437000 	C:\Program Files\Java\jdk-21\bin\jsvml.dll
0x00007fffffea0000 - 0x00007fffffeb0000 	C:\Program Files\Java\jdk-21\bin\net.dll
0x00007ff8015f0000 - 0x00007ff80170e000 	C:\WINDOWS\SYSTEM32\WINHTTP.dll
0x00007ff80d7c0000 - 0x00007ff80d82a000 	C:\WINDOWS\system32\mswsock.dll
0x00007fffffb50000 - 0x00007fffffb66000 	C:\Program Files\Java\jdk-21\bin\nio.dll
0x00007fffffa70000 - 0x00007fffffa88000 	C:\Program Files\Java\jdk-21\bin\zip.dll
0x0000026428fd0000 - 0x0000026428fd3000 	C:\Users\edy14\.openjfx\cache\23.0.2+3\amd64\api-ms-win-core-console-l1-1-0.dll
0x0000026428fe0000 - 0x0000026428fe3000 	C:\Users\edy14\.openjfx\cache\23.0.2+3\amd64\api-ms-win-core-console-l1-2-0.dll
0x0000026428ff0000 - 0x0000026428ff3000 	C:\Users\edy14\.openjfx\cache\23.0.2+3\amd64\api-ms-win-core-datetime-l1-1-0.dll
0x000002642dd30000 - 0x000002642dd33000 	C:\Users\edy14\.openjfx\cache\23.0.2+3\amd64\api-ms-win-core-debug-l1-1-0.dll
0x000002642dd40000 - 0x000002642dd43000 	C:\Users\edy14\.openjfx\cache\23.0.2+3\amd64\api-ms-win-core-errorhandling-l1-1-0.dll
0x000002642dd50000 - 0x000002642dd54000 	C:\Users\edy14\.openjfx\cache\23.0.2+3\amd64\api-ms-win-core-file-l1-1-0.dll
0x000002642dd60000 - 0x000002642dd63000 	C:\Users\edy14\.openjfx\cache\23.0.2+3\amd64\api-ms-win-core-file-l1-2-0.dll
0x000002642dd70000 - 0x000002642dd73000 	C:\Users\edy14\.openjfx\cache\23.0.2+3\amd64\api-ms-win-core-file-l2-1-0.dll
0x000002642dd80000 - 0x000002642dd83000 	C:\Users\edy14\.openjfx\cache\23.0.2+3\amd64\api-ms-win-core-handle-l1-1-0.dll
0x000002642dd90000 - 0x000002642dd93000 	C:\Users\edy14\.openjfx\cache\23.0.2+3\amd64\api-ms-win-core-heap-l1-1-0.dll
0x000002642dda0000 - 0x000002642dda3000 	C:\Users\edy14\.openjfx\cache\23.0.2+3\amd64\api-ms-win-core-interlocked-l1-1-0.dll
0x000002642ddb0000 - 0x000002642ddb3000 	C:\Users\edy14\.openjfx\cache\23.0.2+3\amd64\api-ms-win-core-libraryloader-l1-1-0.dll
0x000002642ddc0000 - 0x000002642ddc3000 	C:\Users\edy14\.openjfx\cache\23.0.2+3\amd64\api-ms-win-core-localization-l1-2-0.dll
0x000002642ddd0000 - 0x000002642ddd3000 	C:\Users\edy14\.openjfx\cache\23.0.2+3\amd64\api-ms-win-core-memory-l1-1-0.dll
0x000002642dde0000 - 0x000002642dde3000 	C:\Users\edy14\.openjfx\cache\23.0.2+3\amd64\api-ms-win-core-namedpipe-l1-1-0.dll
0x000002642ddf0000 - 0x000002642ddf3000 	C:\Users\edy14\.openjfx\cache\23.0.2+3\amd64\api-ms-win-core-processenvironment-l1-1-0.dll
0x000002642de00000 - 0x000002642de03000 	C:\Users\edy14\.openjfx\cache\23.0.2+3\amd64\api-ms-win-core-processthreads-l1-1-0.dll
0x000002642de10000 - 0x000002642de13000 	C:\Users\edy14\.openjfx\cache\23.0.2+3\amd64\api-ms-win-core-processthreads-l1-1-1.dll
0x000002642de20000 - 0x000002642de23000 	C:\Users\edy14\.openjfx\cache\23.0.2+3\amd64\api-ms-win-core-profile-l1-1-0.dll
0x000002642de30000 - 0x000002642de33000 	C:\Users\edy14\.openjfx\cache\23.0.2+3\amd64\api-ms-win-core-rtlsupport-l1-1-0.dll
0x000002642de40000 - 0x000002642de43000 	C:\Users\edy14\.openjfx\cache\23.0.2+3\amd64\api-ms-win-core-string-l1-1-0.dll
0x000002642de50000 - 0x000002642de53000 	C:\Users\edy14\.openjfx\cache\23.0.2+3\amd64\api-ms-win-core-synch-l1-1-0.dll
0x000002642de60000 - 0x000002642de63000 	C:\Users\edy14\.openjfx\cache\23.0.2+3\amd64\api-ms-win-core-synch-l1-2-0.dll
0x000002642de70000 - 0x000002642de73000 	C:\Users\edy14\.openjfx\cache\23.0.2+3\amd64\api-ms-win-core-sysinfo-l1-1-0.dll
0x000002642de80000 - 0x000002642de83000 	C:\Users\edy14\.openjfx\cache\23.0.2+3\amd64\api-ms-win-core-timezone-l1-1-0.dll
0x000002642de90000 - 0x000002642de93000 	C:\Users\edy14\.openjfx\cache\23.0.2+3\amd64\api-ms-win-core-util-l1-1-0.dll
0x000002642dea0000 - 0x000002642dea3000 	C:\Users\edy14\.openjfx\cache\23.0.2+3\amd64\api-ms-win-crt-conio-l1-1-0.dll
0x000002642deb0000 - 0x000002642deb4000 	C:\Users\edy14\.openjfx\cache\23.0.2+3\amd64\api-ms-win-crt-convert-l1-1-0.dll
0x000002642dec0000 - 0x000002642dec3000 	C:\Users\edy14\.openjfx\cache\23.0.2+3\amd64\api-ms-win-crt-environment-l1-1-0.dll
0x000002642ded0000 - 0x000002642ded3000 	C:\Users\edy14\.openjfx\cache\23.0.2+3\amd64\api-ms-win-crt-filesystem-l1-1-0.dll
0x000002642dee0000 - 0x000002642dee3000 	C:\Users\edy14\.openjfx\cache\23.0.2+3\amd64\api-ms-win-crt-heap-l1-1-0.dll
0x000002642def0000 - 0x000002642def3000 	C:\Users\edy14\.openjfx\cache\23.0.2+3\amd64\api-ms-win-crt-locale-l1-1-0.dll
0x000002642df00000 - 0x000002642df05000 	C:\Users\edy14\.openjfx\cache\23.0.2+3\amd64\api-ms-win-crt-math-l1-1-0.dll
0x000002642df10000 - 0x000002642df15000 	C:\Users\edy14\.openjfx\cache\23.0.2+3\amd64\api-ms-win-crt-multibyte-l1-1-0.dll
0x000002642df20000 - 0x000002642df30000 	C:\Users\edy14\.openjfx\cache\23.0.2+3\amd64\api-ms-win-crt-private-l1-1-0.dll
0x000002642df30000 - 0x000002642df33000 	C:\Users\edy14\.openjfx\cache\23.0.2+3\amd64\api-ms-win-crt-process-l1-1-0.dll
0x000002642df40000 - 0x000002642df44000 	C:\Users\edy14\.openjfx\cache\23.0.2+3\amd64\api-ms-win-crt-runtime-l1-1-0.dll
0x000002642df50000 - 0x000002642df54000 	C:\Users\edy14\.openjfx\cache\23.0.2+3\amd64\api-ms-win-crt-stdio-l1-1-0.dll
0x000002642df60000 - 0x000002642df64000 	C:\Users\edy14\.openjfx\cache\23.0.2+3\amd64\api-ms-win-crt-string-l1-1-0.dll
0x000002642df70000 - 0x000002642df73000 	C:\Users\edy14\.openjfx\cache\23.0.2+3\amd64\api-ms-win-crt-time-l1-1-0.dll
0x000002642df80000 - 0x000002642df83000 	C:\Users\edy14\.openjfx\cache\23.0.2+3\amd64\api-ms-win-crt-utility-l1-1-0.dll
0x00007fffa7240000 - 0x00007fffa733c000 	C:\Users\edy14\.openjfx\cache\23.0.2+3\amd64\ucrtbase.dll
0x00007ffffd470000 - 0x00007ffffd48b000 	C:\Users\edy14\.openjfx\cache\23.0.2+3\amd64\vcruntime140.dll
0x00007ffffd460000 - 0x00007ffffd46c000 	C:\Users\edy14\.openjfx\cache\23.0.2+3\amd64\vcruntime140_1.dll
0x00007fffc52d0000 - 0x00007fffc535e000 	C:\Users\edy14\.openjfx\cache\23.0.2+3\amd64\msvcp140.dll
0x00007ffffd450000 - 0x00007ffffd459000 	C:\Users\edy14\.openjfx\cache\23.0.2+3\amd64\msvcp140_1.dll
0x00007ffff9d10000 - 0x00007ffff9d51000 	C:\Users\edy14\.openjfx\cache\23.0.2+3\amd64\msvcp140_2.dll
0x00007ffff9ce0000 - 0x00007ffff9d10000 	C:\Users\edy14\.openjfx\cache\23.0.2+3\amd64\prism_d3d.dll
0x00007fff8ae00000 - 0x00007fff8afba000 	C:\WINDOWS\system32\d3d9.dll
0x00007ff80b9b0000 - 0x00007ff80b9e6000 	C:\WINDOWS\SYSTEM32\dwmapi.dll
0x00007ff80b960000 - 0x00007ff80b9ad000 	C:\WINDOWS\SYSTEM32\dxcore.dll
0x00007ff80b760000 - 0x00007ff80b80f000 	C:\WINDOWS\system32\uxtheme.dll
0x00007fff93ea0000 - 0x00007fff976e4000 	C:\WINDOWS\System32\DriverStore\FileRepository\u0413130.inf_amd64_8794407b7bd265d7\B412889\amdxn64.dll
0x00007ff810730000 - 0x00007ff8108ce000 	C:\WINDOWS\System32\ole32.dll
0x00007ff80f210000 - 0x00007ff80f696000 	C:\WINDOWS\System32\SETUPAPI.dll
0x00007ff807d30000 - 0x00007ff807e68000 	C:\WINDOWS\SYSTEM32\dxgi.dll
0x00007ff807be0000 - 0x00007ff807c44000 	C:\WINDOWS\SYSTEM32\directxdatabasehelper.dll
0x00007ff80dfd0000 - 0x00007ff80e027000 	C:\WINDOWS\SYSTEM32\cfgmgr32.dll
0x00007ff80e370000 - 0x00007ff80e396000 	C:\WINDOWS\SYSTEM32\BCrypt.dll
0x00007ff801f60000 - 0x00007ff801f97000 	C:\WINDOWS\System32\DriverStore\FileRepository\u0413130.inf_amd64_8794407b7bd265d7\B412889\amdihk64.dll
0x00007fffd5cb0000 - 0x00007fffd5cf5000 	C:\Users\edy14\.openjfx\cache\23.0.2+3\amd64\glass.dll
0x00007ff8110a0000 - 0x00007ff811198000 	C:\WINDOWS\System32\COMDLG32.dll
0x00007ff80fff0000 - 0x00007ff810150000 	C:\WINDOWS\System32\MSCTF.dll
0x00007ff80f0e0000 - 0x00007ff80f188000 	C:\WINDOWS\System32\clbcatq.dll
0x00007ffffa8f0000 - 0x00007ffffaa49000 	C:\Windows\System32\Windows.UI.dll
0x00007fffeb010000 - 0x00007fffeb15c000 	C:\Windows\System32\Windows.UI.Immersive.dll
0x00007fffe71b0000 - 0x00007fffe71c5000 	C:\Users\edy14\.openjfx\cache\23.0.2+3\amd64\javafx_font.dll
0x00007ff80a760000 - 0x00007ff80a9cb000 	C:\WINDOWS\SYSTEM32\dwrite.dll
0x00007ff809c40000 - 0x00007ff809e7b000 	C:\WINDOWS\SYSTEM32\WindowsCodecs.dll
0x00007fffe0670000 - 0x00007fffe06ca000 	C:\WINDOWS\system32\dataexchange.dll
0x00007ff8012c0000 - 0x00007ff8014f8000 	C:\WINDOWS\system32\twinapi.appcore.dll
0x00007fffd4860000 - 0x00007fffd488c000 	C:\Program Files\Common Files\Microsoft Shared\Ink\rtscom.dll
0x00007ffff7a90000 - 0x00007ffff7be0000 	C:\WINDOWS\SYSTEM32\textinputframework.dll
0x00007ff80b170000 - 0x00007ff80b295000 	C:\WINDOWS\SYSTEM32\CoreMessaging.dll
0x00007ff806e10000 - 0x00007ff8070f3000 	C:\WINDOWS\SYSTEM32\CoreUIComponents.dll
0x00007ff80da90000 - 0x00007ff80da9c000 	C:\WINDOWS\SYSTEM32\CRYPTBASE.DLL

dbghelp: loaded successfully - version: 4.0.5 - missing functions: none
symbol engine: initialized successfully - sym options: 0x614 - pdb path: .;C:\Program Files\Java\jdk-21\bin;C:\WINDOWS\SYSTEM32;C:\WINDOWS\WinSxS\amd64_microsoft.windows.common-controls_6595b64144ccf1df_6.0.26100.4484_none_3e0e6d4ce32ef3b3;C:\Program Files\Java\jdk-21\bin\server;C:\Users\edy14\.openjfx\cache\23.0.2+3\amd64;C:\WINDOWS\System32\DriverStore\FileRepository\u0413130.inf_amd64_8794407b7bd265d7\B412889;C:\Program Files\Common Files\Microsoft Shared\Ink

VM Arguments:
jvm_args: --module-path=C:\Users\edy14\.m2\repository\org\openjfx\javafx-base\23.0.2\javafx-base-23.0.2-win.jar;C:\Users\edy14\.m2\repository\org\openjfx\javafx-base\23.0.2\javafx-base-23.0.2.jar;C:\Users\edy14\.m2\repository\org\openjfx\javafx-controls\23.0.2\javafx-controls-23.0.2-win.jar;C:\Users\edy14\.m2\repository\org\openjfx\javafx-controls\23.0.2\javafx-controls-23.0.2.jar;C:\Users\edy14\.m2\repository\org\openjfx\javafx-fxml\23.0.2\javafx-fxml-23.0.2-win.jar;C:\Users\edy14\.m2\repository\org\openjfx\javafx-fxml\23.0.2\javafx-fxml-23.0.2.jar;C:\Users\edy14\.m2\repository\org\openjfx\javafx-graphics\23.0.2\javafx-graphics-23.0.2-win.jar;C:\Users\edy14\.m2\repository\org\openjfx\javafx-graphics\23.0.2\javafx-graphics-23.0.2.jar --add-modules=javafx.base,javafx.controls,javafx.fxml,javafx.graphics 
java_command: org.kevinramirez.system.Main
java_class_path (initial): C:\Users\edy14\MavenStore\target\classes;C:\Users\edy14\.m2\repository\mysql\mysql-connector-java\5.1.47\mysql-connector-java-5.1.47.jar;C:\Users\edy14\.m2\repository\org\json\json\20230227\json-20230227.jar
Launcher Type: SUN_STANDARD

[Global flags]
     intx CICompilerCount                          = 4                                         {product} {ergonomic}
     uint ConcGCThreads                            = 2                                         {product} {ergonomic}
     uint G1ConcRefinementThreads                  = 8                                         {product} {ergonomic}
   size_t G1HeapRegionSize                         = 1048576                                   {product} {ergonomic}
    uintx GCDrainStackTargetSize                   = 64                                        {product} {ergonomic}
   size_t InitialHeapSize                          = 96468992                                  {product} {ergonomic}
   size_t MarkStackSize                            = 4194304                                   {product} {ergonomic}
   size_t MaxHeapSize                              = 1541406720                                {product} {ergonomic}
   size_t MaxNewSize                               = 924844032                                 {product} {ergonomic}
   size_t MinHeapDeltaBytes                        = 1048576                                   {product} {ergonomic}
   size_t MinHeapSize                              = 8388608                                   {product} {ergonomic}
    uintx NonNMethodCodeHeapSize                   = 5839372                                {pd product} {ergonomic}
    uintx NonProfiledCodeHeapSize                  = 122909434                              {pd product} {ergonomic}
    uintx ProfiledCodeHeapSize                     = 122909434                              {pd product} {ergonomic}
    uintx ReservedCodeCacheSize                    = 251658240                              {pd product} {ergonomic}
     bool SegmentedCodeCache                       = true                                      {product} {ergonomic}
   size_t SoftMaxHeapSize                          = 1541406720                             {manageable} {ergonomic}
     bool UseCompressedOops                        = true                           {product lp64_product} {ergonomic}
     bool UseG1GC                                  = true                                      {product} {ergonomic}
     bool UseLargePagesIndividualAllocation        = false                                  {pd product} {ergonomic}

Logging:
Log output configuration:
 #0: stdout all=warning uptime,level,tags foldmultilines=false
 #1: stderr all=off uptime,level,tags foldmultilines=false

Environment Variables:
JAVA_HOME=C:\Program Files\Java\jdk-21
PATH=C:\Program Files\Common Files\Oracle\Java\javapath;C:\Program Files (x86)\Common Files\Oracle\Java\javapath;C:\WINDOWS\system32;C:\WINDOWS;C:\WINDOWS\System32\Wbem;C:\WINDOWS\System32\WindowsPowerShell\v1.0\;C:\WINDOWS\System32\OpenSSH\;C:\Program Files\PuTTY\;C:\Program Files\GitHub CLI\;C:\Program Files\Git\cmd;C:\Program Files\MySQL\MySQL Shell 8.0\bin\;C:\Users\edy14\AppData\Local\Microsoft\WindowsApps;C:\Users\edy14\AppData\Local\Programs\Microsoft VS Code\bin;
USERNAME=edy14
OS=Windows_NT
PROCESSOR_IDENTIFIER=AMD64 Family 23 Model 160 Stepping 0, AuthenticAMD
TMP=C:\Users\edy14\AppData\Local\Temp
TEMP=C:\Users\edy14\AppData\Local\Temp




Periodic native trim disabled

---------------  S Y S T E M  ---------------

OS:
 Windows 11 , 64 bit Build 26100 (10.0.26100.4484)
OS uptime: 5 days 6:08 hours
Hyper-V role detected

CPU: total 8 (initial active 8) (8 cores per cpu, 2 threads per core) family 23 model 160 stepping 0 microcode 0x8a00006, cx8, cmov, fxsr, ht, mmx, 3dnowpref, sse, sse2, sse3, ssse3, sse4a, sse4.1, sse4.2, popcnt, lzcnt, tsc, tscinvbit, avx, avx2, aes, clmul, bmi1, bmi2, adx, sha, fma, vzeroupper, clflush, clflushopt, hv, rdtscp, rdpid, f16c
Processor Information for all 8 processors :
  Max Mhz: 2801, Current Mhz: 2801, Mhz Limit: 2801

Memory: 4k page, system-wide physical 5877M (339M free)
TotalPageFile size 24309M (AvailPageFile size 25M)
current process WorkingSet (physical memory assigned to process): 61M, peak: 162M
current process commit charge ("private bytes"): 203M, peak: 253M

vm_info: Java HotSpot(TM) 64-Bit Server VM (21.0.5+9-LTS-239) for windows-amd64 JRE (21.0.5+9-LTS-239), built on 2024-09-30T05:17:38Z by "mach5one" with MS VC++ 17.6 (VS2022)

END.
