#
# There is insufficient memory for the Java Runtime Environment to continue.
# Native memory allocation (malloc) failed to allocate 1183088 bytes for Chunk::new
# Possible reasons:
#   The system is out of physical RAM or swap space
#   The process is running with CompressedOops enabled, and the Java Heap may be blocking the growth of the native heap
# Possible solutions:
#   Reduce memory load on the system
#   Increase physical memory or swap space
#   Check if swap backing store is full
#   Decrease Java heap size (-Xmx/-Xms)
#   Decrease number of Java threads
#   Decrease Java thread stack sizes (-Xss)
#   Set larger code cache with -XX:ReservedCodeCacheSize=
#   JVM is running with Unscaled Compressed Oops mode in which the Java heap is
#     placed in the first 4GB address space. The Java Heap base address is the
#     maximum limit for the native heap growth. Please use -XX:HeapBaseMinAddress
#     to set the Java Heap base and to place the Java Heap above 4GB virtual address.
# This output file may be truncated or incomplete.
#
#  Out of Memory Error (arena.cpp:168), pid=110672, tid=37944
#
# JRE version: Java(TM) SE Runtime Environment (21.0.5+9) (build 21.0.5+9-LTS-239)
# Java VM: Java HotSpot(TM) 64-Bit Server VM (21.0.5+9-LTS-239, mixed mode, sharing, tiered, compressed oops, compressed class ptrs, g1 gc, windows-amd64)
# No core dump will be written. Minidumps are not enabled by default on client versions of Windows
#

---------------  S U M M A R Y ------------

Command Line: -Dclassworlds.conf=C:\Program Files\NetBeans-21\netbeans\java\maven\bin\m2.conf -Dmaven.home=C:\Program Files\NetBeans-21\netbeans\java\maven -Dlibrary.jansi.path=C:\Program Files\NetBeans-21\netbeans\java\maven\lib\jansi-native -Dmaven.multiModuleProjectDirectory=C:\Users\edy14\MavenStore org.codehaus.plexus.classworlds.launcher.Launcher -Dmaven.ext.class.path=C:\Program Files\NetBeans-21\netbeans\java\maven-nblib\netbeans-eventspy.jar --no-transfer-progress clean javafx:run

Host: AMD Ryzen 5 7520U with Radeon Graphics         , 8 cores, 5G,  Windows 11 , 64 bit Build 26100 (10.0.26100.4484)
Time: Mon Jul 14 23:07:44 2025 Hora estándar, América Central elapsed time: 3.583556 seconds (0d 0h 0m 3s)

---------------  T H R E A D  ---------------

Current thread (0x0000021d465b6500):  JavaThread "C2 CompilerThread0" daemon [_thread_in_native, id=37944, stack(0x0000008d85800000,0x0000008d85900000) (1024K)]


Current CompileTask:
C2:   3583 2763   !   4       java.net.URL::<init> (543 bytes)

Stack: [0x0000008d85800000,0x0000008d85900000]
Native frames: (J=compiled Java code, j=interpreted, Vv=VM code, C=native code)
V  [jvm.dll+0x6ca289]
V  [jvm.dll+0x854a51]
V  [jvm.dll+0x856f7e]
V  [jvm.dll+0x857653]
V  [jvm.dll+0x27dd26]
V  [jvm.dll+0xc4c2d]
V  [jvm.dll+0xc5163]
V  [jvm.dll+0x3b4d3c]
V  [jvm.dll+0x3814b5]
V  [jvm.dll+0x38092a]
V  [jvm.dll+0x246910]
V  [jvm.dll+0x245eef]
V  [jvm.dll+0x1c6d0e]
V  [jvm.dll+0x2554d9]
V  [jvm.dll+0x253a6a]
V  [jvm.dll+0x3ee136]
V  [jvm.dll+0x7fee9b]
V  [jvm.dll+0x6c896d]
C  [ucrtbase.dll+0x37b0]
C  [KERNEL32.DLL+0x2e8d7]
C  [ntdll.dll+0x3c34c]


---------------  P R O C E S S  ---------------

Threads class SMR info:
_java_thread_list=0x0000021d4686f450, length=11, elements={
0x0000021d284f3f40, 0x0000021d465a41e0, 0x0000021d465a4e30, 0x0000021d465a9be0,
0x0000021d465aeaa0, 0x0000021d465b0060, 0x0000021d465b2450, 0x0000021d465b6500,
0x0000021d465b9190, 0x0000021d46872cd0, 0x0000021d46879930
}

Java Threads: ( => current thread )
  0x0000021d284f3f40 JavaThread "main"                              [_thread_in_vm, id=82712, stack(0x0000008d84a00000,0x0000008d84b00000) (1024K)]
  0x0000021d465a41e0 JavaThread "Reference Handler"          daemon [_thread_blocked, id=77372, stack(0x0000008d85200000,0x0000008d85300000) (1024K)]
  0x0000021d465a4e30 JavaThread "Finalizer"                  daemon [_thread_blocked, id=105004, stack(0x0000008d85300000,0x0000008d85400000) (1024K)]
  0x0000021d465a9be0 JavaThread "Signal Dispatcher"          daemon [_thread_blocked, id=104324, stack(0x0000008d85400000,0x0000008d85500000) (1024K)]
  0x0000021d465aeaa0 JavaThread "Attach Listener"            daemon [_thread_blocked, id=99204, stack(0x0000008d85500000,0x0000008d85600000) (1024K)]
  0x0000021d465b0060 JavaThread "Service Thread"             daemon [_thread_blocked, id=107296, stack(0x0000008d85600000,0x0000008d85700000) (1024K)]
  0x0000021d465b2450 JavaThread "Monitor Deflation Thread"   daemon [_thread_blocked, id=95472, stack(0x0000008d85700000,0x0000008d85800000) (1024K)]
=>0x0000021d465b6500 JavaThread "C2 CompilerThread0"         daemon [_thread_in_native, id=37944, stack(0x0000008d85800000,0x0000008d85900000) (1024K)]
  0x0000021d465b9190 JavaThread "C1 CompilerThread0"         daemon [_thread_blocked, id=93920, stack(0x0000008d85900000,0x0000008d85a00000) (1024K)]
  0x0000021d46872cd0 JavaThread "Notification Thread"        daemon [_thread_blocked, id=37188, stack(0x0000008d85a00000,0x0000008d85b00000) (1024K)]
  0x0000021d46879930 JavaThread "Common-Cleaner"             daemon [_thread_blocked, id=109508, stack(0x0000008d85b00000,0x0000008d85c00000) (1024K)]
Total: 11

Other Threads:
  0x0000021d284d0590 VMThread "VM Thread"                           [id=109184, stack(0x0000008d85100000,0x0000008d85200000) (1024K)]
  0x0000021d465709c0 WatcherThread "VM Periodic Task Thread"        [id=109464, stack(0x0000008d85000000,0x0000008d85100000) (1024K)]
  0x0000021d284cfe50 WorkerThread "GC Thread#0"                     [id=36088, stack(0x0000008d84b00000,0x0000008d84c00000) (1024K)]
  0x0000021d284d0930 WorkerThread "GC Thread#1"                     [id=28160, stack(0x0000008d85c00000,0x0000008d85d00000) (1024K)]
  0x0000021d284cf710 WorkerThread "GC Thread#2"                     [id=101988, stack(0x0000008d85d00000,0x0000008d85e00000) (1024K)]
  0x0000021d8ca90840 WorkerThread "GC Thread#3"                     [id=100384, stack(0x0000008d85e00000,0x0000008d85f00000) (1024K)]
  0x0000021d8ca8eb40 WorkerThread "GC Thread#4"                     [id=109948, stack(0x0000008d85f00000,0x0000008d86000000) (1024K)]
  0x0000021d8ca91a60 WorkerThread "GC Thread#5"                     [id=108900, stack(0x0000008d86000000,0x0000008d86100000) (1024K)]
  0x0000021d8ca8f620 WorkerThread "GC Thread#6"                     [id=94584, stack(0x0000008d86100000,0x0000008d86200000) (1024K)]
  0x0000021d8ca90be0 WorkerThread "GC Thread#7"                     [id=109236, stack(0x0000008d86200000,0x0000008d86300000) (1024K)]
  0x0000021d287eb2b0 ConcurrentGCThread "G1 Main Marker"            [id=110088, stack(0x0000008d84c00000,0x0000008d84d00000) (1024K)]
  0x0000021d284cf370 WorkerThread "G1 Conc#0"                       [id=75820, stack(0x0000008d84d00000,0x0000008d84e00000) (1024K)]
  0x0000021d2885d770 ConcurrentGCThread "G1 Refine#0"               [id=110724, stack(0x0000008d84e00000,0x0000008d84f00000) (1024K)]
  0x0000021d2885e2e0 ConcurrentGCThread "G1 Service"                [id=105504, stack(0x0000008d84f00000,0x0000008d85000000) (1024K)]
Total: 14

Threads with active compile tasks:
C2 CompilerThread0     3667 2763   !   4       java.net.URL::<init> (543 bytes)
Total: 1

VM state: not at safepoint (normal execution)

VM Mutex/Monitor currently owned by a thread: None

Heap address: 0x00000000a4200000, size: 1470 MB, Compressed Oops mode: 32-bit

CDS archive(s) mapped at: [0x0000021d47000000-0x0000021d47c90000-0x0000021d47c90000), size 13172736, SharedBaseAddress: 0x0000021d47000000, ArchiveRelocationMode: 1.
Compressed class space mapped at: 0x0000021d48000000-0x0000021d88000000, reserved size: 1073741824
Narrow klass base: 0x0000021d47000000, Narrow klass shift: 0, Narrow klass range: 0x100000000

GC Precious Log:
 CardTable entry size: 512
 Card Set container configuration: InlinePtr #cards 5 size 8 Array Of Cards #cards 12 size 40 Howl #buckets 4 coarsen threshold 1843 Howl Bitmap #cards 512 size 80 coarsen threshold 460 Card regions per heap region 1 cards per card region 2048
 CPUs: 8 total, 8 available
 Memory: 5877M
 Large Page Support: Disabled
 NUMA Support: Disabled
 Compressed Oops: Enabled (32-bit)
 Heap Region Size: 1M
 Heap Min Capacity: 8M
 Heap Initial Capacity: 92M
 Heap Max Capacity: 1470M
 Pre-touch: Disabled
 Parallel Workers: 8
 Concurrent Workers: 2
 Concurrent Refinement Workers: 8
 Periodic GC: Disabled

Heap:
 garbage-first heap   total 94208K, used 26417K [0x00000000a4200000, 0x0000000100000000)
  region size 1024K, 23 young (23552K), 2 survivors (2048K)
 Metaspace       used 14586K, committed 14848K, reserved 1114112K
  class space    used 1717K, committed 1856K, reserved 1048576K

Heap Regions: E=young(eden), S=young(survivor), O=old, HS=humongous(starts), HC=humongous(continues), CS=collection set, F=free, TAMS=top-at-mark-start, PB=parsable bottom
|   0|0x00000000a4200000, 0x00000000a4300000, 0x00000000a4300000|100%| O|  |TAMS 0x00000000a4200000| PB 0x00000000a4200000| Untracked 
|   1|0x00000000a4300000, 0x00000000a4400000, 0x00000000a4400000|100%| O|  |TAMS 0x00000000a4300000| PB 0x00000000a4300000| Untracked 
|   2|0x00000000a4400000, 0x00000000a4500000, 0x00000000a4500000|100%| O|  |TAMS 0x00000000a4400000| PB 0x00000000a4400000| Untracked 
|   3|0x00000000a4500000, 0x00000000a45cc7a8, 0x00000000a4600000| 79%| O|  |TAMS 0x00000000a4500000| PB 0x00000000a4500000| Untracked 
|   4|0x00000000a4600000, 0x00000000a4600000, 0x00000000a4700000|  0%| F|  |TAMS 0x00000000a4600000| PB 0x00000000a4600000| Untracked 
|   5|0x00000000a4700000, 0x00000000a4700000, 0x00000000a4800000|  0%| F|  |TAMS 0x00000000a4700000| PB 0x00000000a4700000| Untracked 
|   6|0x00000000a4800000, 0x00000000a4800000, 0x00000000a4900000|  0%| F|  |TAMS 0x00000000a4800000| PB 0x00000000a4800000| Untracked 
|   7|0x00000000a4900000, 0x00000000a4900000, 0x00000000a4a00000|  0%| F|  |TAMS 0x00000000a4900000| PB 0x00000000a4900000| Untracked 
|   8|0x00000000a4a00000, 0x00000000a4a00000, 0x00000000a4b00000|  0%| F|  |TAMS 0x00000000a4a00000| PB 0x00000000a4a00000| Untracked 
|   9|0x00000000a4b00000, 0x00000000a4b00000, 0x00000000a4c00000|  0%| F|  |TAMS 0x00000000a4b00000| PB 0x00000000a4b00000| Untracked 
|  10|0x00000000a4c00000, 0x00000000a4c00000, 0x00000000a4d00000|  0%| F|  |TAMS 0x00000000a4c00000| PB 0x00000000a4c00000| Untracked 
|  11|0x00000000a4d00000, 0x00000000a4d00000, 0x00000000a4e00000|  0%| F|  |TAMS 0x00000000a4d00000| PB 0x00000000a4d00000| Untracked 
|  12|0x00000000a4e00000, 0x00000000a4e00000, 0x00000000a4f00000|  0%| F|  |TAMS 0x00000000a4e00000| PB 0x00000000a4e00000| Untracked 
|  13|0x00000000a4f00000, 0x00000000a4f00000, 0x00000000a5000000|  0%| F|  |TAMS 0x00000000a4f00000| PB 0x00000000a4f00000| Untracked 
|  14|0x00000000a5000000, 0x00000000a5000000, 0x00000000a5100000|  0%| F|  |TAMS 0x00000000a5000000| PB 0x00000000a5000000| Untracked 
|  15|0x00000000a5100000, 0x00000000a5100000, 0x00000000a5200000|  0%| F|  |TAMS 0x00000000a5100000| PB 0x00000000a5100000| Untracked 
|  16|0x00000000a5200000, 0x00000000a5200000, 0x00000000a5300000|  0%| F|  |TAMS 0x00000000a5200000| PB 0x00000000a5200000| Untracked 
|  17|0x00000000a5300000, 0x00000000a5300000, 0x00000000a5400000|  0%| F|  |TAMS 0x00000000a5300000| PB 0x00000000a5300000| Untracked 
|  18|0x00000000a5400000, 0x00000000a5400000, 0x00000000a5500000|  0%| F|  |TAMS 0x00000000a5400000| PB 0x00000000a5400000| Untracked 
|  19|0x00000000a5500000, 0x00000000a5500000, 0x00000000a5600000|  0%| F|  |TAMS 0x00000000a5500000| PB 0x00000000a5500000| Untracked 
|  20|0x00000000a5600000, 0x00000000a5600000, 0x00000000a5700000|  0%| F|  |TAMS 0x00000000a5600000| PB 0x00000000a5600000| Untracked 
|  21|0x00000000a5700000, 0x00000000a5700000, 0x00000000a5800000|  0%| F|  |TAMS 0x00000000a5700000| PB 0x00000000a5700000| Untracked 
|  22|0x00000000a5800000, 0x00000000a5800000, 0x00000000a5900000|  0%| F|  |TAMS 0x00000000a5800000| PB 0x00000000a5800000| Untracked 
|  23|0x00000000a5900000, 0x00000000a5900000, 0x00000000a5a00000|  0%| F|  |TAMS 0x00000000a5900000| PB 0x00000000a5900000| Untracked 
|  24|0x00000000a5a00000, 0x00000000a5a00000, 0x00000000a5b00000|  0%| F|  |TAMS 0x00000000a5a00000| PB 0x00000000a5a00000| Untracked 
|  25|0x00000000a5b00000, 0x00000000a5b00000, 0x00000000a5c00000|  0%| F|  |TAMS 0x00000000a5b00000| PB 0x00000000a5b00000| Untracked 
|  26|0x00000000a5c00000, 0x00000000a5c00000, 0x00000000a5d00000|  0%| F|  |TAMS 0x00000000a5c00000| PB 0x00000000a5c00000| Untracked 
|  27|0x00000000a5d00000, 0x00000000a5d00000, 0x00000000a5e00000|  0%| F|  |TAMS 0x00000000a5d00000| PB 0x00000000a5d00000| Untracked 
|  28|0x00000000a5e00000, 0x00000000a5e00000, 0x00000000a5f00000|  0%| F|  |TAMS 0x00000000a5e00000| PB 0x00000000a5e00000| Untracked 
|  29|0x00000000a5f00000, 0x00000000a5f00000, 0x00000000a6000000|  0%| F|  |TAMS 0x00000000a5f00000| PB 0x00000000a5f00000| Untracked 
|  30|0x00000000a6000000, 0x00000000a6000000, 0x00000000a6100000|  0%| F|  |TAMS 0x00000000a6000000| PB 0x00000000a6000000| Untracked 
|  31|0x00000000a6100000, 0x00000000a6100000, 0x00000000a6200000|  0%| F|  |TAMS 0x00000000a6100000| PB 0x00000000a6100000| Untracked 
|  32|0x00000000a6200000, 0x00000000a6200000, 0x00000000a6300000|  0%| F|  |TAMS 0x00000000a6200000| PB 0x00000000a6200000| Untracked 
|  33|0x00000000a6300000, 0x00000000a6300000, 0x00000000a6400000|  0%| F|  |TAMS 0x00000000a6300000| PB 0x00000000a6300000| Untracked 
|  34|0x00000000a6400000, 0x00000000a6400000, 0x00000000a6500000|  0%| F|  |TAMS 0x00000000a6400000| PB 0x00000000a6400000| Untracked 
|  35|0x00000000a6500000, 0x00000000a6500000, 0x00000000a6600000|  0%| F|  |TAMS 0x00000000a6500000| PB 0x00000000a6500000| Untracked 
|  36|0x00000000a6600000, 0x00000000a6600000, 0x00000000a6700000|  0%| F|  |TAMS 0x00000000a6600000| PB 0x00000000a6600000| Untracked 
|  37|0x00000000a6700000, 0x00000000a6700000, 0x00000000a6800000|  0%| F|  |TAMS 0x00000000a6700000| PB 0x00000000a6700000| Untracked 
|  38|0x00000000a6800000, 0x00000000a6800000, 0x00000000a6900000|  0%| F|  |TAMS 0x00000000a6800000| PB 0x00000000a6800000| Untracked 
|  39|0x00000000a6900000, 0x00000000a6900000, 0x00000000a6a00000|  0%| F|  |TAMS 0x00000000a6900000| PB 0x00000000a6900000| Untracked 
|  40|0x00000000a6a00000, 0x00000000a6a00000, 0x00000000a6b00000|  0%| F|  |TAMS 0x00000000a6a00000| PB 0x00000000a6a00000| Untracked 
|  41|0x00000000a6b00000, 0x00000000a6b00000, 0x00000000a6c00000|  0%| F|  |TAMS 0x00000000a6b00000| PB 0x00000000a6b00000| Untracked 
|  42|0x00000000a6c00000, 0x00000000a6c00000, 0x00000000a6d00000|  0%| F|  |TAMS 0x00000000a6c00000| PB 0x00000000a6c00000| Untracked 
|  43|0x00000000a6d00000, 0x00000000a6d00000, 0x00000000a6e00000|  0%| F|  |TAMS 0x00000000a6d00000| PB 0x00000000a6d00000| Untracked 
|  44|0x00000000a6e00000, 0x00000000a6e00000, 0x00000000a6f00000|  0%| F|  |TAMS 0x00000000a6e00000| PB 0x00000000a6e00000| Untracked 
|  45|0x00000000a6f00000, 0x00000000a6f00000, 0x00000000a7000000|  0%| F|  |TAMS 0x00000000a6f00000| PB 0x00000000a6f00000| Untracked 
|  46|0x00000000a7000000, 0x00000000a7000000, 0x00000000a7100000|  0%| F|  |TAMS 0x00000000a7000000| PB 0x00000000a7000000| Untracked 
|  47|0x00000000a7100000, 0x00000000a7100000, 0x00000000a7200000|  0%| F|  |TAMS 0x00000000a7100000| PB 0x00000000a7100000| Untracked 
|  48|0x00000000a7200000, 0x00000000a7200000, 0x00000000a7300000|  0%| F|  |TAMS 0x00000000a7200000| PB 0x00000000a7200000| Untracked 
|  49|0x00000000a7300000, 0x00000000a7300000, 0x00000000a7400000|  0%| F|  |TAMS 0x00000000a7300000| PB 0x00000000a7300000| Untracked 
|  50|0x00000000a7400000, 0x00000000a7400000, 0x00000000a7500000|  0%| F|  |TAMS 0x00000000a7400000| PB 0x00000000a7400000| Untracked 
|  51|0x00000000a7500000, 0x00000000a7500000, 0x00000000a7600000|  0%| F|  |TAMS 0x00000000a7500000| PB 0x00000000a7500000| Untracked 
|  52|0x00000000a7600000, 0x00000000a7600000, 0x00000000a7700000|  0%| F|  |TAMS 0x00000000a7600000| PB 0x00000000a7600000| Untracked 
|  53|0x00000000a7700000, 0x00000000a7700000, 0x00000000a7800000|  0%| F|  |TAMS 0x00000000a7700000| PB 0x00000000a7700000| Untracked 
|  54|0x00000000a7800000, 0x00000000a7800000, 0x00000000a7900000|  0%| F|  |TAMS 0x00000000a7800000| PB 0x00000000a7800000| Untracked 
|  55|0x00000000a7900000, 0x00000000a7900000, 0x00000000a7a00000|  0%| F|  |TAMS 0x00000000a7900000| PB 0x00000000a7900000| Untracked 
|  56|0x00000000a7a00000, 0x00000000a7b00000, 0x00000000a7b00000|100%| S|CS|TAMS 0x00000000a7a00000| PB 0x00000000a7a00000| Complete 
|  57|0x00000000a7b00000, 0x00000000a7c00000, 0x00000000a7c00000|100%| S|CS|TAMS 0x00000000a7b00000| PB 0x00000000a7b00000| Complete 
|  58|0x00000000a7c00000, 0x00000000a7c00000, 0x00000000a7d00000|  0%| F|  |TAMS 0x00000000a7c00000| PB 0x00000000a7c00000| Untracked 
|  59|0x00000000a7d00000, 0x00000000a7d00000, 0x00000000a7e00000|  0%| F|  |TAMS 0x00000000a7d00000| PB 0x00000000a7d00000| Untracked 
|  60|0x00000000a7e00000, 0x00000000a7e00000, 0x00000000a7f00000|  0%| F|  |TAMS 0x00000000a7e00000| PB 0x00000000a7e00000| Untracked 
|  61|0x00000000a7f00000, 0x00000000a7f00000, 0x00000000a8000000|  0%| F|  |TAMS 0x00000000a7f00000| PB 0x00000000a7f00000| Untracked 
|  62|0x00000000a8000000, 0x00000000a8000000, 0x00000000a8100000|  0%| F|  |TAMS 0x00000000a8000000| PB 0x00000000a8000000| Untracked 
|  63|0x00000000a8100000, 0x00000000a8100000, 0x00000000a8200000|  0%| F|  |TAMS 0x00000000a8100000| PB 0x00000000a8100000| Untracked 
|  64|0x00000000a8200000, 0x00000000a8200000, 0x00000000a8300000|  0%| F|  |TAMS 0x00000000a8200000| PB 0x00000000a8200000| Untracked 
|  65|0x00000000a8300000, 0x00000000a8300000, 0x00000000a8400000|  0%| F|  |TAMS 0x00000000a8300000| PB 0x00000000a8300000| Untracked 
|  66|0x00000000a8400000, 0x00000000a8400000, 0x00000000a8500000|  0%| F|  |TAMS 0x00000000a8400000| PB 0x00000000a8400000| Untracked 
|  67|0x00000000a8500000, 0x00000000a8500000, 0x00000000a8600000|  0%| F|  |TAMS 0x00000000a8500000| PB 0x00000000a8500000| Untracked 
|  68|0x00000000a8600000, 0x00000000a8600000, 0x00000000a8700000|  0%| F|  |TAMS 0x00000000a8600000| PB 0x00000000a8600000| Untracked 
|  69|0x00000000a8700000, 0x00000000a8700000, 0x00000000a8800000|  0%| F|  |TAMS 0x00000000a8700000| PB 0x00000000a8700000| Untracked 
|  70|0x00000000a8800000, 0x00000000a8800000, 0x00000000a8900000|  0%| F|  |TAMS 0x00000000a8800000| PB 0x00000000a8800000| Untracked 
|  71|0x00000000a8900000, 0x00000000a8980800, 0x00000000a8a00000| 50%| E|  |TAMS 0x00000000a8900000| PB 0x00000000a8900000| Complete 
|  72|0x00000000a8a00000, 0x00000000a8b00000, 0x00000000a8b00000|100%| E|CS|TAMS 0x00000000a8a00000| PB 0x00000000a8a00000| Complete 
|  73|0x00000000a8b00000, 0x00000000a8c00000, 0x00000000a8c00000|100%| E|CS|TAMS 0x00000000a8b00000| PB 0x00000000a8b00000| Complete 
|  74|0x00000000a8c00000, 0x00000000a8d00000, 0x00000000a8d00000|100%| E|CS|TAMS 0x00000000a8c00000| PB 0x00000000a8c00000| Complete 
|  75|0x00000000a8d00000, 0x00000000a8e00000, 0x00000000a8e00000|100%| E|CS|TAMS 0x00000000a8d00000| PB 0x00000000a8d00000| Complete 
|  76|0x00000000a8e00000, 0x00000000a8f00000, 0x00000000a8f00000|100%| E|CS|TAMS 0x00000000a8e00000| PB 0x00000000a8e00000| Complete 
|  77|0x00000000a8f00000, 0x00000000a9000000, 0x00000000a9000000|100%| E|CS|TAMS 0x00000000a8f00000| PB 0x00000000a8f00000| Complete 
|  78|0x00000000a9000000, 0x00000000a9100000, 0x00000000a9100000|100%| E|CS|TAMS 0x00000000a9000000| PB 0x00000000a9000000| Complete 
|  79|0x00000000a9100000, 0x00000000a9200000, 0x00000000a9200000|100%| E|CS|TAMS 0x00000000a9100000| PB 0x00000000a9100000| Complete 
|  80|0x00000000a9200000, 0x00000000a9300000, 0x00000000a9300000|100%| E|CS|TAMS 0x00000000a9200000| PB 0x00000000a9200000| Complete 
|  81|0x00000000a9300000, 0x00000000a9400000, 0x00000000a9400000|100%| E|CS|TAMS 0x00000000a9300000| PB 0x00000000a9300000| Complete 
|  82|0x00000000a9400000, 0x00000000a9500000, 0x00000000a9500000|100%| E|CS|TAMS 0x00000000a9400000| PB 0x00000000a9400000| Complete 
|  83|0x00000000a9500000, 0x00000000a9600000, 0x00000000a9600000|100%| E|CS|TAMS 0x00000000a9500000| PB 0x00000000a9500000| Complete 
|  84|0x00000000a9600000, 0x00000000a9700000, 0x00000000a9700000|100%| E|CS|TAMS 0x00000000a9600000| PB 0x00000000a9600000| Complete 
|  85|0x00000000a9700000, 0x00000000a9800000, 0x00000000a9800000|100%| E|CS|TAMS 0x00000000a9700000| PB 0x00000000a9700000| Complete 
|  86|0x00000000a9800000, 0x00000000a9900000, 0x00000000a9900000|100%| E|CS|TAMS 0x00000000a9800000| PB 0x00000000a9800000| Complete 
|  87|0x00000000a9900000, 0x00000000a9a00000, 0x00000000a9a00000|100%| E|CS|TAMS 0x00000000a9900000| PB 0x00000000a9900000| Complete 
|  88|0x00000000a9a00000, 0x00000000a9b00000, 0x00000000a9b00000|100%| E|CS|TAMS 0x00000000a9a00000| PB 0x00000000a9a00000| Complete 
|  89|0x00000000a9b00000, 0x00000000a9c00000, 0x00000000a9c00000|100%| E|CS|TAMS 0x00000000a9b00000| PB 0x00000000a9b00000| Complete 
|  90|0x00000000a9c00000, 0x00000000a9d00000, 0x00000000a9d00000|100%| E|CS|TAMS 0x00000000a9c00000| PB 0x00000000a9c00000| Complete 
|  91|0x00000000a9d00000, 0x00000000a9e00000, 0x00000000a9e00000|100%| E|CS|TAMS 0x00000000a9d00000| PB 0x00000000a9d00000| Complete 

Card table byte_map: [0x0000021d421d0000,0x0000021d424b0000] _byte_map_base: 0x0000021d41caf000

Marking Bits: (CMBitMap*) 0x0000021d287dd380
 Bits: [0x0000021d424b0000, 0x0000021d43ba8000)

Polling page: 0x0000021d28860000

Metaspace:

Usage:
  Non-class:     12.59 MB used.
      Class:      1.68 MB used.
       Both:     14.27 MB used.

Virtual space:
  Non-class space:       64.00 MB reserved,      12.69 MB ( 20%) committed,  1 nodes.
      Class space:        1.00 GB reserved,       1.81 MB ( <1%) committed,  1 nodes.
             Both:        1.06 GB reserved,      14.50 MB (  1%) committed. 

Chunk freelists:
   Non-Class:  2.69 MB
       Class:  14.04 MB
        Both:  16.73 MB

MaxMetaspaceSize: unlimited
CompressedClassSpaceSize: 1.00 GB
Initial GC threshold: 21.00 MB
Current GC threshold: 21.00 MB
CDS: on
 - commit_granule_bytes: 65536.
 - commit_granule_words: 8192.
 - virtual_space_node_default_size: 8388608.
 - enlarge_chunks_in_place: 1.
 - use_allocation_guard: 0.


Internal statistics:

num_allocs_failed_limit: 0.
num_arena_births: 132.
num_arena_deaths: 0.
num_vsnodes_births: 2.
num_vsnodes_deaths: 0.
num_space_committed: 232.
num_space_uncommitted: 0.
num_chunks_returned_to_freelist: 0.
num_chunks_taken_from_freelist: 611.
num_chunk_merges: 0.
num_chunk_splits: 428.
num_chunks_enlarged: 358.
num_inconsistent_stats: 0.

CodeHeap 'non-profiled nmethods': size=120000Kb used=925Kb max_used=925Kb free=119074Kb
 bounds [0x0000021d3a050000, 0x0000021d3a2c0000, 0x0000021d41580000]
CodeHeap 'profiled nmethods': size=120000Kb used=5606Kb max_used=5606Kb free=114393Kb
 bounds [0x0000021d32580000, 0x0000021d32b00000, 0x0000021d39ab0000]
CodeHeap 'non-nmethods': size=5760Kb used=1383Kb max_used=1394Kb free=4376Kb
 bounds [0x0000021d39ab0000, 0x0000021d39d20000, 0x0000021d3a050000]
 total_blobs=3296 nmethods=2815 adapters=385
 compilation: enabled
              stopped_count=0, restarted_count=0
 full_count=0

Compilation events (20 events):
Event: 3.358 Thread 0x0000021d465b9190 2781       3       java.lang.invoke.MethodHandle::bindArgumentL (10 bytes)
Event: 3.359 Thread 0x0000021d465b9190 nmethod 2781 0x0000021d32ae2310 code [0x0000021d32ae2520, 0x0000021d32ae2ba8]
Event: 3.366 Thread 0x0000021d465b9190 2785       3       java.util.LinkedHashMap$LinkedEntryIterator::next (5 bytes)
Event: 3.366 Thread 0x0000021d465b9190 nmethod 2785 0x0000021d32ae2e10 code [0x0000021d32ae2fc0, 0x0000021d32ae3158]
Event: 3.366 Thread 0x0000021d465b9190 2786       3       java.util.LinkedHashMap$LinkedEntryIterator::next (5 bytes)
Event: 3.366 Thread 0x0000021d465b9190 nmethod 2786 0x0000021d32ae3210 code [0x0000021d32ae33c0, 0x0000021d32ae34f8]
Event: 3.373 Thread 0x0000021d465b9190 2787       3       java.util.Optional::ofNullable (19 bytes)
Event: 3.373 Thread 0x0000021d465b9190 nmethod 2787 0x0000021d32ae3590 code [0x0000021d32ae3740, 0x0000021d32ae39f8]
Event: 3.373 Thread 0x0000021d465b9190 2788       3       jdk.internal.org.objectweb.asm.MethodWriter::hasFrames (13 bytes)
Event: 3.374 Thread 0x0000021d465b9190 nmethod 2788 0x0000021d32ae3b10 code [0x0000021d32ae3ca0, 0x0000021d32ae3e08]
Event: 3.374 Thread 0x0000021d465b9190 2790       3       jdk.internal.org.objectweb.asm.Handler::putExceptionTable (63 bytes)
Event: 3.374 Thread 0x0000021d465b9190 nmethod 2790 0x0000021d32ae3e90 code [0x0000021d32ae40a0, 0x0000021d32ae4530]
Event: 3.374 Thread 0x0000021d465b9190 2789       3       jdk.internal.org.objectweb.asm.MethodWriter::putMethodInfo (1274 bytes)
Event: 3.376 Thread 0x0000021d465b9190 nmethod 2789 0x0000021d32ae4810 code [0x0000021d32ae4f00, 0x0000021d32ae7628]
Event: 3.376 Thread 0x0000021d465b9190 2791       3       java.util.regex.Pattern::isSupplementary (21 bytes)
Event: 3.376 Thread 0x0000021d465b9190 nmethod 2791 0x0000021d32ae8910 code [0x0000021d32ae8ac0, 0x0000021d32ae8d30]
Event: 3.377 Thread 0x0000021d465b9190 2792       3       com.google.inject.internal.BindingImpl::getProvider (44 bytes)
Event: 3.377 Thread 0x0000021d465b9190 nmethod 2792 0x0000021d32ae8e10 code [0x0000021d32ae8fe0, 0x0000021d32ae92f8]
Event: 3.378 Thread 0x0000021d465b9190 2793       1       com.google.inject.internal.InternalContext::getDependency (5 bytes)
Event: 3.378 Thread 0x0000021d465b9190 nmethod 2793 0x0000021d3a137410 code [0x0000021d3a1375a0, 0x0000021d3a137668]

GC Heap History (4 events):
Event: 1.659 GC heap before
{Heap before GC invocations=0 (full 0):
 garbage-first heap   total 94208K, used 22528K [0x00000000a4200000, 0x0000000100000000)
  region size 1024K, 23 young (23552K), 0 survivors (0K)
 Metaspace       used 5816K, committed 5952K, reserved 1114112K
  class space    used 661K, committed 768K, reserved 1048576K
}
Event: 1.669 GC heap after
{Heap after GC invocations=1 (full 0):
 garbage-first heap   total 94208K, used 3840K [0x00000000a4200000, 0x0000000100000000)
  region size 1024K, 3 young (3072K), 3 survivors (3072K)
 Metaspace       used 5816K, committed 5952K, reserved 1114112K
  class space    used 661K, committed 768K, reserved 1048576K
}
Event: 2.662 GC heap before
{Heap before GC invocations=1 (full 0):
 garbage-first heap   total 94208K, used 35584K [0x00000000a4200000, 0x0000000100000000)
  region size 1024K, 34 young (34816K), 3 survivors (3072K)
 Metaspace       used 10443K, committed 10624K, reserved 1114112K
  class space    used 1223K, committed 1280K, reserved 1048576K
}
Event: 2.672 GC heap after
{Heap after GC invocations=2 (full 0):
 garbage-first heap   total 94208K, used 5937K [0x00000000a4200000, 0x0000000100000000)
  region size 1024K, 2 young (2048K), 2 survivors (2048K)
 Metaspace       used 10443K, committed 10624K, reserved 1114112K
  class space    used 1223K, committed 1280K, reserved 1048576K
}

Dll operation events (8 events):
Event: 0.046 Loaded shared library C:\Program Files\Java\jdk-21\bin\java.dll
Event: 0.179 Loaded shared library C:\Program Files\Java\jdk-21\bin\jsvml.dll
Event: 0.202 Loaded shared library C:\Program Files\Java\jdk-21\bin\net.dll
Event: 0.208 Loaded shared library C:\Program Files\Java\jdk-21\bin\nio.dll
Event: 0.215 Loaded shared library C:\Program Files\Java\jdk-21\bin\zip.dll
Event: 0.509 Loaded shared library C:\Program Files\Java\jdk-21\bin\jimage.dll
Event: 0.850 Loaded shared library C:\Program Files\NetBeans-21\netbeans\java\maven\lib\jansi-native\Windows\x86_64\jansi.dll
Event: 0.871 Loaded shared library C:\Program Files\Java\jdk-21\bin\verify.dll

Deoptimization events (20 events):
Event: 3.266 Thread 0x0000021d284f3f40 DEOPT PACKING pc=0x0000021d3a12ae5c sp=0x0000008d84afac00
Event: 3.266 Thread 0x0000021d284f3f40 DEOPT UNPACKING pc=0x0000021d39b046a2 sp=0x0000008d84afab18 mode 2
Event: 3.281 Thread 0x0000021d284f3f40 Uncommon trap: trap_request=0xffffff45 fr.pc=0x0000021d3a130bb4 relative=0x00000000000001d4
Event: 3.281 Thread 0x0000021d284f3f40 Uncommon trap: reason=unstable_if action=reinterpret pc=0x0000021d3a130bb4 method=org.eclipse.sisu.inject.InjectorBindings.isAssignableFrom(Lcom/google/inject/TypeLiteral;Lcom/google/inject/Binding;)Z @ 15 c2
Event: 3.281 Thread 0x0000021d284f3f40 DEOPT PACKING pc=0x0000021d3a130bb4 sp=0x0000008d84afd950
Event: 3.281 Thread 0x0000021d284f3f40 DEOPT UNPACKING pc=0x0000021d39b046a2 sp=0x0000008d84afd8f0 mode 2
Event: 3.298 Thread 0x0000021d284f3f40 Uncommon trap: trap_request=0xffffff45 fr.pc=0x0000021d3a0a8478 relative=0x0000000000001db8
Event: 3.298 Thread 0x0000021d284f3f40 Uncommon trap: reason=unstable_if action=reinterpret pc=0x0000021d3a0a8478 method=sun.nio.cs.StreamDecoder.implRead([CII)I @ 36 c2
Event: 3.298 Thread 0x0000021d284f3f40 DEOPT PACKING pc=0x0000021d3a0a8478 sp=0x0000008d84afe450
Event: 3.298 Thread 0x0000021d284f3f40 DEOPT UNPACKING pc=0x0000021d39b046a2 sp=0x0000008d84afe328 mode 2
Event: 3.298 Thread 0x0000021d284f3f40 Uncommon trap: trap_request=0xffffff45 fr.pc=0x0000021d3a0ad118 relative=0x0000000000000918
Event: 3.298 Thread 0x0000021d284f3f40 Uncommon trap: reason=unstable_if action=reinterpret pc=0x0000021d3a0ad118 method=sun.nio.cs.StreamDecoder.implRead([CII)I @ 36 c2
Event: 3.298 Thread 0x0000021d284f3f40 DEOPT PACKING pc=0x0000021d3a0ad118 sp=0x0000008d84afe4b0
Event: 3.298 Thread 0x0000021d284f3f40 DEOPT UNPACKING pc=0x0000021d39b046a2 sp=0x0000008d84afe470 mode 2
Event: 3.298 Thread 0x0000021d284f3f40 Uncommon trap: trap_request=0x000000e1 fr.pc=0x0000021d3a0ac380 relative=0x00000000000000e0
Event: 3.298 Thread 0x0000021d284f3f40 Uncommon trap: reason=unloaded action=reinterpret pc=0x0000021d3a0ac380 method=org.codehaus.plexus.util.xml.pull.MXParser.more()C @ 22 c2
Event: 3.298 Thread 0x0000021d284f3f40 DEOPT PACKING pc=0x0000021d3a0ac380 sp=0x0000008d84afe760
Event: 3.298 Thread 0x0000021d284f3f40 DEOPT UNPACKING pc=0x0000021d39b046a2 sp=0x0000008d84afe700 mode 2
Event: 3.370 Thread 0x0000021d284f3f40 DEOPT PACKING pc=0x0000021d327f910c sp=0x0000008d84afe520
Event: 3.370 Thread 0x0000021d284f3f40 DEOPT UNPACKING pc=0x0000021d39b04e42 sp=0x0000008d84afd9e8 mode 0

Classes loaded (20 events):
Event: 3.308 Loading class java/lang/ProcessEnvironment$CheckedKeySet
Event: 3.308 Loading class java/lang/ProcessEnvironment$CheckedKeySet done
Event: 3.368 Loading class java/net/URL$ThreadTrackHolder
Event: 3.368 Loading class java/net/URL$ThreadTrackHolder done
Event: 3.368 Loading class jdk/internal/misc/ThreadTracker
Event: 3.369 Loading class jdk/internal/misc/ThreadTracker done
Event: 3.369 Loading class jdk/internal/misc/ThreadTracker$ThreadRef
Event: 3.369 Loading class jdk/internal/misc/ThreadTracker$ThreadRef done
Event: 3.369 Loading class java/net/URL$2
Event: 3.369 Loading class java/net/URL$2 done
Event: 3.369 Loading class java/net/URL$1
Event: 3.369 Loading class java/net/URL$1 done
Event: 3.369 Loading class java/net/spi/URLStreamHandlerProvider
Event: 3.369 Loading class java/net/spi/URLStreamHandlerProvider done
Event: 3.370 Loading class sun/net/www/protocol/https/Handler
Event: 3.371 Loading class sun/net/www/protocol/http/Handler
Event: 3.371 Loading class sun/net/www/protocol/http/Handler done
Event: 3.371 Loading class sun/net/www/protocol/https/Handler done
Event: 3.374 Loading class java/util/regex/Pattern$Pos
Event: 3.375 Loading class java/util/regex/Pattern$Pos done

Classes unloaded (0 events):
No events

Classes redefined (0 events):
No events

Internal exceptions (20 events):
Event: 1.433 Thread 0x0000021d284f3f40 Exception <a 'java/lang/NoSuchMethodError'{0x00000000a8e0d498}: 'int java.lang.invoke.DirectMethodHandle$Holder.invokeStatic(java.lang.Object, java.lang.Object, java.lang.Object, java.lang.Object)'> (0x00000000a8e0d498) 
thrown [s\open\src\hotspot\share\interpreter\linkResolver.cpp, line 773]
Event: 1.433 Thread 0x0000021d284f3f40 Exception <a 'java/lang/NoSuchMethodError'{0x00000000a8e10b28}: 'java.lang.Object java.lang.invoke.Invokers$Holder.invokeExact_MT(java.lang.Object, java.lang.Object, java.lang.Object, java.lang.Object, java.lang.Object, java.lang.Object)'> (0x00000000a8e10b28) 
thrown [s\open\src\hotspot\share\interpreter\linkResolver.cpp, line 773]
Event: 1.434 Thread 0x0000021d284f3f40 Exception <a 'java/lang/NoSuchMethodError'{0x00000000a8e1f1d8}: 'int java.lang.invoke.DirectMethodHandle$Holder.invokeSpecialIFC(java.lang.Object, java.lang.Object, java.lang.Object, java.lang.Object, java.lang.Object)'> (0x00000000a8e1f1d8) 
thrown [s\open\src\hotspot\share\interpreter\linkResolver.cpp, line 773]
Event: 1.512 Thread 0x0000021d284f3f40 Exception <a 'java/lang/NoSuchMethodError'{0x00000000a8d96288}: 'java.lang.Object java.lang.invoke.DirectMethodHandle$Holder.newInvokeSpecial(java.lang.Object, java.lang.Object, java.lang.Object, java.lang.Object, java.lang.Object)'> (0x00000000a8d96288) 
thrown [s\open\src\hotspot\share\interpreter\linkResolver.cpp, line 773]
Event: 1.555 Thread 0x0000021d284f3f40 Exception <a 'java/lang/NoSuchMethodError'{0x00000000a8c8c418}: 'int java.lang.invoke.DirectMethodHandle$Holder.invokeStaticInit(java.lang.Object, java.lang.Object)'> (0x00000000a8c8c418) 
thrown [s\open\src\hotspot\share\interpreter\linkResolver.cpp, line 773]
Event: 1.566 Thread 0x0000021d284f3f40 Exception <a 'java/lang/NoClassDefFoundError'{0x00000000a8cc0480}: javax/enterprise/inject/Typed> (0x00000000a8cc0480) 
thrown [s\open\src\hotspot\share\classfile\systemDictionary.cpp, line 301]
Event: 2.730 Thread 0x0000021d284f3f40 Exception <a 'java/lang/NoSuchMethodError'{0x00000000a9c92c98}: 'void java.lang.invoke.DirectMethodHandle$Holder.invokeStaticInit(java.lang.Object, java.lang.Object, java.lang.Object)'> (0x00000000a9c92c98) 
thrown [s\open\src\hotspot\share\interpreter\linkResolver.cpp, line 773]
Event: 2.736 Thread 0x0000021d284f3f40 Exception <a 'java/lang/ExceptionInInitializerError'{0x00000000a9cbac28}> (0x00000000a9cbac28) 
thrown [s\open\src\hotspot\share\oops\instanceKlass.cpp, line 1192]
Event: 2.775 Thread 0x0000021d284f3f40 Exception <a 'java/lang/NoSuchMethodError'{0x00000000a9bc3990}: 'long java.lang.invoke.DirectMethodHandle$Holder.invokeStatic(java.lang.Object, java.lang.Object, int)'> (0x00000000a9bc3990) 
thrown [s\open\src\hotspot\share\interpreter\linkResolver.cpp, line 773]
Event: 2.777 Thread 0x0000021d284f3f40 Exception <a 'java/lang/NoSuchMethodError'{0x00000000a9bd6a68}: 'java.lang.Object java.lang.invoke.DirectMethodHandle$Holder.invokeStatic(java.lang.Object, java.lang.Object, java.lang.Object, java.lang.Object, int)'> (0x00000000a9bd6a68) 
thrown [s\open\src\hotspot\share\interpreter\linkResolver.cpp, line 773]
Event: 2.778 Thread 0x0000021d284f3f40 Exception <a 'java/lang/NoSuchMethodError'{0x00000000a9bde9a0}: 'java.lang.Object java.lang.invoke.DirectMethodHandle$Holder.invokeSpecial(java.lang.Object, java.lang.Object, java.lang.Object, java.lang.Object, long)'> (0x00000000a9bde9a0) 
thrown [s\open\src\hotspot\share\interpreter\linkResolver.cpp, line 773]
Event: 2.780 Thread 0x0000021d284f3f40 Exception <a 'java/lang/NoSuchMethodError'{0x00000000a9bea4c0}: 'java.lang.Object java.lang.invoke.DirectMethodHandle$Holder.invokeSpecial(java.lang.Object, java.lang.Object, java.lang.Object, int, java.lang.Object)'> (0x00000000a9bea4c0) 
thrown [s\open\src\hotspot\share\interpreter\linkResolver.cpp, line 773]
Event: 2.781 Thread 0x0000021d284f3f40 Exception <a 'java/lang/NoSuchMethodError'{0x00000000a9bf2600}: 'int java.lang.invoke.DirectMethodHandle$Holder.invokeSpecial(java.lang.Object, java.lang.Object, java.lang.Object, int)'> (0x00000000a9bf2600) 
thrown [s\open\src\hotspot\share\interpreter\linkResolver.cpp, line 773]
Event: 2.786 Thread 0x0000021d284f3f40 Implicit null exception at 0x0000021d3a0d2cbd to 0x0000021d3a0d2ec4
Event: 2.788 Thread 0x0000021d284f3f40 Exception <a 'java/lang/NoSuchMethodError'{0x00000000a9a16c78}: 'java.lang.Object java.lang.invoke.Invokers$Holder.invokeExact_MT(java.lang.Object, int, java.lang.Object)'> (0x00000000a9a16c78) 
thrown [s\open\src\hotspot\share\interpreter\linkResolver.cpp, line 773]
Event: 2.802 Thread 0x0000021d284f3f40 Exception <a 'java/lang/NoSuchMethodError'{0x00000000a9a876e0}: 'void java.lang.invoke.DirectMethodHandle$Holder.invokeStatic(java.lang.Object, java.lang.Object)'> (0x00000000a9a876e0) 
thrown [s\open\src\hotspot\share\interpreter\linkResolver.cpp, line 773]
Event: 3.085 Thread 0x0000021d284f3f40 Exception <a 'java/lang/NoSuchMethodError'{0x00000000a920c068}: 'void java.lang.invoke.Invokers$Holder.invokeExact_MT(java.lang.Object, java.lang.Object, java.lang.Object, java.lang.Object)'> (0x00000000a920c068) 
thrown [s\open\src\hotspot\share\interpreter\linkResolver.cpp, line 773]
Event: 3.107 Thread 0x0000021d284f3f40 Exception <a 'java/lang/NoClassDefFoundError'{0x00000000a92957d8}: com/google/inject/servlet/ServletModuleTargetVisitor> (0x00000000a92957d8) 
thrown [s\open\src\hotspot\share\classfile\systemDictionary.cpp, line 301]
Event: 3.193 Thread 0x0000021d284f3f40 Exception <a 'java/lang/NoSuchMethodError'{0x00000000a8f4d648}: 'void java.lang.invoke.DirectMethodHandle$Holder.invokeVirtual(java.lang.Object, java.lang.Object)'> (0x00000000a8f4d648) 
thrown [s\open\src\hotspot\share\interpreter\linkResolver.cpp, line 773]
Event: 3.238 Thread 0x0000021d284f3f40 Exception <a 'java/lang/NoSuchMethodError'{0x00000000a8fdb130}: 'java.lang.Object java.lang.invoke.DirectMethodHandle$Holder.invokeStaticInit(java.lang.Object, int, int, int, int)'> (0x00000000a8fdb130) 
thrown [s\open\src\hotspot\share\interpreter\linkResolver.cpp, line 773]

ZGC Phase Switch (0 events):
No events

VM Operations (20 events):
Event: 2.839 Executing VM operation: HandshakeAllThreads (Deoptimize)
Event: 2.839 Executing VM operation: HandshakeAllThreads (Deoptimize) done
Event: 2.842 Executing VM operation: HandshakeAllThreads (Deoptimize)
Event: 2.842 Executing VM operation: HandshakeAllThreads (Deoptimize) done
Event: 2.908 Executing VM operation: HandshakeAllThreads (Deoptimize)
Event: 2.908 Executing VM operation: HandshakeAllThreads (Deoptimize) done
Event: 3.079 Executing VM operation: HandshakeAllThreads (Deoptimize)
Event: 3.079 Executing VM operation: HandshakeAllThreads (Deoptimize) done
Event: 3.094 Executing VM operation: ICBufferFull
Event: 3.094 Executing VM operation: ICBufferFull done
Event: 3.208 Executing VM operation: HandshakeAllThreads (Deoptimize)
Event: 3.208 Executing VM operation: HandshakeAllThreads (Deoptimize) done
Event: 3.259 Executing VM operation: HandshakeAllThreads (Deoptimize)
Event: 3.259 Executing VM operation: HandshakeAllThreads (Deoptimize) done
Event: 3.299 Executing VM operation: HandshakeAllThreads (Deoptimize)
Event: 3.299 Executing VM operation: HandshakeAllThreads (Deoptimize) done
Event: 3.370 Executing VM operation: HandshakeAllThreads (Deoptimize)
Event: 3.370 Executing VM operation: HandshakeAllThreads (Deoptimize) done
Event: 3.372 Executing VM operation: HandshakeAllThreads (Deoptimize)
Event: 3.372 Executing VM operation: HandshakeAllThreads (Deoptimize) done

Events (11 events):
Event: 0.101 Thread 0x0000021d284f3f40 Thread added: 0x0000021d284f3f40
Event: 0.156 Thread 0x0000021d465a41e0 Thread added: 0x0000021d465a41e0
Event: 0.156 Thread 0x0000021d465a4e30 Thread added: 0x0000021d465a4e30
Event: 0.156 Thread 0x0000021d465a9be0 Thread added: 0x0000021d465a9be0
Event: 0.156 Thread 0x0000021d465aeaa0 Thread added: 0x0000021d465aeaa0
Event: 0.156 Thread 0x0000021d465b0060 Thread added: 0x0000021d465b0060
Event: 0.156 Thread 0x0000021d465b2450 Thread added: 0x0000021d465b2450
Event: 0.156 Thread 0x0000021d465b6500 Thread added: 0x0000021d465b6500
Event: 0.157 Thread 0x0000021d465b9190 Thread added: 0x0000021d465b9190
Event: 0.189 Thread 0x0000021d46872cd0 Thread added: 0x0000021d46872cd0
Event: 0.195 Thread 0x0000021d46879930 Thread added: 0x0000021d46879930


Dynamic libraries:
0x00007ff695210000 - 0x00007ff695220000 	C:\Program Files\Java\jdk-21\bin\java.exe
0x00007ff811340000 - 0x00007ff8115a8000 	C:\WINDOWS\SYSTEM32\ntdll.dll
0x00007ff8102c0000 - 0x00007ff810389000 	C:\WINDOWS\System32\KERNEL32.DLL
0x00007ff80e550000 - 0x00007ff80e93d000 	C:\WINDOWS\System32\KERNELBASE.dll
0x00007ff80ed00000 - 0x00007ff80ee4b000 	C:\WINDOWS\System32\ucrtbase.dll
0x00007fffffa60000 - 0x00007fffffa79000 	C:\Program Files\Java\jdk-21\bin\jli.dll
0x00007fffff8e0000 - 0x00007fffff8fb000 	C:\Program Files\Java\jdk-21\bin\VCRUNTIME140.dll
0x00007ff810160000 - 0x00007ff810214000 	C:\WINDOWS\System32\ADVAPI32.dll
0x00007ff80fe20000 - 0x00007ff80fec9000 	C:\WINDOWS\System32\msvcrt.dll
0x00007ff80fed0000 - 0x00007ff80ff76000 	C:\WINDOWS\System32\sechost.dll
0x00007ff8111a0000 - 0x00007ff8112b8000 	C:\WINDOWS\System32\RPCRT4.dll
0x00007ff8108e0000 - 0x00007ff810aac000 	C:\WINDOWS\System32\USER32.dll
0x00007ff80e940000 - 0x00007ff80e967000 	C:\WINDOWS\System32\win32u.dll
0x00007ff8112c0000 - 0x00007ff8112eb000 	C:\WINDOWS\System32\GDI32.dll
0x00007ff80ef00000 - 0x00007ff80f037000 	C:\WINDOWS\System32\gdi32full.dll
0x00007ff80ee50000 - 0x00007ff80eef3000 	C:\WINDOWS\System32\msvcp_win.dll
0x00007ffff6ff0000 - 0x00007ffff728a000 	C:\WINDOWS\WinSxS\amd64_microsoft.windows.common-controls_6595b64144ccf1df_6.0.26100.4484_none_3e0e6d4ce32ef3b3\COMCTL32.dll
0x00007ff806bd0000 - 0x00007ff806bdb000 	C:\WINDOWS\SYSTEM32\VERSION.dll
0x00007ff80ff80000 - 0x00007ff80ffaf000 	C:\WINDOWS\System32\IMM32.DLL
0x00007ff80b100000 - 0x00007ff80b10c000 	C:\Program Files\Java\jdk-21\bin\vcruntime140_1.dll
0x00007fffd1f90000 - 0x00007fffd201e000 	C:\Program Files\Java\jdk-21\bin\msvcp140.dll
0x00007fff8d1e0000 - 0x00007fff8def8000 	C:\Program Files\Java\jdk-21\bin\server\jvm.dll
0x00007ff810f20000 - 0x00007ff810f94000 	C:\WINDOWS\System32\WS2_32.dll
0x00007ff802220000 - 0x00007ff802255000 	C:\WINDOWS\SYSTEM32\WINMM.dll
0x00007ff80e2e0000 - 0x00007ff80e33e000 	C:\WINDOWS\SYSTEM32\POWRPROF.dll
0x00007ff80e2c0000 - 0x00007ff80e2d4000 	C:\WINDOWS\SYSTEM32\UMPDC.dll
0x00007ff80d230000 - 0x00007ff80d24b000 	C:\WINDOWS\SYSTEM32\kernel.appcore.dll
0x00007ff8017a0000 - 0x00007ff8017aa000 	C:\Program Files\Java\jdk-21\bin\jimage.dll
0x00007ff807e70000 - 0x00007ff8080b1000 	C:\WINDOWS\SYSTEM32\DBGHELP.DLL
0x00007ff810b30000 - 0x00007ff810eb6000 	C:\WINDOWS\System32\combase.dll
0x00007ff810570000 - 0x00007ff810650000 	C:\WINDOWS\System32\OLEAUT32.dll
0x00007ffff5290000 - 0x00007ffff52d3000 	C:\WINDOWS\SYSTEM32\dbgcore.DLL
0x00007ff80f040000 - 0x00007ff80f0d9000 	C:\WINDOWS\System32\bcryptPrimitives.dll
0x00007fffff680000 - 0x00007fffff69f000 	C:\Program Files\Java\jdk-21\bin\java.dll
0x00007ff80f6c0000 - 0x00007ff80fe0a000 	C:\WINDOWS\System32\SHELL32.dll
0x00007ff80e970000 - 0x00007ff80eae4000 	C:\WINDOWS\System32\wintypes.dll
0x00007ff80c0b0000 - 0x00007ff80c90b000 	C:\WINDOWS\SYSTEM32\windows.storage.dll
0x00007ff810fa0000 - 0x00007ff811095000 	C:\WINDOWS\System32\SHCORE.dll
0x00007ff810660000 - 0x00007ff8106ca000 	C:\WINDOWS\System32\shlwapi.dll
0x00007ff80e3a0000 - 0x00007ff80e3cf000 	C:\WINDOWS\SYSTEM32\profapi.dll
0x00007fffcd310000 - 0x00007fffcd3e7000 	C:\Program Files\Java\jdk-21\bin\jsvml.dll
0x00007fffffb40000 - 0x00007fffffb50000 	C:\Program Files\Java\jdk-21\bin\net.dll
0x00007ff8015f0000 - 0x00007ff80170e000 	C:\WINDOWS\SYSTEM32\WINHTTP.dll
0x00007ff80d7c0000 - 0x00007ff80d82a000 	C:\WINDOWS\system32\mswsock.dll
0x00007fffe7270000 - 0x00007fffe7286000 	C:\Program Files\Java\jdk-21\bin\nio.dll
0x00007fffd4870000 - 0x00007fffd4888000 	C:\Program Files\Java\jdk-21\bin\zip.dll
0x0000000069ac0000 - 0x0000000069ae4000 	C:\Program Files\NetBeans-21\netbeans\java\maven\lib\jansi-native\Windows\x86_64\jansi.dll
0x00007fffff820000 - 0x00007fffff830000 	C:\Program Files\Java\jdk-21\bin\verify.dll

dbghelp: loaded successfully - version: 4.0.5 - missing functions: none
symbol engine: initialized successfully - sym options: 0x614 - pdb path: .;C:\Program Files\Java\jdk-21\bin;C:\WINDOWS\SYSTEM32;C:\WINDOWS\WinSxS\amd64_microsoft.windows.common-controls_6595b64144ccf1df_6.0.26100.4484_none_3e0e6d4ce32ef3b3;C:\Program Files\Java\jdk-21\bin\server;C:\Program Files\NetBeans-21\netbeans\java\maven\lib\jansi-native\Windows\x86_64

VM Arguments:
jvm_args: -Dclassworlds.conf=C:\Program Files\NetBeans-21\netbeans\java\maven\bin\m2.conf -Dmaven.home=C:\Program Files\NetBeans-21\netbeans\java\maven -Dlibrary.jansi.path=C:\Program Files\NetBeans-21\netbeans\java\maven\lib\jansi-native -Dmaven.multiModuleProjectDirectory=C:\Users\edy14\MavenStore 
java_command: org.codehaus.plexus.classworlds.launcher.Launcher -Dmaven.ext.class.path=C:\Program Files\NetBeans-21\netbeans\java\maven-nblib\netbeans-eventspy.jar --no-transfer-progress clean javafx:run
java_class_path (initial): C:\Program Files\NetBeans-21\netbeans\java\maven\boot\plexus-classworlds-2.7.0.jar
Launcher Type: SUN_STANDARD

[Global flags]
     intx CICompilerCount                          = 4                                         {product} {ergonomic}
     uint ConcGCThreads                            = 2                                         {product} {ergonomic}
     uint G1ConcRefinementThreads                  = 8                                         {product} {ergonomic}
   size_t G1HeapRegionSize                         = 1048576                                   {product} {ergonomic}
    uintx GCDrainStackTargetSize                   = 64                                        {product} {ergonomic}
   size_t InitialHeapSize                          = 96468992                                  {product} {ergonomic}
   size_t MarkStackSize                            = 4194304                                   {product} {ergonomic}
   size_t MaxHeapSize                              = 1541406720                                {product} {ergonomic}
   size_t MaxNewSize                               = 924844032                                 {product} {ergonomic}
   size_t MinHeapDeltaBytes                        = 1048576                                   {product} {ergonomic}
   size_t MinHeapSize                              = 8388608                                   {product} {ergonomic}
    uintx NonNMethodCodeHeapSize                   = 5839372                                {pd product} {ergonomic}
    uintx NonProfiledCodeHeapSize                  = 122909434                              {pd product} {ergonomic}
    uintx ProfiledCodeHeapSize                     = 122909434                              {pd product} {ergonomic}
    uintx ReservedCodeCacheSize                    = 251658240                              {pd product} {ergonomic}
     bool SegmentedCodeCache                       = true                                      {product} {ergonomic}
   size_t SoftMaxHeapSize                          = 1541406720                             {manageable} {ergonomic}
     bool UseCompressedOops                        = true                           {product lp64_product} {ergonomic}
     bool UseG1GC                                  = true                                      {product} {ergonomic}
     bool UseLargePagesIndividualAllocation        = false                                  {pd product} {ergonomic}

Logging:
Log output configuration:
 #0: stdout all=warning uptime,level,tags foldmultilines=false
 #1: stderr all=off uptime,level,tags foldmultilines=false

Environment Variables:
JAVA_HOME=C:\Program Files\Java\jdk-21
PATH=C:\Program Files\Common Files\Oracle\Java\javapath;C:\Program Files (x86)\Common Files\Oracle\Java\javapath;C:\WINDOWS\system32;C:\WINDOWS;C:\WINDOWS\System32\Wbem;C:\WINDOWS\System32\WindowsPowerShell\v1.0\;C:\WINDOWS\System32\OpenSSH\;C:\Program Files\PuTTY\;C:\Program Files\GitHub CLI\;C:\Program Files\Git\cmd;C:\Program Files\MySQL\MySQL Shell 8.0\bin\;C:\Users\edy14\AppData\Local\Microsoft\WindowsApps;C:\Users\edy14\AppData\Local\Programs\Microsoft VS Code\bin;
USERNAME=edy14
OS=Windows_NT
PROCESSOR_IDENTIFIER=AMD64 Family 23 Model 160 Stepping 0, AuthenticAMD
TMP=C:\Users\edy14\AppData\Local\Temp
TEMP=C:\Users\edy14\AppData\Local\Temp




Periodic native trim disabled

---------------  S Y S T E M  ---------------

OS:
 Windows 11 , 64 bit Build 26100 (10.0.26100.4484)
OS uptime: 5 days 2:11 hours
Hyper-V role detected

CPU: total 8 (initial active 8) (8 cores per cpu, 2 threads per core) family 23 model 160 stepping 0 microcode 0x8a00006, cx8, cmov, fxsr, ht, mmx, 3dnowpref, sse, sse2, sse3, ssse3, sse4a, sse4.1, sse4.2, popcnt, lzcnt, tsc, tscinvbit, avx, avx2, aes, clmul, bmi1, bmi2, adx, sha, fma, vzeroupper, clflush, clflushopt, hv, rdtscp, rdpid, f16c
Processor Information for all 8 processors :
  Max Mhz: 2801, Current Mhz: 2801, Mhz Limit: 2801

Memory: 4k page, system-wide physical 5877M (312M free)
TotalPageFile size 24309M (AvailPageFile size 22M)
current process WorkingSet (physical memory assigned to process): 115M, peak: 115M
current process commit charge ("private bytes"): 208M, peak: 208M

vm_info: Java HotSpot(TM) 64-Bit Server VM (21.0.5+9-LTS-239) for windows-amd64 JRE (21.0.5+9-LTS-239), built on 2024-09-30T05:17:38Z by "mach5one" with MS VC++ 17.6 (VS2022)

END.
