#
# There is insufficient memory for the Java Runtime Environment to continue.
# Native memory allocation (malloc) failed to allocate 1144192 bytes for Chunk::new
# Possible reasons:
#   The system is out of physical RAM or swap space
#   The process is running with CompressedOops enabled, and the Java Heap may be blocking the growth of the native heap
# Possible solutions:
#   Reduce memory load on the system
#   Increase physical memory or swap space
#   Check if swap backing store is full
#   Decrease Java heap size (-Xmx/-Xms)
#   Decrease number of Java threads
#   Decrease Java thread stack sizes (-Xss)
#   Set larger code cache with -XX:ReservedCodeCacheSize=
#   JVM is running with Unscaled Compressed Oops mode in which the Java heap is
#     placed in the first 4GB address space. The Java Heap base address is the
#     maximum limit for the native heap growth. Please use -XX:HeapBaseMinAddress
#     to set the Java Heap base and to place the Java Heap above 4GB virtual address.
# This output file may be truncated or incomplete.
#
#  Out of Memory Error (arena.cpp:168), pid=157004, tid=155628
#
# JRE version: Java(TM) SE Runtime Environment (21.0.5+9) (build 21.0.5+9-LTS-239)
# Java VM: Java HotSpot(TM) 64-Bit Server VM (21.0.5+9-LTS-239, mixed mode, sharing, tiered, compressed oops, compressed class ptrs, g1 gc, windows-amd64)
# No core dump will be written. Minidumps are not enabled by default on client versions of Windows
#

---------------  S U M M A R Y ------------

Command Line: --module-path=C:\Users\edy14\.m2\repository\org\openjfx\javafx-base\23.0.2\javafx-base-23.0.2-win.jar;C:\Users\edy14\.m2\repository\org\openjfx\javafx-base\23.0.2\javafx-base-23.0.2.jar;C:\Users\edy14\.m2\repository\org\openjfx\javafx-controls\23.0.2\javafx-controls-23.0.2-win.jar;C:\Users\edy14\.m2\repository\org\openjfx\javafx-controls\23.0.2\javafx-controls-23.0.2.jar;C:\Users\edy14\.m2\repository\org\openjfx\javafx-fxml\23.0.2\javafx-fxml-23.0.2-win.jar;C:\Users\edy14\.m2\repository\org\openjfx\javafx-fxml\23.0.2\javafx-fxml-23.0.2.jar;C:\Users\edy14\.m2\repository\org\openjfx\javafx-graphics\23.0.2\javafx-graphics-23.0.2-win.jar;C:\Users\edy14\.m2\repository\org\openjfx\javafx-graphics\23.0.2\javafx-graphics-23.0.2.jar --add-modules=javafx.base,javafx.controls,javafx.fxml,javafx.graphics org.kevinramirez.system.Main

Host: AMD Ryzen 5 7520U with Radeon Graphics         , 8 cores, 5G,  Windows 11 , 64 bit Build 26100 (10.0.26100.4484)
Time: Fri Jul 18 03:22:37 2025 Hora estándar, América Central elapsed time: 4.168770 seconds (0d 0h 0m 4s)

---------------  T H R E A D  ---------------

Current thread (0x000001a360474410):  JavaThread "C2 CompilerThread0" daemon [_thread_in_native, id=155628, stack(0x000000595dd00000,0x000000595de00000) (1024K)]


Current CompileTask:
C2:   4168 2648       4       sun.security.ec.ECOperations::setDouble (463 bytes)

Stack: [0x000000595dd00000,0x000000595de00000]
Native frames: (J=compiled Java code, j=interpreted, Vv=VM code, C=native code)
V  [jvm.dll+0x6ca289]
V  [jvm.dll+0x854a51]
V  [jvm.dll+0x856f7e]
V  [jvm.dll+0x857653]
V  [jvm.dll+0x27dd26]
V  [jvm.dll+0xc4c2d]
V  [jvm.dll+0xc5163]
V  [jvm.dll+0x3b4d3c]
V  [jvm.dll+0x1df809]
V  [jvm.dll+0x246a62]
V  [jvm.dll+0x245eef]
V  [jvm.dll+0x1c6d0e]
V  [jvm.dll+0x2554d9]
V  [jvm.dll+0x253a6a]
V  [jvm.dll+0x3ee136]
V  [jvm.dll+0x7fee9b]
V  [jvm.dll+0x6c896d]
C  [ucrtbase.dll+0x37b0]
C  [KERNEL32.DLL+0x2e8d7]
C  [ntdll.dll+0x3c34c]


---------------  P R O C E S S  ---------------

Threads class SMR info:
_java_thread_list=0x000001a372f7de00, length=17, elements={
0x000001a3423ca960, 0x000001a36045c380, 0x000001a36045dcf0, 0x000001a360462c10,
0x000001a360464f60, 0x000001a360466520, 0x000001a36046bfa0, 0x000001a360474410,
0x000001a360499070, 0x000001a3606d5f80, 0x000001a3608023e0, 0x000001a3652bf110,
0x000001a3652bea80, 0x000001a3652bf7a0, 0x000001a3652bfe30, 0x000001a3652c0b50,
0x000001a3652c11e0
}

Java Threads: ( => current thread )
  0x000001a3423ca960 JavaThread "main"                              [_thread_blocked, id=158396, stack(0x000000595cf00000,0x000000595d000000) (1024K)]
  0x000001a36045c380 JavaThread "Reference Handler"          daemon [_thread_blocked, id=157772, stack(0x000000595d700000,0x000000595d800000) (1024K)]
  0x000001a36045dcf0 JavaThread "Finalizer"                  daemon [_thread_blocked, id=157844, stack(0x000000595d800000,0x000000595d900000) (1024K)]
  0x000001a360462c10 JavaThread "Signal Dispatcher"          daemon [_thread_blocked, id=158592, stack(0x000000595d900000,0x000000595da00000) (1024K)]
  0x000001a360464f60 JavaThread "Attach Listener"            daemon [_thread_blocked, id=147976, stack(0x000000595da00000,0x000000595db00000) (1024K)]
  0x000001a360466520 JavaThread "Service Thread"             daemon [_thread_blocked, id=154828, stack(0x000000595db00000,0x000000595dc00000) (1024K)]
  0x000001a36046bfa0 JavaThread "Monitor Deflation Thread"   daemon [_thread_blocked, id=151892, stack(0x000000595dc00000,0x000000595dd00000) (1024K)]
=>0x000001a360474410 JavaThread "C2 CompilerThread0"         daemon [_thread_in_native, id=155628, stack(0x000000595dd00000,0x000000595de00000) (1024K)]
  0x000001a360499070 JavaThread "C1 CompilerThread0"         daemon [_thread_blocked, id=156640, stack(0x000000595de00000,0x000000595df00000) (1024K)]
  0x000001a3606d5f80 JavaThread "Common-Cleaner"             daemon [_thread_blocked, id=155228, stack(0x000000595df00000,0x000000595e000000) (1024K)]
  0x000001a3608023e0 JavaThread "Notification Thread"        daemon [_thread_blocked, id=158520, stack(0x000000595e000000,0x000000595e100000) (1024K)]
  0x000001a3652bf110 JavaThread "QuantumRenderer-0"          daemon [_thread_blocked, id=157776, stack(0x000000595e100000,0x000000595e200000) (1024K)]
  0x000001a3652bea80 JavaThread "InvokeLaterDispatcher"      daemon [_thread_blocked, id=81512, stack(0x000000595e200000,0x000000595e300000) (1024K)]
  0x000001a3652bf7a0 JavaThread "JavaFX Application Thread"         [_thread_in_native, id=157912, stack(0x000000595e300000,0x000000595e400000) (1024K)]
  0x000001a3652bfe30 JavaThread "JavaFX-Launcher"                   [_thread_blocked, id=155212, stack(0x000000595ed00000,0x000000595ee00000) (1024K)]
  0x000001a3652c0b50 JavaThread "Thread-2"                   daemon [_thread_in_native, id=153452, stack(0x000000595ec00000,0x000000595ed00000) (1024K)]
  0x000001a3652c11e0 JavaThread "Abandoned connection cleanup thread" daemon [_thread_blocked, id=156072, stack(0x000000595f600000,0x000000595f700000) (1024K)]
Total: 17

Other Threads:
  0x000001a36043f830 VMThread "VM Thread"                           [id=155284, stack(0x000000595d600000,0x000000595d700000) (1024K)]
  0x000001a3604302f0 WatcherThread "VM Periodic Task Thread"        [id=153380, stack(0x000000595d500000,0x000000595d600000) (1024K)]
  0x000001a34460bd70 WorkerThread "GC Thread#0"                     [id=157748, stack(0x000000595d000000,0x000000595d100000) (1024K)]
  0x000001a3728b67a0 WorkerThread "GC Thread#1"                     [id=157476, stack(0x000000595ee00000,0x000000595ef00000) (1024K)]
  0x000001a3728b6b40 WorkerThread "GC Thread#2"                     [id=155460, stack(0x000000595ef00000,0x000000595f000000) (1024K)]
  0x000001a3728b79c0 WorkerThread "GC Thread#3"                     [id=154960, stack(0x000000595f000000,0x000000595f100000) (1024K)]
  0x000001a3728b7d60 WorkerThread "GC Thread#4"                     [id=156740, stack(0x000000595f100000,0x000000595f200000) (1024K)]
  0x000001a3728b7280 WorkerThread "GC Thread#5"                     [id=152376, stack(0x000000595f200000,0x000000595f300000) (1024K)]
  0x000001a3728b6ee0 WorkerThread "GC Thread#6"                     [id=157088, stack(0x000000595f400000,0x000000595f500000) (1024K)]
  0x000001a3728b7620 WorkerThread "GC Thread#7"                     [id=145628, stack(0x000000595f500000,0x000000595f600000) (1024K)]
  0x000001a344618510 ConcurrentGCThread "G1 Main Marker"            [id=158680, stack(0x000000595d100000,0x000000595d200000) (1024K)]
  0x000001a34461a6a0 WorkerThread "G1 Conc#0"                       [id=157824, stack(0x000000595d200000,0x000000595d300000) (1024K)]
  0x000001a3603030b0 ConcurrentGCThread "G1 Refine#0"               [id=153820, stack(0x000000595d300000,0x000000595d400000) (1024K)]
  0x000001a360304ad0 ConcurrentGCThread "G1 Service"                [id=156684, stack(0x000000595d400000,0x000000595d500000) (1024K)]
Total: 14

Threads with active compile tasks:
C2 CompilerThread0     4231 2648       4       sun.security.ec.ECOperations::setDouble (463 bytes)
Total: 1

VM state: not at safepoint (normal execution)

VM Mutex/Monitor currently owned by a thread: None

Heap address: 0x00000000a4200000, size: 1470 MB, Compressed Oops mode: 32-bit

CDS archive(s) mapped at: [0x000001a300000000-0x000001a300c90000-0x000001a300c90000), size 13172736, SharedBaseAddress: 0x000001a300000000, ArchiveRelocationMode: 1.
Compressed class space mapped at: 0x000001a301000000-0x000001a341000000, reserved size: 1073741824
Narrow klass base: 0x000001a300000000, Narrow klass shift: 0, Narrow klass range: 0x100000000

GC Precious Log:
 CardTable entry size: 512
 Card Set container configuration: InlinePtr #cards 5 size 8 Array Of Cards #cards 12 size 40 Howl #buckets 4 coarsen threshold 1843 Howl Bitmap #cards 512 size 80 coarsen threshold 460 Card regions per heap region 1 cards per card region 2048
 CPUs: 8 total, 8 available
 Memory: 5877M
 Large Page Support: Disabled
 NUMA Support: Disabled
 Compressed Oops: Enabled (32-bit)
 Heap Region Size: 1M
 Heap Min Capacity: 8M
 Heap Initial Capacity: 92M
 Heap Max Capacity: 1470M
 Pre-touch: Disabled
 Parallel Workers: 8
 Concurrent Workers: 2
 Concurrent Refinement Workers: 8
 Periodic GC: Disabled

Heap:
 garbage-first heap   total 94208K, used 29446K [0x00000000a4200000, 0x0000000100000000)
  region size 1024K, 29 young (29696K), 5 survivors (5120K)
 Metaspace       used 20477K, committed 20864K, reserved 1114112K
  class space    used 2532K, committed 2752K, reserved 1048576K

Heap Regions: E=young(eden), S=young(survivor), O=old, HS=humongous(starts), HC=humongous(continues), CS=collection set, F=free, TAMS=top-at-mark-start, PB=parsable bottom
|   0|0x00000000a4200000, 0x00000000a4300000, 0x00000000a4300000|100%| O|  |TAMS 0x00000000a4200000| PB 0x00000000a4200000| Untracked 
|   1|0x00000000a4300000, 0x00000000a43c1bf8, 0x00000000a4400000| 75%| O|  |TAMS 0x00000000a4300000| PB 0x00000000a4300000| Untracked 
|   2|0x00000000a4400000, 0x00000000a4400000, 0x00000000a4500000|  0%| F|  |TAMS 0x00000000a4400000| PB 0x00000000a4400000| Untracked 
|   3|0x00000000a4500000, 0x00000000a4500000, 0x00000000a4600000|  0%| F|  |TAMS 0x00000000a4500000| PB 0x00000000a4500000| Untracked 
|   4|0x00000000a4600000, 0x00000000a4600000, 0x00000000a4700000|  0%| F|  |TAMS 0x00000000a4600000| PB 0x00000000a4600000| Untracked 
|   5|0x00000000a4700000, 0x00000000a4700000, 0x00000000a4800000|  0%| F|  |TAMS 0x00000000a4700000| PB 0x00000000a4700000| Untracked 
|   6|0x00000000a4800000, 0x00000000a4800000, 0x00000000a4900000|  0%| F|  |TAMS 0x00000000a4800000| PB 0x00000000a4800000| Untracked 
|   7|0x00000000a4900000, 0x00000000a4900000, 0x00000000a4a00000|  0%| F|  |TAMS 0x00000000a4900000| PB 0x00000000a4900000| Untracked 
|   8|0x00000000a4a00000, 0x00000000a4a00000, 0x00000000a4b00000|  0%| F|  |TAMS 0x00000000a4a00000| PB 0x00000000a4a00000| Untracked 
|   9|0x00000000a4b00000, 0x00000000a4b00000, 0x00000000a4c00000|  0%| F|  |TAMS 0x00000000a4b00000| PB 0x00000000a4b00000| Untracked 
|  10|0x00000000a4c00000, 0x00000000a4c00000, 0x00000000a4d00000|  0%| F|  |TAMS 0x00000000a4c00000| PB 0x00000000a4c00000| Untracked 
|  11|0x00000000a4d00000, 0x00000000a4d00000, 0x00000000a4e00000|  0%| F|  |TAMS 0x00000000a4d00000| PB 0x00000000a4d00000| Untracked 
|  12|0x00000000a4e00000, 0x00000000a4e00000, 0x00000000a4f00000|  0%| F|  |TAMS 0x00000000a4e00000| PB 0x00000000a4e00000| Untracked 
|  13|0x00000000a4f00000, 0x00000000a4f00000, 0x00000000a5000000|  0%| F|  |TAMS 0x00000000a4f00000| PB 0x00000000a4f00000| Untracked 
|  14|0x00000000a5000000, 0x00000000a5000000, 0x00000000a5100000|  0%| F|  |TAMS 0x00000000a5000000| PB 0x00000000a5000000| Untracked 
|  15|0x00000000a5100000, 0x00000000a5100000, 0x00000000a5200000|  0%| F|  |TAMS 0x00000000a5100000| PB 0x00000000a5100000| Untracked 
|  16|0x00000000a5200000, 0x00000000a5200000, 0x00000000a5300000|  0%| F|  |TAMS 0x00000000a5200000| PB 0x00000000a5200000| Untracked 
|  17|0x00000000a5300000, 0x00000000a5300000, 0x00000000a5400000|  0%| F|  |TAMS 0x00000000a5300000| PB 0x00000000a5300000| Untracked 
|  18|0x00000000a5400000, 0x00000000a5400000, 0x00000000a5500000|  0%| F|  |TAMS 0x00000000a5400000| PB 0x00000000a5400000| Untracked 
|  19|0x00000000a5500000, 0x00000000a5500000, 0x00000000a5600000|  0%| F|  |TAMS 0x00000000a5500000| PB 0x00000000a5500000| Untracked 
|  20|0x00000000a5600000, 0x00000000a5600000, 0x00000000a5700000|  0%| F|  |TAMS 0x00000000a5600000| PB 0x00000000a5600000| Untracked 
|  21|0x00000000a5700000, 0x00000000a5700000, 0x00000000a5800000|  0%| F|  |TAMS 0x00000000a5700000| PB 0x00000000a5700000| Untracked 
|  22|0x00000000a5800000, 0x00000000a5800000, 0x00000000a5900000|  0%| F|  |TAMS 0x00000000a5800000| PB 0x00000000a5800000| Untracked 
|  23|0x00000000a5900000, 0x00000000a5900000, 0x00000000a5a00000|  0%| F|  |TAMS 0x00000000a5900000| PB 0x00000000a5900000| Untracked 
|  24|0x00000000a5a00000, 0x00000000a5a00000, 0x00000000a5b00000|  0%| F|  |TAMS 0x00000000a5a00000| PB 0x00000000a5a00000| Untracked 
|  25|0x00000000a5b00000, 0x00000000a5b00000, 0x00000000a5c00000|  0%| F|  |TAMS 0x00000000a5b00000| PB 0x00000000a5b00000| Untracked 
|  26|0x00000000a5c00000, 0x00000000a5c00000, 0x00000000a5d00000|  0%| F|  |TAMS 0x00000000a5c00000| PB 0x00000000a5c00000| Untracked 
|  27|0x00000000a5d00000, 0x00000000a5d00000, 0x00000000a5e00000|  0%| F|  |TAMS 0x00000000a5d00000| PB 0x00000000a5d00000| Untracked 
|  28|0x00000000a5e00000, 0x00000000a5e00000, 0x00000000a5f00000|  0%| F|  |TAMS 0x00000000a5e00000| PB 0x00000000a5e00000| Untracked 
|  29|0x00000000a5f00000, 0x00000000a5f00000, 0x00000000a6000000|  0%| F|  |TAMS 0x00000000a5f00000| PB 0x00000000a5f00000| Untracked 
|  30|0x00000000a6000000, 0x00000000a6000000, 0x00000000a6100000|  0%| F|  |TAMS 0x00000000a6000000| PB 0x00000000a6000000| Untracked 
|  31|0x00000000a6100000, 0x00000000a6100000, 0x00000000a6200000|  0%| F|  |TAMS 0x00000000a6100000| PB 0x00000000a6100000| Untracked 
|  32|0x00000000a6200000, 0x00000000a6200000, 0x00000000a6300000|  0%| F|  |TAMS 0x00000000a6200000| PB 0x00000000a6200000| Untracked 
|  33|0x00000000a6300000, 0x00000000a6300000, 0x00000000a6400000|  0%| F|  |TAMS 0x00000000a6300000| PB 0x00000000a6300000| Untracked 
|  34|0x00000000a6400000, 0x00000000a6400000, 0x00000000a6500000|  0%| F|  |TAMS 0x00000000a6400000| PB 0x00000000a6400000| Untracked 
|  35|0x00000000a6500000, 0x00000000a6500000, 0x00000000a6600000|  0%| F|  |TAMS 0x00000000a6500000| PB 0x00000000a6500000| Untracked 
|  36|0x00000000a6600000, 0x00000000a6600000, 0x00000000a6700000|  0%| F|  |TAMS 0x00000000a6600000| PB 0x00000000a6600000| Untracked 
|  37|0x00000000a6700000, 0x00000000a6700000, 0x00000000a6800000|  0%| F|  |TAMS 0x00000000a6700000| PB 0x00000000a6700000| Untracked 
|  38|0x00000000a6800000, 0x00000000a6800000, 0x00000000a6900000|  0%| F|  |TAMS 0x00000000a6800000| PB 0x00000000a6800000| Untracked 
|  39|0x00000000a6900000, 0x00000000a6900000, 0x00000000a6a00000|  0%| F|  |TAMS 0x00000000a6900000| PB 0x00000000a6900000| Untracked 
|  40|0x00000000a6a00000, 0x00000000a6a00000, 0x00000000a6b00000|  0%| F|  |TAMS 0x00000000a6a00000| PB 0x00000000a6a00000| Untracked 
|  41|0x00000000a6b00000, 0x00000000a6b00000, 0x00000000a6c00000|  0%| F|  |TAMS 0x00000000a6b00000| PB 0x00000000a6b00000| Untracked 
|  42|0x00000000a6c00000, 0x00000000a6c00000, 0x00000000a6d00000|  0%| F|  |TAMS 0x00000000a6c00000| PB 0x00000000a6c00000| Untracked 
|  43|0x00000000a6d00000, 0x00000000a6d00000, 0x00000000a6e00000|  0%| F|  |TAMS 0x00000000a6d00000| PB 0x00000000a6d00000| Untracked 
|  44|0x00000000a6e00000, 0x00000000a6e00000, 0x00000000a6f00000|  0%| F|  |TAMS 0x00000000a6e00000| PB 0x00000000a6e00000| Untracked 
|  45|0x00000000a6f00000, 0x00000000a6f00000, 0x00000000a7000000|  0%| F|  |TAMS 0x00000000a6f00000| PB 0x00000000a6f00000| Untracked 
|  46|0x00000000a7000000, 0x00000000a7000000, 0x00000000a7100000|  0%| F|  |TAMS 0x00000000a7000000| PB 0x00000000a7000000| Untracked 
|  47|0x00000000a7100000, 0x00000000a7100000, 0x00000000a7200000|  0%| F|  |TAMS 0x00000000a7100000| PB 0x00000000a7100000| Untracked 
|  48|0x00000000a7200000, 0x00000000a7200000, 0x00000000a7300000|  0%| F|  |TAMS 0x00000000a7200000| PB 0x00000000a7200000| Untracked 
|  49|0x00000000a7300000, 0x00000000a7300000, 0x00000000a7400000|  0%| F|  |TAMS 0x00000000a7300000| PB 0x00000000a7300000| Untracked 
|  50|0x00000000a7400000, 0x00000000a7500000, 0x00000000a7500000|100%| S|CS|TAMS 0x00000000a7400000| PB 0x00000000a7400000| Complete 
|  51|0x00000000a7500000, 0x00000000a7600000, 0x00000000a7600000|100%| S|CS|TAMS 0x00000000a7500000| PB 0x00000000a7500000| Complete 
|  52|0x00000000a7600000, 0x00000000a7700000, 0x00000000a7700000|100%| S|CS|TAMS 0x00000000a7600000| PB 0x00000000a7600000| Complete 
|  53|0x00000000a7700000, 0x00000000a7800000, 0x00000000a7800000|100%| S|CS|TAMS 0x00000000a7700000| PB 0x00000000a7700000| Complete 
|  54|0x00000000a7800000, 0x00000000a7900000, 0x00000000a7900000|100%| S|CS|TAMS 0x00000000a7800000| PB 0x00000000a7800000| Complete 
|  55|0x00000000a7900000, 0x00000000a7900000, 0x00000000a7a00000|  0%| F|  |TAMS 0x00000000a7900000| PB 0x00000000a7900000| Untracked 
|  56|0x00000000a7a00000, 0x00000000a7a00000, 0x00000000a7b00000|  0%| F|  |TAMS 0x00000000a7a00000| PB 0x00000000a7a00000| Untracked 
|  57|0x00000000a7b00000, 0x00000000a7b00000, 0x00000000a7c00000|  0%| F|  |TAMS 0x00000000a7b00000| PB 0x00000000a7b00000| Untracked 
|  58|0x00000000a7c00000, 0x00000000a7c00000, 0x00000000a7d00000|  0%| F|  |TAMS 0x00000000a7c00000| PB 0x00000000a7c00000| Untracked 
|  59|0x00000000a7d00000, 0x00000000a7d00000, 0x00000000a7e00000|  0%| F|  |TAMS 0x00000000a7d00000| PB 0x00000000a7d00000| Untracked 
|  60|0x00000000a7e00000, 0x00000000a7e00000, 0x00000000a7f00000|  0%| F|  |TAMS 0x00000000a7e00000| PB 0x00000000a7e00000| Untracked 
|  61|0x00000000a7f00000, 0x00000000a7f00000, 0x00000000a8000000|  0%| F|  |TAMS 0x00000000a7f00000| PB 0x00000000a7f00000| Untracked 
|  62|0x00000000a8000000, 0x00000000a8000000, 0x00000000a8100000|  0%| F|  |TAMS 0x00000000a8000000| PB 0x00000000a8000000| Untracked 
|  63|0x00000000a8100000, 0x00000000a8100000, 0x00000000a8200000|  0%| F|  |TAMS 0x00000000a8100000| PB 0x00000000a8100000| Untracked 
|  64|0x00000000a8200000, 0x00000000a8200000, 0x00000000a8300000|  0%| F|  |TAMS 0x00000000a8200000| PB 0x00000000a8200000| Untracked 
|  65|0x00000000a8300000, 0x00000000a8300000, 0x00000000a8400000|  0%| F|  |TAMS 0x00000000a8300000| PB 0x00000000a8300000| Untracked 
|  66|0x00000000a8400000, 0x00000000a8400000, 0x00000000a8500000|  0%| F|  |TAMS 0x00000000a8400000| PB 0x00000000a8400000| Untracked 
|  67|0x00000000a8500000, 0x00000000a8500000, 0x00000000a8600000|  0%| F|  |TAMS 0x00000000a8500000| PB 0x00000000a8500000| Untracked 
|  68|0x00000000a8600000, 0x00000000a867cfe8, 0x00000000a8700000| 48%| E|  |TAMS 0x00000000a8600000| PB 0x00000000a8600000| Complete 
|  69|0x00000000a8700000, 0x00000000a8800000, 0x00000000a8800000|100%| E|CS|TAMS 0x00000000a8700000| PB 0x00000000a8700000| Complete 
|  70|0x00000000a8800000, 0x00000000a8900000, 0x00000000a8900000|100%| E|CS|TAMS 0x00000000a8800000| PB 0x00000000a8800000| Complete 
|  71|0x00000000a8900000, 0x00000000a89ffb40, 0x00000000a8a00000| 99%| E|  |TAMS 0x00000000a8900000| PB 0x00000000a8900000| Complete 
|  72|0x00000000a8a00000, 0x00000000a8b00000, 0x00000000a8b00000|100%| E|CS|TAMS 0x00000000a8a00000| PB 0x00000000a8a00000| Complete 
|  73|0x00000000a8b00000, 0x00000000a8c00000, 0x00000000a8c00000|100%| E|CS|TAMS 0x00000000a8b00000| PB 0x00000000a8b00000| Complete 
|  74|0x00000000a8c00000, 0x00000000a8d00000, 0x00000000a8d00000|100%| E|CS|TAMS 0x00000000a8c00000| PB 0x00000000a8c00000| Complete 
|  75|0x00000000a8d00000, 0x00000000a8e00000, 0x00000000a8e00000|100%| E|CS|TAMS 0x00000000a8d00000| PB 0x00000000a8d00000| Complete 
|  76|0x00000000a8e00000, 0x00000000a8f00000, 0x00000000a8f00000|100%| E|CS|TAMS 0x00000000a8e00000| PB 0x00000000a8e00000| Complete 
|  77|0x00000000a8f00000, 0x00000000a9000000, 0x00000000a9000000|100%| E|CS|TAMS 0x00000000a8f00000| PB 0x00000000a8f00000| Complete 
|  78|0x00000000a9000000, 0x00000000a9100000, 0x00000000a9100000|100%| E|CS|TAMS 0x00000000a9000000| PB 0x00000000a9000000| Complete 
|  79|0x00000000a9100000, 0x00000000a9200000, 0x00000000a9200000|100%| E|CS|TAMS 0x00000000a9100000| PB 0x00000000a9100000| Complete 
|  80|0x00000000a9200000, 0x00000000a9300000, 0x00000000a9300000|100%| E|CS|TAMS 0x00000000a9200000| PB 0x00000000a9200000| Complete 
|  81|0x00000000a9300000, 0x00000000a9400000, 0x00000000a9400000|100%| E|CS|TAMS 0x00000000a9300000| PB 0x00000000a9300000| Complete 
|  82|0x00000000a9400000, 0x00000000a9500000, 0x00000000a9500000|100%| E|CS|TAMS 0x00000000a9400000| PB 0x00000000a9400000| Complete 
|  83|0x00000000a9500000, 0x00000000a9600000, 0x00000000a9600000|100%| E|CS|TAMS 0x00000000a9500000| PB 0x00000000a9500000| Complete 
|  84|0x00000000a9600000, 0x00000000a9700000, 0x00000000a9700000|100%| E|CS|TAMS 0x00000000a9600000| PB 0x00000000a9600000| Complete 
|  85|0x00000000a9700000, 0x00000000a9800000, 0x00000000a9800000|100%| E|CS|TAMS 0x00000000a9700000| PB 0x00000000a9700000| Complete 
|  86|0x00000000a9800000, 0x00000000a9900000, 0x00000000a9900000|100%| E|CS|TAMS 0x00000000a9800000| PB 0x00000000a9800000| Complete 
|  87|0x00000000a9900000, 0x00000000a9a00000, 0x00000000a9a00000|100%| E|CS|TAMS 0x00000000a9900000| PB 0x00000000a9900000| Complete 
|  88|0x00000000a9a00000, 0x00000000a9b00000, 0x00000000a9b00000|100%| E|CS|TAMS 0x00000000a9a00000| PB 0x00000000a9a00000| Complete 
|  89|0x00000000a9b00000, 0x00000000a9c00000, 0x00000000a9c00000|100%| E|CS|TAMS 0x00000000a9b00000| PB 0x00000000a9b00000| Complete 
|  90|0x00000000a9c00000, 0x00000000a9d00000, 0x00000000a9d00000|100%| E|CS|TAMS 0x00000000a9c00000| PB 0x00000000a9c00000| Complete 
|  91|0x00000000a9d00000, 0x00000000a9e00000, 0x00000000a9e00000|100%| E|CS|TAMS 0x00000000a9d00000| PB 0x00000000a9d00000| Complete 

Card table byte_map: [0x000001a35c070000,0x000001a35c350000] _byte_map_base: 0x000001a35bb4f000

Marking Bits: (CMBitMap*) 0x000001a34460c470
 Bits: [0x000001a35c350000, 0x000001a35da48000)

Polling page: 0x000001a342520000

Metaspace:

Usage:
  Non-class:     17.55 MB used.
      Class:      2.48 MB used.
       Both:     20.02 MB used.

Virtual space:
  Non-class space:       64.00 MB reserved,      17.75 MB ( 28%) committed,  1 nodes.
      Class space:        1.00 GB reserved,       2.69 MB ( <1%) committed,  1 nodes.
             Both:        1.06 GB reserved,      20.44 MB (  2%) committed. 

Chunk freelists:
   Non-Class:  13.84 MB
       Class:  13.34 MB
        Both:  27.19 MB

MaxMetaspaceSize: unlimited
CompressedClassSpaceSize: 1.00 GB
Initial GC threshold: 21.00 MB
Current GC threshold: 21.00 MB
CDS: on
 - commit_granule_bytes: 65536.
 - commit_granule_words: 8192.
 - virtual_space_node_default_size: 8388608.
 - enlarge_chunks_in_place: 1.
 - use_allocation_guard: 0.


Internal statistics:

num_allocs_failed_limit: 0.
num_arena_births: 384.
num_arena_deaths: 0.
num_vsnodes_births: 2.
num_vsnodes_deaths: 0.
num_space_committed: 327.
num_space_uncommitted: 0.
num_chunks_returned_to_freelist: 0.
num_chunks_taken_from_freelist: 907.
num_chunk_merges: 0.
num_chunk_splits: 605.
num_chunks_enlarged: 429.
num_inconsistent_stats: 0.

CodeHeap 'non-profiled nmethods': size=120000Kb used=1074Kb max_used=1074Kb free=118925Kb
 bounds [0x000001a354520000, 0x000001a354790000, 0x000001a35ba50000]
CodeHeap 'profiled nmethods': size=120000Kb used=5479Kb max_used=5479Kb free=114521Kb
 bounds [0x000001a34ca50000, 0x000001a34cfb0000, 0x000001a353f80000]
CodeHeap 'non-nmethods': size=5760Kb used=1743Kb max_used=1747Kb free=4016Kb
 bounds [0x000001a353f80000, 0x000001a3541f0000, 0x000001a354520000]
 total_blobs=3500 nmethods=2733 adapters=671
 compilation: enabled
              stopped_count=0, restarted_count=0
 full_count=0

Compilation events (20 events):
Event: 3.919 Thread 0x000001a360499070 2706       3       com.mysql.jdbc.StringUtils::isCharEqualIgnoreCase (22 bytes)
Event: 3.920 Thread 0x000001a360499070 nmethod 2706 0x000001a34cf99610 code [0x000001a34cf99800, 0x000001a34cf99d08]
Event: 3.920 Thread 0x000001a360499070 2708       3       com.mysql.jdbc.ConnectionImpl::getConnectionMutex (19 bytes)
Event: 3.920 Thread 0x000001a360499070 nmethod 2708 0x000001a34cf99f10 code [0x000001a34cf9a0c0, 0x000001a34cf9a318]
Event: 3.920 Thread 0x000001a360499070 2707       1       com.mysql.jdbc.Field::getSQLType (5 bytes)
Event: 3.920 Thread 0x000001a360499070 nmethod 2707 0x000001a35462b890 code [0x000001a35462ba20, 0x000001a35462bae8]
Event: 3.923 Thread 0x000001a360499070 2709       3       com.mysql.jdbc.Buffer::readByte (17 bytes)
Event: 3.923 Thread 0x000001a360499070 nmethod 2709 0x000001a34cf9a410 code [0x000001a34cf9a5a0, 0x000001a34cf9a6e8]
Event: 3.923 Thread 0x000001a360499070 2710       3       com.mysql.jdbc.MysqlIO::readFully (91 bytes)
Event: 3.924 Thread 0x000001a360499070 nmethod 2710 0x000001a34cf9a810 code [0x000001a34cf9aac0, 0x000001a34cf9ba60]
Event: 3.924 Thread 0x000001a360499070 2711       3       jdk.internal.misc.Unsafe::putLongUnaligned (14 bytes)
Event: 3.924 Thread 0x000001a360499070 nmethod 2711 0x000001a34cf9bf90 code [0x000001a34cf9c140, 0x000001a34cf9c350]
Event: 3.948 Thread 0x000001a360499070 2716       3       javafx.beans.property.ReadOnlyBooleanProperty::<init> (5 bytes)
Event: 3.948 Thread 0x000001a360499070 nmethod 2716 0x000001a34cf9c490 code [0x000001a34cf9c640, 0x000001a34cf9c808]
Event: 3.949 Thread 0x000001a360499070 2717       3       javafx.beans.binding.BooleanExpression::<init> (5 bytes)
Event: 3.949 Thread 0x000001a360499070 nmethod 2717 0x000001a34cf9c910 code [0x000001a34cf9caa0, 0x000001a34cf9cc08]
Event: 3.949 Thread 0x000001a360499070 2718       3       java.lang.invoke.MethodHandles$Lookup::checkMethodName (45 bytes)
Event: 3.950 Thread 0x000001a360499070 nmethod 2718 0x000001a34cf9cd10 code [0x000001a34cf9cf40, 0x000001a34cf9d600]
Event: 3.952 Thread 0x000001a360499070 2719       3       java.lang.invoke.MethodHandles$Lookup::getDirectMethodNoSecurityManager (18 bytes)
Event: 3.952 Thread 0x000001a360499070 nmethod 2719 0x000001a34cf9d910 code [0x000001a34cf9dac0, 0x000001a34cf9dc10]

GC Heap History (4 events):
Event: 1.304 GC heap before
{Heap before GC invocations=0 (full 0):
 garbage-first heap   total 94208K, used 22528K [0x00000000a4200000, 0x0000000100000000)
  region size 1024K, 23 young (23552K), 0 survivors (0K)
 Metaspace       used 4203K, committed 4416K, reserved 1114112K
  class space    used 474K, committed 576K, reserved 1048576K
}
Event: 1.307 GC heap after
{Heap after GC invocations=1 (full 0):
 garbage-first heap   total 94208K, used 2645K [0x00000000a4200000, 0x0000000100000000)
  region size 1024K, 3 young (3072K), 3 survivors (3072K)
 Metaspace       used 4203K, committed 4416K, reserved 1114112K
  class space    used 474K, committed 576K, reserved 1048576K
}
Event: 2.407 GC heap before
{Heap before GC invocations=1 (full 0):
 garbage-first heap   total 94208K, used 36437K [0x00000000a4200000, 0x0000000100000000)
  region size 1024K, 37 young (37888K), 3 survivors (3072K)
 Metaspace       used 10407K, committed 10688K, reserved 1114112K
  class space    used 1410K, committed 1536K, reserved 1048576K
}
Event: 2.414 GC heap after
{Heap after GC invocations=2 (full 0):
 garbage-first heap   total 94208K, used 6918K [0x00000000a4200000, 0x0000000100000000)
  region size 1024K, 5 young (5120K), 5 survivors (5120K)
 Metaspace       used 10407K, committed 10688K, reserved 1114112K
  class space    used 1410K, committed 1536K, reserved 1048576K
}

Dll operation events (20 events):
Event: 0.591 Loaded shared library C:\Users\edy14\.openjfx\cache\23.0.2+3\amd64\api-ms-win-crt-private-l1-1-0.dll
Event: 0.597 Loaded shared library C:\Users\edy14\.openjfx\cache\23.0.2+3\amd64\api-ms-win-crt-process-l1-1-0.dll
Event: 0.605 Loaded shared library C:\Users\edy14\.openjfx\cache\23.0.2+3\amd64\api-ms-win-crt-runtime-l1-1-0.dll
Event: 0.612 Loaded shared library C:\Users\edy14\.openjfx\cache\23.0.2+3\amd64\api-ms-win-crt-stdio-l1-1-0.dll
Event: 0.618 Loaded shared library C:\Users\edy14\.openjfx\cache\23.0.2+3\amd64\api-ms-win-crt-string-l1-1-0.dll
Event: 0.624 Loaded shared library C:\Users\edy14\.openjfx\cache\23.0.2+3\amd64\api-ms-win-crt-time-l1-1-0.dll
Event: 0.630 Loaded shared library C:\Users\edy14\.openjfx\cache\23.0.2+3\amd64\api-ms-win-crt-utility-l1-1-0.dll
Event: 0.649 Loaded shared library C:\Users\edy14\.openjfx\cache\23.0.2+3\amd64\ucrtbase.dll
Event: 0.656 Loaded shared library C:\Users\edy14\.openjfx\cache\23.0.2+3\amd64\vcruntime140.dll
Event: 0.664 Loaded shared library C:\Users\edy14\.openjfx\cache\23.0.2+3\amd64\vcruntime140_1.dll
Event: 0.677 Loaded shared library C:\Users\edy14\.openjfx\cache\23.0.2+3\amd64\msvcp140.dll
Event: 0.684 Loaded shared library C:\Users\edy14\.openjfx\cache\23.0.2+3\amd64\msvcp140_1.dll
Event: 0.694 Loaded shared library C:\Users\edy14\.openjfx\cache\23.0.2+3\amd64\msvcp140_2.dll
Event: 0.768 Loaded shared library C:\Users\edy14\.openjfx\cache\23.0.2+3\amd64\prism_d3d.dll
Event: 0.972 Loaded shared library C:\Users\edy14\.openjfx\cache\23.0.2+3\amd64\glass.dll
Event: 1.320 Loaded shared library C:\Program Files\Java\jdk-21\bin\jimage.dll
Event: 2.028 Loaded shared library C:\Users\edy14\.openjfx\cache\23.0.2+3\amd64\javafx_font.dll
Event: 2.480 Loaded shared library C:\Program Files\Java\jdk-21\bin\verify.dll
Event: 2.741 Loaded shared library C:\Program Files\Java\jdk-21\bin\extnet.dll
Event: 2.857 Loaded shared library C:\Program Files\Java\jdk-21\bin\sunmscapi.dll

Deoptimization events (20 events):
Event: 3.899 Thread 0x000001a3652bf7a0 Uncommon trap: trap_request=0xffffffc6 fr.pc=0x000001a35460c33c relative=0x0000000000000ddc
Event: 3.899 Thread 0x000001a3652bf7a0 Uncommon trap: reason=bimorphic_or_optimized_type_check action=maybe_recompile pc=0x000001a35460c33c method=java.util.regex.Pattern$Start.match(Ljava/util/regex/Matcher;ILjava/lang/CharSequence;)Z @ 44 c2
Event: 3.899 Thread 0x000001a3652bf7a0 DEOPT PACKING pc=0x000001a35460c33c sp=0x000000595e3fcf10
Event: 3.899 Thread 0x000001a3652bf7a0 DEOPT UNPACKING pc=0x000001a353fd46a2 sp=0x000000595e3fcf10 mode 2
Event: 3.899 Thread 0x000001a3652bf7a0 Uncommon trap: trap_request=0xffffffc6 fr.pc=0x000001a35460c33c relative=0x0000000000000ddc
Event: 3.899 Thread 0x000001a3652bf7a0 Uncommon trap: reason=bimorphic_or_optimized_type_check action=maybe_recompile pc=0x000001a35460c33c method=java.util.regex.Pattern$Start.match(Ljava/util/regex/Matcher;ILjava/lang/CharSequence;)Z @ 44 c2
Event: 3.899 Thread 0x000001a3652bf7a0 DEOPT PACKING pc=0x000001a35460c33c sp=0x000000595e3fd210
Event: 3.899 Thread 0x000001a3652bf7a0 DEOPT UNPACKING pc=0x000001a353fd46a2 sp=0x000000595e3fd210 mode 2
Event: 3.899 Thread 0x000001a3652bf7a0 Uncommon trap: trap_request=0xffffffc6 fr.pc=0x000001a35460c33c relative=0x0000000000000ddc
Event: 3.899 Thread 0x000001a3652bf7a0 Uncommon trap: reason=bimorphic_or_optimized_type_check action=maybe_recompile pc=0x000001a35460c33c method=java.util.regex.Pattern$Start.match(Ljava/util/regex/Matcher;ILjava/lang/CharSequence;)Z @ 44 c2
Event: 3.899 Thread 0x000001a3652bf7a0 DEOPT PACKING pc=0x000001a35460c33c sp=0x000000595e3fd210
Event: 3.899 Thread 0x000001a3652bf7a0 DEOPT UNPACKING pc=0x000001a353fd46a2 sp=0x000000595e3fd210 mode 2
Event: 3.906 Thread 0x000001a3652bf7a0 Uncommon trap: trap_request=0xffffffc6 fr.pc=0x000001a35460a340 relative=0x0000000000000e20
Event: 3.906 Thread 0x000001a3652bf7a0 Uncommon trap: reason=bimorphic_or_optimized_type_check action=maybe_recompile pc=0x000001a35460a340 method=java.util.regex.Pattern$Start.match(Ljava/util/regex/Matcher;ILjava/lang/CharSequence;)Z @ 44 c2
Event: 3.906 Thread 0x000001a3652bf7a0 DEOPT PACKING pc=0x000001a35460a340 sp=0x000000595e3fd110
Event: 3.906 Thread 0x000001a3652bf7a0 DEOPT UNPACKING pc=0x000001a353fd46a2 sp=0x000000595e3fd0a0 mode 2
Event: 3.911 Thread 0x000001a3652bf7a0 Uncommon trap: trap_request=0xffffff45 fr.pc=0x000001a3545d1f80 relative=0x0000000000000080
Event: 3.911 Thread 0x000001a3652bf7a0 Uncommon trap: reason=unstable_if action=reinterpret pc=0x000001a3545d1f80 method=java.lang.CharacterDataLatin1.toLowerCase(I)I @ 23 c2
Event: 3.911 Thread 0x000001a3652bf7a0 DEOPT PACKING pc=0x000001a3545d1f80 sp=0x000000595e3fd170
Event: 3.911 Thread 0x000001a3652bf7a0 DEOPT UNPACKING pc=0x000001a353fd46a2 sp=0x000000595e3fd0f0 mode 2

Classes loaded (20 events):
Event: 3.835 Loading class java/util/concurrent/atomic/AtomicReferenceFieldUpdater
Event: 3.835 Loading class java/util/concurrent/atomic/AtomicReferenceFieldUpdater done
Event: 3.835 Loading class java/util/concurrent/atomic/AtomicReferenceFieldUpdater$AtomicReferenceFieldUpdaterImpl
Event: 3.835 Loading class java/util/concurrent/atomic/AtomicReferenceFieldUpdater$AtomicReferenceFieldUpdaterImpl done
Event: 3.836 Loading class java/util/concurrent/atomic/AtomicReferenceFieldUpdater$AtomicReferenceFieldUpdaterImpl$1
Event: 3.836 Loading class java/util/concurrent/atomic/AtomicReferenceFieldUpdater$AtomicReferenceFieldUpdaterImpl$1 done
Event: 3.836 Loading class sun/reflect/misc/ReflectUtil
Event: 3.836 Loading class sun/reflect/misc/ReflectUtil done
Event: 3.931 Loading class java/util/stream/ReferencePipeline$4
Event: 3.931 Loading class java/util/stream/ReferencePipeline$4 done
Event: 3.932 Loading class java/util/stream/IntPipeline$1
Event: 3.932 Loading class java/util/stream/IntPipeline$1 done
Event: 3.934 Loading class java/util/stream/ForEachOps$ForEachOp$OfInt
Event: 3.934 Loading class java/util/stream/ForEachOps$ForEachOp$OfInt done
Event: 3.934 Loading class java/util/stream/ReferencePipeline$4$1
Event: 3.934 Loading class java/util/stream/ReferencePipeline$4$1 done
Event: 3.934 Loading class java/util/stream/IntPipeline$1$1
Event: 3.935 Loading class java/util/stream/IntPipeline$1$1 done
Event: 3.947 Loading class java/util/ConcurrentModificationException
Event: 3.947 Loading class java/util/ConcurrentModificationException done

Classes unloaded (0 events):
No events

Classes redefined (0 events):
No events

Internal exceptions (20 events):
Event: 2.397 Thread 0x000001a3652bf7a0 Exception <a 'java/lang/NoSuchMethodError'{0x00000000a7995518}: 'java.lang.Object java.lang.invoke.Invokers$Holder.invokeExact_MT(java.lang.Object, java.lang.Object, java.lang.Object, java.lang.Object, java.lang.Object)'> (0x00000000a7995518) 
thrown [s\open\src\hotspot\share\interpreter\linkResolver.cpp, line 773]
Event: 2.509 Thread 0x000001a3652bf7a0 Exception <a 'java/lang/NoSuchMethodError'{0x00000000a9be4048}: 'java.lang.Object java.lang.invoke.DirectMethodHandle$Holder.invokeInterface(java.lang.Object, java.lang.Object)'> (0x00000000a9be4048) 
thrown [s\open\src\hotspot\share\interpreter\linkResolver.cpp, line 773]
Event: 2.588 Thread 0x000001a3652bf7a0 Exception <a 'java/lang/NoSuchMethodError'{0x00000000a999a800}: 'java.lang.Object java.lang.invoke.DelegatingMethodHandle$Holder.reinvoke_L(java.lang.Object, java.lang.Object, int, java.lang.Object, java.lang.Object, java.lang.Object)'> (0x00000000a999a800) 
thrown [s\open\src\hotspot\share\interpreter\linkResolver.cpp, line 773]
Event: 2.591 Thread 0x000001a3652bf7a0 Exception <a 'java/lang/NoSuchMethodError'{0x00000000a99ad7f0}: 'java.lang.Object java.lang.invoke.DirectMethodHandle$Holder.invokeStatic(java.lang.Object, java.lang.Object, int)'> (0x00000000a99ad7f0) 
thrown [s\open\src\hotspot\share\interpreter\linkResolver.cpp, line 773]
Event: 2.592 Thread 0x000001a3652bf7a0 Exception <a 'java/lang/NoSuchMethodError'{0x00000000a99b1c08}: 'void java.lang.invoke.DirectMethodHandle$Holder.invokeStatic(java.lang.Object, java.lang.Object, int, java.lang.Object)'> (0x00000000a99b1c08) 
thrown [s\open\src\hotspot\share\interpreter\linkResolver.cpp, line 773]
Event: 2.592 Thread 0x000001a3652bf7a0 Exception <a 'java/lang/NoSuchMethodError'{0x00000000a99b8698}: 'void java.lang.invoke.DelegatingMethodHandle$Holder.delegate(java.lang.Object, java.lang.Object, int, java.lang.Object)'> (0x00000000a99b8698) 
thrown [s\open\src\hotspot\share\interpreter\linkResolver.cpp, line 773]
Event: 2.907 Thread 0x000001a3652bf7a0 Exception <a 'java/lang/NoSuchMethodError'{0x00000000a94f88c0}: 'void java.lang.invoke.DirectMethodHandle$Holder.invokeVirtual(java.lang.Object, java.lang.Object)'> (0x00000000a94f88c0) 
thrown [s\open\src\hotspot\share\interpreter\linkResolver.cpp, line 773]
Event: 3.021 Thread 0x000001a3652bf7a0 Exception <a 'sun/nio/fs/WindowsException'{0x00000000a8fa1188}> (0x00000000a8fa1188) 
thrown [s\open\src\hotspot\share\prims\jni.cpp, line 520]
Event: 3.096 Thread 0x000001a3652bf7a0 Exception <a 'java/lang/NoSuchMethodError'{0x00000000a8e4d220}: 'java.lang.Object java.lang.invoke.DirectMethodHandle$Holder.invokeStaticInit(java.lang.Object, int, int, int, int)'> (0x00000000a8e4d220) 
thrown [s\open\src\hotspot\share\interpreter\linkResolver.cpp, line 773]
Event: 3.239 Thread 0x000001a3652bf7a0 Exception <a 'java/lang/NoSuchMethodError'{0x00000000a8d172e0}: 'java.lang.Object java.lang.invoke.DirectMethodHandle$Holder.invokeStaticInit(java.lang.Object, java.lang.Object, int, int, int, int)'> (0x00000000a8d172e0) 
thrown [s\open\src\hotspot\share\interpreter\linkResolver.cpp, line 773]
Event: 3.706 Thread 0x000001a3652bf7a0 Exception <a 'java/lang/NoSuchMethodError'{0x00000000a8b78c88}: 'long java.lang.invoke.DirectMethodHandle$Holder.invokeStatic(java.lang.Object, java.lang.Object, int)'> (0x00000000a8b78c88) 
thrown [s\open\src\hotspot\share\interpreter\linkResolver.cpp, line 773]
Event: 3.707 Thread 0x000001a3652bf7a0 Exception <a 'java/lang/NoSuchMethodError'{0x00000000a8b83bf8}: 'java.lang.Object java.lang.invoke.DelegatingMethodHandle$Holder.reinvoke_L(java.lang.Object, long, long, java.lang.Object, java.lang.Object)'> (0x00000000a8b83bf8) 
thrown [s\open\src\hotspot\share\interpreter\linkResolver.cpp, line 773]
Event: 3.772 Thread 0x000001a3652bf7a0 Exception <a 'java/lang/NoSuchMethodError'{0x00000000a8a3d348}: 'java.lang.Object java.lang.invoke.DirectMethodHandle$Holder.newInvokeSpecial(java.lang.Object, java.lang.Object, java.lang.Object, java.lang.Object, int)'> (0x00000000a8a3d348) 
thrown [s\open\src\hotspot\share\interpreter\linkResolver.cpp, line 773]
Event: 3.772 Thread 0x000001a3652bf7a0 Exception <a 'java/lang/NoSuchMethodError'{0x00000000a8a413b0}: 'java.lang.Object java.lang.invoke.DirectMethodHandle$Holder.invokeSpecial(java.lang.Object, java.lang.Object, java.lang.Object, java.lang.Object, java.lang.Object, int)'> (0x00000000a8a413b0) 
thrown [s\open\src\hotspot\share\interpreter\linkResolver.cpp, line 773]
Event: 3.772 Thread 0x000001a3652bf7a0 Exception <a 'java/lang/NoSuchMethodError'{0x00000000a8a44f00}: 'java.lang.Object java.lang.invoke.DelegatingMethodHandle$Holder.reinvoke_L(java.lang.Object, java.lang.Object, java.lang.Object, java.lang.Object, int)'> (0x00000000a8a44f00) 
thrown [s\open\src\hotspot\share\interpreter\linkResolver.cpp, line 773]
Event: 3.838 Thread 0x000001a3652bf7a0 Exception <a 'java/lang/NoSuchMethodError'{0x00000000a8a97c98}: 'java.lang.Object java.lang.invoke.DirectMethodHandle$Holder.newInvokeSpecial(java.lang.Object, java.lang.Object, java.lang.Object, int)'> (0x00000000a8a97c98) 
thrown [s\open\src\hotspot\share\interpreter\linkResolver.cpp, line 773]
Event: 3.839 Thread 0x000001a3652bf7a0 Exception <a 'java/lang/NoSuchMethodError'{0x00000000a8a9bc88}: 'java.lang.Object java.lang.invoke.DirectMethodHandle$Holder.invokeSpecial(java.lang.Object, java.lang.Object, java.lang.Object, java.lang.Object, int)'> (0x00000000a8a9bc88) 
thrown [s\open\src\hotspot\share\interpreter\linkResolver.cpp, line 773]
Event: 3.928 Thread 0x000001a3652bf7a0 Exception <a 'java/lang/NoSuchMethodError'{0x00000000a8ae3bc0}: 'int java.lang.invoke.DirectMethodHandle$Holder.invokeSpecial(java.lang.Object, java.lang.Object, int)'> (0x00000000a8ae3bc0) 
thrown [s\open\src\hotspot\share\interpreter\linkResolver.cpp, line 773]
Event: 3.930 Thread 0x000001a3652bf7a0 Exception <a 'java/lang/NoSuchMethodError'{0x00000000a8afd380}: 'int java.lang.invoke.DirectMethodHandle$Holder.invokeVirtual(java.lang.Object, java.lang.Object)'> (0x00000000a8afd380) 
thrown [s\open\src\hotspot\share\interpreter\linkResolver.cpp, line 773]
Event: 3.933 Thread 0x000001a3652bf7a0 Exception <a 'java/lang/NoSuchMethodError'{0x00000000a8907a10}: 'void java.lang.invoke.DirectMethodHandle$Holder.invokeStatic(java.lang.Object, java.lang.Object, java.lang.Object, int)'> (0x00000000a8907a10) 
thrown [s\open\src\hotspot\share\interpreter\linkResolver.cpp, line 773]

ZGC Phase Switch (0 events):
No events

VM Operations (20 events):
Event: 2.407 Executing VM operation: G1CollectForAllocation (G1 Evacuation Pause)
Event: 2.414 Executing VM operation: G1CollectForAllocation (G1 Evacuation Pause) done
Event: 2.474 Executing VM operation: HandshakeAllThreads (Deoptimize)
Event: 2.475 Executing VM operation: HandshakeAllThreads (Deoptimize) done
Event: 2.521 Executing VM operation: HandshakeAllThreads (Deoptimize)
Event: 2.521 Executing VM operation: HandshakeAllThreads (Deoptimize) done
Event: 2.591 Executing VM operation: HandshakeAllThreads (Deoptimize)
Event: 2.591 Executing VM operation: HandshakeAllThreads (Deoptimize) done
Event: 2.652 Executing VM operation: HandshakeAllThreads (Deoptimize)
Event: 2.652 Executing VM operation: HandshakeAllThreads (Deoptimize) done
Event: 2.896 Executing VM operation: HandshakeAllThreads (Deoptimize)
Event: 2.897 Executing VM operation: HandshakeAllThreads (Deoptimize) done
Event: 3.047 Executing VM operation: HandshakeAllThreads (Deoptimize)
Event: 3.047 Executing VM operation: HandshakeAllThreads (Deoptimize) done
Event: 3.080 Executing VM operation: HandshakeAllThreads (Deoptimize)
Event: 3.080 Executing VM operation: HandshakeAllThreads (Deoptimize) done
Event: 3.318 Executing VM operation: HandshakeAllThreads (Deoptimize)
Event: 3.318 Executing VM operation: HandshakeAllThreads (Deoptimize) done
Event: 3.390 Executing VM operation: ICBufferFull
Event: 3.390 Executing VM operation: ICBufferFull done

Events (17 events):
Event: 0.042 Thread 0x000001a3423ca960 Thread added: 0x000001a3423ca960
Event: 0.069 Thread 0x000001a36045c380 Thread added: 0x000001a36045c380
Event: 0.069 Thread 0x000001a36045dcf0 Thread added: 0x000001a36045dcf0
Event: 0.070 Thread 0x000001a360462c10 Thread added: 0x000001a360462c10
Event: 0.070 Thread 0x000001a360464f60 Thread added: 0x000001a360464f60
Event: 0.070 Thread 0x000001a360466520 Thread added: 0x000001a360466520
Event: 0.070 Thread 0x000001a36046bfa0 Thread added: 0x000001a36046bfa0
Event: 0.070 Thread 0x000001a360474410 Thread added: 0x000001a360474410
Event: 0.070 Thread 0x000001a360499070 Thread added: 0x000001a360499070
Event: 0.098 Thread 0x000001a3606d5f80 Thread added: 0x000001a3606d5f80
Event: 0.206 Thread 0x000001a3608023e0 Thread added: 0x000001a3608023e0
Event: 0.743 Thread 0x000001a3652bf110 Thread added: 0x000001a3652bf110
Event: 0.975 Thread 0x000001a3652bea80 Thread added: 0x000001a3652bea80
Event: 0.979 Thread 0x000001a3652bf7a0 Thread added: 0x000001a3652bf7a0
Event: 1.284 Thread 0x000001a3652bfe30 Thread added: 0x000001a3652bfe30
Event: 1.294 Thread 0x000001a3652c0b50 Thread added: 0x000001a3652c0b50
Event: 2.486 Thread 0x000001a3652c11e0 Thread added: 0x000001a3652c11e0


Dynamic libraries:
0x00007ff7e5fe0000 - 0x00007ff7e5ff0000 	C:\Program Files\Java\jdk-21\bin\java.exe
0x00007ff811340000 - 0x00007ff8115a8000 	C:\WINDOWS\SYSTEM32\ntdll.dll
0x00007ff8102c0000 - 0x00007ff810389000 	C:\WINDOWS\System32\KERNEL32.DLL
0x00007ff80e550000 - 0x00007ff80e93d000 	C:\WINDOWS\System32\KERNELBASE.dll
0x00007ff80ed00000 - 0x00007ff80ee4b000 	C:\WINDOWS\System32\ucrtbase.dll
0x00007fffff690000 - 0x00007fffff6a9000 	C:\Program Files\Java\jdk-21\bin\jli.dll
0x00007ffff07c0000 - 0x00007ffff07db000 	C:\Program Files\Java\jdk-21\bin\VCRUNTIME140.dll
0x00007ff810160000 - 0x00007ff810214000 	C:\WINDOWS\System32\ADVAPI32.dll
0x00007ff80fe20000 - 0x00007ff80fec9000 	C:\WINDOWS\System32\msvcrt.dll
0x00007ff80fed0000 - 0x00007ff80ff76000 	C:\WINDOWS\System32\sechost.dll
0x00007ff8111a0000 - 0x00007ff8112b8000 	C:\WINDOWS\System32\RPCRT4.dll
0x00007ff8108e0000 - 0x00007ff810aac000 	C:\WINDOWS\System32\USER32.dll
0x00007ff80e940000 - 0x00007ff80e967000 	C:\WINDOWS\System32\win32u.dll
0x00007ffff6ff0000 - 0x00007ffff728a000 	C:\WINDOWS\WinSxS\amd64_microsoft.windows.common-controls_6595b64144ccf1df_6.0.26100.4484_none_3e0e6d4ce32ef3b3\COMCTL32.dll
0x00007ff8112c0000 - 0x00007ff8112eb000 	C:\WINDOWS\System32\GDI32.dll
0x00007ff80ef00000 - 0x00007ff80f037000 	C:\WINDOWS\System32\gdi32full.dll
0x00007ff80ee50000 - 0x00007ff80eef3000 	C:\WINDOWS\System32\msvcp_win.dll
0x00007ff806bd0000 - 0x00007ff806bdb000 	C:\WINDOWS\SYSTEM32\VERSION.dll
0x00007ff80ff80000 - 0x00007ff80ffaf000 	C:\WINDOWS\System32\IMM32.DLL
0x00007fffff680000 - 0x00007fffff68c000 	C:\Program Files\Java\jdk-21\bin\vcruntime140_1.dll
0x00007fffc3f10000 - 0x00007fffc3f9e000 	C:\Program Files\Java\jdk-21\bin\msvcp140.dll
0x00007fff9c570000 - 0x00007fff9d288000 	C:\Program Files\Java\jdk-21\bin\server\jvm.dll
0x00007ff810f20000 - 0x00007ff810f94000 	C:\WINDOWS\System32\WS2_32.dll
0x00007ff80e2e0000 - 0x00007ff80e33e000 	C:\WINDOWS\SYSTEM32\POWRPROF.dll
0x00007ff802220000 - 0x00007ff802255000 	C:\WINDOWS\SYSTEM32\WINMM.dll
0x00007ff80e2c0000 - 0x00007ff80e2d4000 	C:\WINDOWS\SYSTEM32\UMPDC.dll
0x00007ff80d230000 - 0x00007ff80d24b000 	C:\WINDOWS\SYSTEM32\kernel.appcore.dll
0x00007fffff020000 - 0x00007fffff02a000 	C:\Program Files\Java\jdk-21\bin\jimage.dll
0x00007ff807e70000 - 0x00007ff8080b1000 	C:\WINDOWS\SYSTEM32\DBGHELP.DLL
0x00007ff810b30000 - 0x00007ff810eb6000 	C:\WINDOWS\System32\combase.dll
0x00007ff810570000 - 0x00007ff810650000 	C:\WINDOWS\System32\OLEAUT32.dll
0x00007ffff5290000 - 0x00007ffff52d3000 	C:\WINDOWS\SYSTEM32\dbgcore.DLL
0x00007ff80f040000 - 0x00007ff80f0d9000 	C:\WINDOWS\System32\bcryptPrimitives.dll
0x00007ffff0390000 - 0x00007ffff03af000 	C:\Program Files\Java\jdk-21\bin\java.dll
0x00007ff80f6c0000 - 0x00007ff80fe0a000 	C:\WINDOWS\System32\SHELL32.dll
0x00007ff80e970000 - 0x00007ff80eae4000 	C:\WINDOWS\System32\wintypes.dll
0x00007ff80c0b0000 - 0x00007ff80c90b000 	C:\WINDOWS\SYSTEM32\windows.storage.dll
0x00007ff810fa0000 - 0x00007ff811095000 	C:\WINDOWS\System32\SHCORE.dll
0x00007ff810660000 - 0x00007ff8106ca000 	C:\WINDOWS\System32\shlwapi.dll
0x00007ff80e3a0000 - 0x00007ff80e3cf000 	C:\WINDOWS\SYSTEM32\profapi.dll
0x00007fffc3530000 - 0x00007fffc3607000 	C:\Program Files\Java\jdk-21\bin\jsvml.dll
0x00007ffffa880000 - 0x00007ffffa890000 	C:\Program Files\Java\jdk-21\bin\net.dll
0x00007ff8015f0000 - 0x00007ff80170e000 	C:\WINDOWS\SYSTEM32\WINHTTP.dll
0x00007ff80d7c0000 - 0x00007ff80d82a000 	C:\WINDOWS\system32\mswsock.dll
0x00007ffff0350000 - 0x00007ffff0366000 	C:\Program Files\Java\jdk-21\bin\nio.dll
0x00007ffff00d0000 - 0x00007ffff00e8000 	C:\Program Files\Java\jdk-21\bin\zip.dll
0x000001a3427d0000 - 0x000001a3427d3000 	C:\Users\edy14\.openjfx\cache\23.0.2+3\amd64\api-ms-win-core-console-l1-1-0.dll
0x000001a3444c0000 - 0x000001a3444c3000 	C:\Users\edy14\.openjfx\cache\23.0.2+3\amd64\api-ms-win-core-console-l1-2-0.dll
0x000001a3444d0000 - 0x000001a3444d3000 	C:\Users\edy14\.openjfx\cache\23.0.2+3\amd64\api-ms-win-core-datetime-l1-1-0.dll
0x000001a3444e0000 - 0x000001a3444e3000 	C:\Users\edy14\.openjfx\cache\23.0.2+3\amd64\api-ms-win-core-debug-l1-1-0.dll
0x000001a3444f0000 - 0x000001a3444f3000 	C:\Users\edy14\.openjfx\cache\23.0.2+3\amd64\api-ms-win-core-errorhandling-l1-1-0.dll
0x000001a344500000 - 0x000001a344504000 	C:\Users\edy14\.openjfx\cache\23.0.2+3\amd64\api-ms-win-core-file-l1-1-0.dll
0x000001a344510000 - 0x000001a344513000 	C:\Users\edy14\.openjfx\cache\23.0.2+3\amd64\api-ms-win-core-file-l1-2-0.dll
0x000001a344520000 - 0x000001a344523000 	C:\Users\edy14\.openjfx\cache\23.0.2+3\amd64\api-ms-win-core-file-l2-1-0.dll
0x000001a344530000 - 0x000001a344533000 	C:\Users\edy14\.openjfx\cache\23.0.2+3\amd64\api-ms-win-core-handle-l1-1-0.dll
0x000001a344540000 - 0x000001a344543000 	C:\Users\edy14\.openjfx\cache\23.0.2+3\amd64\api-ms-win-core-heap-l1-1-0.dll
0x000001a344550000 - 0x000001a344553000 	C:\Users\edy14\.openjfx\cache\23.0.2+3\amd64\api-ms-win-core-interlocked-l1-1-0.dll
0x000001a344560000 - 0x000001a344563000 	C:\Users\edy14\.openjfx\cache\23.0.2+3\amd64\api-ms-win-core-libraryloader-l1-1-0.dll
0x000001a344570000 - 0x000001a344573000 	C:\Users\edy14\.openjfx\cache\23.0.2+3\amd64\api-ms-win-core-localization-l1-2-0.dll
0x000001a344580000 - 0x000001a344583000 	C:\Users\edy14\.openjfx\cache\23.0.2+3\amd64\api-ms-win-core-memory-l1-1-0.dll
0x000001a360a20000 - 0x000001a360a23000 	C:\Users\edy14\.openjfx\cache\23.0.2+3\amd64\api-ms-win-core-namedpipe-l1-1-0.dll
0x000001a360a30000 - 0x000001a360a33000 	C:\Users\edy14\.openjfx\cache\23.0.2+3\amd64\api-ms-win-core-processenvironment-l1-1-0.dll
0x000001a360a40000 - 0x000001a360a43000 	C:\Users\edy14\.openjfx\cache\23.0.2+3\amd64\api-ms-win-core-processthreads-l1-1-0.dll
0x000001a360a50000 - 0x000001a360a53000 	C:\Users\edy14\.openjfx\cache\23.0.2+3\amd64\api-ms-win-core-processthreads-l1-1-1.dll
0x000001a360a60000 - 0x000001a360a63000 	C:\Users\edy14\.openjfx\cache\23.0.2+3\amd64\api-ms-win-core-profile-l1-1-0.dll
0x000001a360a70000 - 0x000001a360a73000 	C:\Users\edy14\.openjfx\cache\23.0.2+3\amd64\api-ms-win-core-rtlsupport-l1-1-0.dll
0x000001a360a80000 - 0x000001a360a83000 	C:\Users\edy14\.openjfx\cache\23.0.2+3\amd64\api-ms-win-core-string-l1-1-0.dll
0x000001a360a90000 - 0x000001a360a93000 	C:\Users\edy14\.openjfx\cache\23.0.2+3\amd64\api-ms-win-core-synch-l1-1-0.dll
0x000001a360aa0000 - 0x000001a360aa3000 	C:\Users\edy14\.openjfx\cache\23.0.2+3\amd64\api-ms-win-core-synch-l1-2-0.dll
0x000001a360ab0000 - 0x000001a360ab3000 	C:\Users\edy14\.openjfx\cache\23.0.2+3\amd64\api-ms-win-core-sysinfo-l1-1-0.dll
0x000001a360ac0000 - 0x000001a360ac3000 	C:\Users\edy14\.openjfx\cache\23.0.2+3\amd64\api-ms-win-core-timezone-l1-1-0.dll
0x000001a360ad0000 - 0x000001a360ad3000 	C:\Users\edy14\.openjfx\cache\23.0.2+3\amd64\api-ms-win-core-util-l1-1-0.dll
0x000001a360ae0000 - 0x000001a360ae3000 	C:\Users\edy14\.openjfx\cache\23.0.2+3\amd64\api-ms-win-crt-conio-l1-1-0.dll
0x000001a360af0000 - 0x000001a360af4000 	C:\Users\edy14\.openjfx\cache\23.0.2+3\amd64\api-ms-win-crt-convert-l1-1-0.dll
0x000001a360b00000 - 0x000001a360b03000 	C:\Users\edy14\.openjfx\cache\23.0.2+3\amd64\api-ms-win-crt-environment-l1-1-0.dll
0x000001a360b10000 - 0x000001a360b13000 	C:\Users\edy14\.openjfx\cache\23.0.2+3\amd64\api-ms-win-crt-filesystem-l1-1-0.dll
0x000001a360b20000 - 0x000001a360b23000 	C:\Users\edy14\.openjfx\cache\23.0.2+3\amd64\api-ms-win-crt-heap-l1-1-0.dll
0x000001a360b30000 - 0x000001a360b33000 	C:\Users\edy14\.openjfx\cache\23.0.2+3\amd64\api-ms-win-crt-locale-l1-1-0.dll
0x000001a360b40000 - 0x000001a360b45000 	C:\Users\edy14\.openjfx\cache\23.0.2+3\amd64\api-ms-win-crt-math-l1-1-0.dll
0x000001a360b50000 - 0x000001a360b55000 	C:\Users\edy14\.openjfx\cache\23.0.2+3\amd64\api-ms-win-crt-multibyte-l1-1-0.dll
0x000001a360b60000 - 0x000001a360b70000 	C:\Users\edy14\.openjfx\cache\23.0.2+3\amd64\api-ms-win-crt-private-l1-1-0.dll
0x000001a360b70000 - 0x000001a360b73000 	C:\Users\edy14\.openjfx\cache\23.0.2+3\amd64\api-ms-win-crt-process-l1-1-0.dll
0x000001a360b80000 - 0x000001a360b84000 	C:\Users\edy14\.openjfx\cache\23.0.2+3\amd64\api-ms-win-crt-runtime-l1-1-0.dll
0x000001a360b90000 - 0x000001a360b94000 	C:\Users\edy14\.openjfx\cache\23.0.2+3\amd64\api-ms-win-crt-stdio-l1-1-0.dll
0x000001a360ba0000 - 0x000001a360ba4000 	C:\Users\edy14\.openjfx\cache\23.0.2+3\amd64\api-ms-win-crt-string-l1-1-0.dll
0x000001a360bb0000 - 0x000001a360bb3000 	C:\Users\edy14\.openjfx\cache\23.0.2+3\amd64\api-ms-win-crt-time-l1-1-0.dll
0x000001a360bc0000 - 0x000001a360bc3000 	C:\Users\edy14\.openjfx\cache\23.0.2+3\amd64\api-ms-win-crt-utility-l1-1-0.dll
0x00007fffbed10000 - 0x00007fffbee0c000 	C:\Users\edy14\.openjfx\cache\23.0.2+3\amd64\ucrtbase.dll
0x00007fffe8d10000 - 0x00007fffe8d2b000 	C:\Users\edy14\.openjfx\cache\23.0.2+3\amd64\vcruntime140.dll
0x00007ffff79c0000 - 0x00007ffff79cc000 	C:\Users\edy14\.openjfx\cache\23.0.2+3\amd64\vcruntime140_1.dll
0x00007fffc3e80000 - 0x00007fffc3f0e000 	C:\Users\edy14\.openjfx\cache\23.0.2+3\amd64\msvcp140.dll
0x00007ffff5bd0000 - 0x00007ffff5bd9000 	C:\Users\edy14\.openjfx\cache\23.0.2+3\amd64\msvcp140_1.dll
0x00007fffd9000000 - 0x00007fffd9041000 	C:\Users\edy14\.openjfx\cache\23.0.2+3\amd64\msvcp140_2.dll
0x00007fffdf950000 - 0x00007fffdf980000 	C:\Users\edy14\.openjfx\cache\23.0.2+3\amd64\prism_d3d.dll
0x00007fffa8150000 - 0x00007fffa830a000 	C:\WINDOWS\system32\d3d9.dll
0x00007ff80b9b0000 - 0x00007ff80b9e6000 	C:\WINDOWS\SYSTEM32\dwmapi.dll
0x00007ff80b960000 - 0x00007ff80b9ad000 	C:\WINDOWS\SYSTEM32\dxcore.dll
0x00007ff80b760000 - 0x00007ff80b80f000 	C:\WINDOWS\system32\uxtheme.dll
0x00007fff91900000 - 0x00007fff95144000 	C:\WINDOWS\System32\DriverStore\FileRepository\u0413130.inf_amd64_8794407b7bd265d7\B412889\amdxn64.dll
0x00007ff810730000 - 0x00007ff8108ce000 	C:\WINDOWS\System32\ole32.dll
0x00007ff80f210000 - 0x00007ff80f696000 	C:\WINDOWS\System32\SETUPAPI.dll
0x00007ff807d30000 - 0x00007ff807e68000 	C:\WINDOWS\SYSTEM32\dxgi.dll
0x00007ff807be0000 - 0x00007ff807c44000 	C:\WINDOWS\SYSTEM32\directxdatabasehelper.dll
0x00007ff80dfd0000 - 0x00007ff80e027000 	C:\WINDOWS\SYSTEM32\cfgmgr32.dll
0x00007ff80e370000 - 0x00007ff80e396000 	C:\WINDOWS\SYSTEM32\BCrypt.dll
0x00007ff801f60000 - 0x00007ff801f97000 	C:\WINDOWS\System32\DriverStore\FileRepository\u0413130.inf_amd64_8794407b7bd265d7\B412889\amdihk64.dll
0x00007fffd5310000 - 0x00007fffd5355000 	C:\Users\edy14\.openjfx\cache\23.0.2+3\amd64\glass.dll
0x00007ff8110a0000 - 0x00007ff811198000 	C:\WINDOWS\System32\COMDLG32.dll
0x00007ff80fff0000 - 0x00007ff810150000 	C:\WINDOWS\System32\MSCTF.dll
0x00007ff80f0e0000 - 0x00007ff80f188000 	C:\WINDOWS\System32\clbcatq.dll
0x00007ffffa8f0000 - 0x00007ffffaa49000 	C:\Windows\System32\Windows.UI.dll
0x00007ffff99c0000 - 0x00007ffff9b0c000 	C:\Windows\System32\Windows.UI.Immersive.dll
0x00007fffdef60000 - 0x00007fffdef75000 	C:\Users\edy14\.openjfx\cache\23.0.2+3\amd64\javafx_font.dll
0x00007ff80a760000 - 0x00007ff80a9cb000 	C:\WINDOWS\SYSTEM32\dwrite.dll
0x00007ffffa1f0000 - 0x00007ffffa200000 	C:\Program Files\Java\jdk-21\bin\verify.dll
0x00007ffff07b0000 - 0x00007ffff07b9000 	C:\Program Files\Java\jdk-21\bin\extnet.dll
0x00007fffec400000 - 0x00007fffec40e000 	C:\Program Files\Java\jdk-21\bin\sunmscapi.dll
0x00007ff80eaf0000 - 0x00007ff80ec67000 	C:\WINDOWS\System32\CRYPT32.dll
0x00007ff80dc90000 - 0x00007ff80dcc0000 	C:\WINDOWS\SYSTEM32\ncrypt.dll
0x00007ff80dc40000 - 0x00007ff80dc7f000 	C:\WINDOWS\SYSTEM32\NTASN1.dll
0x00007ff80da70000 - 0x00007ff80da8b000 	C:\WINDOWS\SYSTEM32\CRYPTSP.dll
0x00007ff80d190000 - 0x00007ff80d1cb000 	C:\WINDOWS\system32\rsaenh.dll
0x00007ff80d860000 - 0x00007ff80d88b000 	C:\WINDOWS\SYSTEM32\USERENV.dll
0x00007ff80da90000 - 0x00007ff80da9c000 	C:\WINDOWS\SYSTEM32\CRYPTBASE.dll
0x00007ff80cc90000 - 0x00007ff80ccc3000 	C:\WINDOWS\SYSTEM32\IPHLPAPI.DLL
0x00007ff8112f0000 - 0x00007ff8112fa000 	C:\WINDOWS\System32\NSI.dll

dbghelp: loaded successfully - version: 4.0.5 - missing functions: none
symbol engine: initialized successfully - sym options: 0x614 - pdb path: .;C:\Program Files\Java\jdk-21\bin;C:\WINDOWS\SYSTEM32;C:\WINDOWS\WinSxS\amd64_microsoft.windows.common-controls_6595b64144ccf1df_6.0.26100.4484_none_3e0e6d4ce32ef3b3;C:\Program Files\Java\jdk-21\bin\server;C:\Users\edy14\.openjfx\cache\23.0.2+3\amd64;C:\WINDOWS\System32\DriverStore\FileRepository\u0413130.inf_amd64_8794407b7bd265d7\B412889

VM Arguments:
jvm_args: --module-path=C:\Users\edy14\.m2\repository\org\openjfx\javafx-base\23.0.2\javafx-base-23.0.2-win.jar;C:\Users\edy14\.m2\repository\org\openjfx\javafx-base\23.0.2\javafx-base-23.0.2.jar;C:\Users\edy14\.m2\repository\org\openjfx\javafx-controls\23.0.2\javafx-controls-23.0.2-win.jar;C:\Users\edy14\.m2\repository\org\openjfx\javafx-controls\23.0.2\javafx-controls-23.0.2.jar;C:\Users\edy14\.m2\repository\org\openjfx\javafx-fxml\23.0.2\javafx-fxml-23.0.2-win.jar;C:\Users\edy14\.m2\repository\org\openjfx\javafx-fxml\23.0.2\javafx-fxml-23.0.2.jar;C:\Users\edy14\.m2\repository\org\openjfx\javafx-graphics\23.0.2\javafx-graphics-23.0.2-win.jar;C:\Users\edy14\.m2\repository\org\openjfx\javafx-graphics\23.0.2\javafx-graphics-23.0.2.jar --add-modules=javafx.base,javafx.controls,javafx.fxml,javafx.graphics 
java_command: org.kevinramirez.system.Main
java_class_path (initial): C:\MavenStore\target\classes;C:\Users\edy14\.m2\repository\mysql\mysql-connector-java\5.1.47\mysql-connector-java-5.1.47.jar;C:\Users\edy14\.m2\repository\org\json\json\20230227\json-20230227.jar
Launcher Type: SUN_STANDARD

[Global flags]
     intx CICompilerCount                          = 4                                         {product} {ergonomic}
     uint ConcGCThreads                            = 2                                         {product} {ergonomic}
     uint G1ConcRefinementThreads                  = 8                                         {product} {ergonomic}
   size_t G1HeapRegionSize                         = 1048576                                   {product} {ergonomic}
    uintx GCDrainStackTargetSize                   = 64                                        {product} {ergonomic}
   size_t InitialHeapSize                          = 96468992                                  {product} {ergonomic}
   size_t MarkStackSize                            = 4194304                                   {product} {ergonomic}
   size_t MaxHeapSize                              = 1541406720                                {product} {ergonomic}
   size_t MaxNewSize                               = 924844032                                 {product} {ergonomic}
   size_t MinHeapDeltaBytes                        = 1048576                                   {product} {ergonomic}
   size_t MinHeapSize                              = 8388608                                   {product} {ergonomic}
    uintx NonNMethodCodeHeapSize                   = 5839372                                {pd product} {ergonomic}
    uintx NonProfiledCodeHeapSize                  = 122909434                              {pd product} {ergonomic}
    uintx ProfiledCodeHeapSize                     = 122909434                              {pd product} {ergonomic}
    uintx ReservedCodeCacheSize                    = 251658240                              {pd product} {ergonomic}
     bool SegmentedCodeCache                       = true                                      {product} {ergonomic}
   size_t SoftMaxHeapSize                          = 1541406720                             {manageable} {ergonomic}
     bool UseCompressedOops                        = true                           {product lp64_product} {ergonomic}
     bool UseG1GC                                  = true                                      {product} {ergonomic}
     bool UseLargePagesIndividualAllocation        = false                                  {pd product} {ergonomic}

Logging:
Log output configuration:
 #0: stdout all=warning uptime,level,tags foldmultilines=false
 #1: stderr all=off uptime,level,tags foldmultilines=false

Environment Variables:
JAVA_HOME=C:\Program Files\Java\jdk-21
PATH=C:\Program Files\Common Files\Oracle\Java\javapath;C:\Program Files (x86)\Common Files\Oracle\Java\javapath;C:\WINDOWS\system32;C:\WINDOWS;C:\WINDOWS\System32\Wbem;C:\WINDOWS\System32\WindowsPowerShell\v1.0\;C:\WINDOWS\System32\OpenSSH\;C:\Program Files\PuTTY\;C:\Program Files\GitHub CLI\;C:\Program Files\Git\cmd;C:\Program Files\MySQL\MySQL Shell 8.0\bin\;C:\Users\edy14\AppData\Local\Microsoft\WindowsApps;C:\Users\edy14\AppData\Local\Programs\Microsoft VS Code\bin;
USERNAME=edy14
OS=Windows_NT
PROCESSOR_IDENTIFIER=AMD64 Family 23 Model 160 Stepping 0, AuthenticAMD
TMP=C:\Users\edy14\AppData\Local\Temp
TEMP=C:\Users\edy14\AppData\Local\Temp




Periodic native trim disabled

---------------  S Y S T E M  ---------------

OS:
 Windows 11 , 64 bit Build 26100 (10.0.26100.4484)
OS uptime: 8 days 6:26 hours
Hyper-V role detected

CPU: total 8 (initial active 8) (8 cores per cpu, 2 threads per core) family 23 model 160 stepping 0 microcode 0x8a00006, cx8, cmov, fxsr, ht, mmx, 3dnowpref, sse, sse2, sse3, ssse3, sse4a, sse4.1, sse4.2, popcnt, lzcnt, tsc, tscinvbit, avx, avx2, aes, clmul, bmi1, bmi2, adx, sha, fma, vzeroupper, clflush, clflushopt, hv, rdtscp, rdpid, f16c
Processor Information for all 8 processors :
  Max Mhz: 2801, Current Mhz: 2801, Mhz Limit: 2801

Memory: 4k page, system-wide physical 5877M (235M free)
TotalPageFile size 24309M (AvailPageFile size 10M)
current process WorkingSet (physical memory assigned to process): 182M, peak: 182M
current process commit charge ("private bytes"): 275M, peak: 275M

vm_info: Java HotSpot(TM) 64-Bit Server VM (21.0.5+9-LTS-239) for windows-amd64 JRE (21.0.5+9-LTS-239), built on 2024-09-30T05:17:38Z by "mach5one" with MS VC++ 17.6 (VS2022)

END.
